#
# A fatal error has been detected by the Java Runtime Environment:
#
#  EXCEPTION_ACCESS_VIOLATION (0xc0000005) at pc=0x000000006d788b78, pid=5908, tid=6280
#
# JRE version: 6.0_17-b04
# Java VM: Java HotSpot(TM) 64-Bit Server VM (14.3-b01 mixed mode windows-amd64 )
# Problematic frame:
# C  0x000000006d788b78
#
# If you would like to submit a bug report, please visit:
#   http://java.sun.com/webapps/bugreport/crash.jsp
# The crash happened outside the Java Virtual Machine in native code.
# See problematic frame for where to report the bug.
#

---------------  T H R E A D  ---------------

Current thread (0x00000000555de800):  JavaThread "Thread-1569" [_thread_in_native, id=6280, stack(0x0000000035a70000,0x0000000035af0000)]

siginfo: ExceptionCode=0xc0000005, reading address 0x0000000000000013

Registers:
EAX=0x0000000000016f23, EBX=0x0000000000000002, ECX=0x0000000016f23a40, EDX=0x0000000000000018
ESP=0x0000000035aed530, EBP=0x0000000016f23000, ESI=0x0000000016f23000, EDI=0x0000000000000000
EIP=0x000000006d788b78, EFLAGS=0x0000000000010202

Top of Stack: (sp=0x0000000035aed530)
0x0000000035aed530:   0000000018245450 0000000018245450
0x0000000035aed540:   0000000000000000 0000000035aed638
0x0000000035aed550:   0000000000000000 0000000035aed638
0x0000000035aed560:   0000000000000000 0000000004060000
0x0000000035aed570:   0000000000000001 000000006d789093
0x0000000035aed580:   0000000000000002 0000000016f23a40
0x0000000035aed590:   0000000017fd97d8 0000000004060000
0x0000000035aed5a0:   0000000008bb2d00 000007fef8a05c1c
0x0000000035aed5b0:   0000000000000000 0000000016d15a00
0x0000000035aed5c0:   0000000008bb2d00 0000000000000000
0x0000000035aed5d0:   0000000000000000 0000000000000000
0x0000000035aed5e0:   0000000008bb2d00 0000000000000001
0x0000000035aed5f0:   0000000008bb2d00 000007fef8a0963d
0x0000000035aed600:   0000000000000000 0000000017fd97d8
0x0000000035aed610:   0000000000000001 0000000008bb2d00
0x0000000035aed620:   0000000000000000 0000000018245450 

Instructions: (pc=0x000000006d788b78)
0x000000006d788b68:   00 75 28 49 8b 9c de d8 08 00 00 48 85 db 74 20
0x000000006d788b78:   0f b6 43 11 41 3b c0 75 17 41 83 f8 01 0f 85 80 


Stack: [0x0000000035a70000,0x0000000035af0000],  sp=0x0000000035aed530,  free space=501k
Native frames: (J=compiled Java code, j=interpreted, Vv=VM code, C=native code)
C  0x000000006d788b78

Java frames: (J=compiled Java code, j=interpreted, Vv=VM code)
j  com.mathworks.util.NativeJava.createWindowsFileDialogMulti(JZLjava/lang/String;Ljava/lang/String;Ljava/lang/String;Ljava/lang/String;ZZLjava/lang/String;I)Ljava/lang/String;+0
j  com.mathworks.mwswing.MJFileChooserPerPlatform$RunnableWindowsDispatch.run()V+51
j  java.lang.Thread.run()V+11
v  ~StubRoutines::call_stub

---------------  P R O C E S S  ---------------

Java Threads: ( => current thread )
=>0x00000000555de800 JavaThread "Thread-1569" [_thread_in_native, id=6280, stack(0x0000000035a70000,0x0000000035af0000)]
  0x000000005ecd8000 JavaThread "Code Analyzer updating thread" [_thread_blocked, id=9304, stack(0x0000000016c30000,0x0000000016cb0000)]
  0x000000005ecd3000 JavaThread "Explorer NavigationContext request queue" [_thread_blocked, id=3648, stack(0x00000000169d0000,0x0000000016a50000)]
  0x000000005ecd4800 JavaThread "Code Analyzer updating thread" [_thread_blocked, id=5692, stack(0x0000000029070000,0x00000000290f0000)]
  0x000000005ecd9800 JavaThread "Code Analyzer updating thread" [_thread_blocked, id=3608, stack(0x0000000016890000,0x0000000016910000)]
  0x000000005ecd7800 JavaThread "Code Analyzer updating thread" [_thread_blocked, id=5628, stack(0x00000000210a0000,0x0000000021120000)]
  0x000000005ecd8800 JavaThread "Code Analyzer updating thread" [_thread_blocked, id=1388, stack(0x0000000015a80000,0x0000000015b00000)]
  0x00000000555d8000 JavaThread "Prefs Updater" daemon [_thread_blocked, id=7892, stack(0x00000000155e0000,0x0000000015660000)]
  0x00000000555d5800 JavaThread "Swing-Shell" daemon [_thread_blocked, id=5312, stack(0x0000000015450000,0x00000000154d0000)]
  0x000000005530d800 JavaThread "Foxtrot Single Worker Thread #1" daemon [_thread_blocked, id=8728, stack(0x0000000015020000,0x00000000150a0000)]
  0x000000005ecd5000 JavaThread "Active Reference Queue Daemon" daemon [_thread_blocked, id=5084, stack(0x0000000063190000,0x0000000063210000)]
  0x000000005ecd6000 JavaThread "Timer-9" daemon [_thread_blocked, id=7256, stack(0x000000005c580000,0x000000005c600000)]
  0x000000005ecd6800 JavaThread "Timer-8" daemon [_thread_blocked, id=8232, stack(0x0000000062f00000,0x0000000062f80000)]
  0x000000005ecd2000 JavaThread "AddressBar directory emptiness poller" [_thread_blocked, id=8600, stack(0x000000005fca0000,0x000000005fd20000)]
  0x0000000055311000 JavaThread "Explorer Refresh Service 672937452" [_thread_blocked, id=5664, stack(0x0000000062dc0000,0x0000000062e40000)]
  0x000000005530f800 JavaThread "Timer-1" daemon [_thread_blocked, id=5432, stack(0x00000000558f0000,0x0000000055970000)]
  0x000000005530c800 JavaThread "TimerQueue" daemon [_thread_blocked, id=8244, stack(0x000000000feb0000,0x000000000ff30000)]
  0x000000005530c000 JavaThread "Thread-5" daemon [_thread_blocked, id=8528, stack(0x000000000fcc0000,0x000000000fd40000)]
  0x000000005530b000 JavaThread "AWT-EventQueue-0" [_thread_blocked, id=6524, stack(0x000000000ef20000,0x000000000efa0000)]
  0x000000005530a800 JavaThread "AWT-Shutdown" [_thread_blocked, id=8228, stack(0x000000001cf50000,0x000000001cfd0000)]
  0x0000000055309800 JavaThread "FelixPackageAdmin" daemon [_thread_blocked, id=6860, stack(0x0000000035330000,0x00000000353b0000)]
  0x000000005536a800 JavaThread "FelixStartLevel" daemon [_thread_blocked, id=1000, stack(0x000000000ff30000,0x000000000ffb0000)]
  0x0000000055386800 JavaThread "FelixDispatchQueue" daemon [_thread_blocked, id=3700, stack(0x0000000021020000,0x00000000210a0000)]
  0x0000000055028800 JavaThread "com.google.common.base.internal.Finalizer" daemon [_thread_blocked, id=8352, stack(0x000000000edd0000,0x000000000ee50000)]
  0x0000000054f33000 JavaThread "AWT-Windows" daemon [_thread_in_native, id=4740, stack(0x000000000fc10000,0x000000000fc90000)]
  0x0000000054f31800 JavaThread "Java2D Disposer" daemon [_thread_blocked, id=8256, stack(0x000000000eea0000,0x000000000ef20000)]
  0x0000000054b88000 JavaThread "Timer-0" [_thread_blocked, id=8252, stack(0x000000000a300000,0x000000000a380000)]
  0x0000000054ac3800 JavaThread "EventMgr Dispatcher" daemon [_thread_in_native, id=3904, stack(0x000000000a670000,0x000000000e670000)]
  0x000000000a17e800 JavaThread "Low Memory Detector" daemon [_thread_blocked, id=6336, stack(0x000000000ed50000,0x000000000edd0000)]
  0x000000000a178000 JavaThread "CompilerThread1" daemon [_thread_blocked, id=5960, stack(0x000000009c9e0000,0x00000000a09e0000)]
  0x000000000a172000 JavaThread "CompilerThread0" daemon [_thread_blocked, id=5824, stack(0x00000000989d0000,0x000000009c9d0000)]
  0x000000000a171000 JavaThread "Attach Listener" daemon [_thread_blocked, id=7588, stack(0x000000000a1b0000,0x000000000a230000)]
  0x000000000a113000 JavaThread "Finalizer" daemon [_thread_blocked, id=3768, stack(0x000000000a250000,0x000000000a2d0000)]
  0x000000000a10e000 JavaThread "Reference Handler" daemon [_thread_blocked, id=7708, stack(0x0000000009ea0000,0x0000000009f20000)]
  0x0000000005ae7000 JavaThread "main" [_thread_in_native, id=6504, stack(0x0000000000040000,0x0000000004040000)]

Other Threads:
  0x000000000a109000 VMThread [stack: 0x0000000094820000,0x0000000098820000] [id=7180]
  0x000000000a1ac000 WatcherThread [stack: 0x00000000a0b20000,0x00000000a4b20000] [id=5500]

VM state:not at safepoint (normal execution)

VM Mutex/Monitor currently owned by a thread: None

Heap
 PSYoungGen      total 45824K, used 22950K [0x000000004d730000, 0x0000000050830000, 0x0000000050830000)
  eden space 41600K, 49% used [0x000000004d730000,0x000000004eb709d8,0x000000004ffd0000)
  from space 4224K, 52% used [0x0000000050410000,0x0000000050638f90,0x0000000050830000)
  to   space 4288K, 0% used [0x000000004ffd0000,0x000000004ffd0000,0x0000000050400000)
 PSOldGen        total 150528K, used 146115K [0x0000000044430000, 0x000000004d730000, 0x000000004d730000)
  object space 150528K, 97% used [0x0000000044430000,0x000000004d2e0da8,0x000000004d730000)
 PSPermGen       total 90560K, used 68915K [0x000000003c430000, 0x0000000041ca0000, 0x0000000044430000)
  object space 90560K, 76% used [0x000000003c430000,0x000000004077cd90,0x0000000041ca0000)

Dynamic libraries:
0x000000013f180000 - 0x000000013f1ad000 	C:\Program Files\MATLAB\R2012b\bin\win64\MATLAB.exe
0x0000000077600000 - 0x00000000777a9000 	C:\Windows\SYSTEM32\ntdll.dll
0x00000000774e0000 - 0x00000000775ff000 	C:\Windows\system32\kernel32.dll
0x000007fefd730000 - 0x000007fefd79b000 	C:\Windows\system32\KERNELBASE.dll
0x0000000074460000 - 0x000000007451f000 	C:\Program Files\MATLAB\R2012b\bin\win64\libut.dll
0x00000000758a0000 - 0x000000007595c000 	C:\Program Files\MATLAB\R2012b\bin\win64\libmwi18n.dll
0x0000000180000000 - 0x000000018000b000 	C:\Program Files\MATLAB\R2012b\bin\win64\libmwresource_core.dll
0x0000000072890000 - 0x0000000072963000 	C:\Windows\WinSxS\amd64_microsoft.vc90.crt_1fc8b3b9a1e18e3b_9.0.30729.6161_none_08e61857a83bc251\MSVCP90.dll
0x00000000727e0000 - 0x0000000072883000 	C:\Windows\WinSxS\amd64_microsoft.vc90.crt_1fc8b3b9a1e18e3b_9.0.30729.6161_none_08e61857a83bc251\MSVCR90.dll
0x000000007a170000 - 0x000000007a19c000 	C:\Program Files\MATLAB\R2012b\bin\win64\boost_filesystem-vc90-mt-1_44.dll
0x000000007a560000 - 0x000000007a569000 	C:\Program Files\MATLAB\R2012b\bin\win64\boost_system-vc90-mt-1_44.dll
0x000007fefdac0000 - 0x000007fefdb9b000 	C:\Windows\system32\ADVAPI32.dll
0x000007fefda00000 - 0x000007fefda9f000 	C:\Windows\system32\msvcrt.dll
0x000007fefdaa0000 - 0x000007fefdabf000 	C:\Windows\SYSTEM32\sechost.dll
0x000007fefed10000 - 0x000007fefee3d000 	C:\Windows\system32\RPCRT4.dll
0x000000007a010000 - 0x000000007a035000 	C:\Program Files\MATLAB\R2012b\bin\win64\LIBEXPAT.dll
0x0000000060a00000 - 0x0000000060bf1000 	C:\Program Files\MATLAB\R2012b\bin\win64\icuin44.dll
0x0000000060c80000 - 0x0000000060df1000 	C:\Program Files\MATLAB\R2012b\bin\win64\icuuc44.dll
0x0000000010000000 - 0x0000000010e41000 	C:\Program Files\MATLAB\R2012b\bin\win64\icudt44.dll
0x0000000073f70000 - 0x000000007411d000 	C:\Program Files\MATLAB\R2012b\bin\win64\libmwfl.dll
0x0000000004250000 - 0x0000000004606000 	C:\Program Files\MATLAB\R2012b\bin\win64\libmwMATLAB_res.dll
0x000000007a3b0000 - 0x000000007a3c0000 	C:\Program Files\MATLAB\R2012b\bin\win64\boost_date_time-vc90-mt-1_44.dll
0x000000007a250000 - 0x000000007a263000 	C:\Program Files\MATLAB\R2012b\bin\win64\boost_signals-vc90-mt-1_44.dll
0x000000007a2d0000 - 0x000000007a2e2000 	C:\Program Files\MATLAB\R2012b\bin\win64\boost_thread-vc90-mt-1_44.dll
0x0000000004650000 - 0x000000000470d000 	C:\Program Files\MATLAB\R2012b\bin\win64\boost_log-vc90-mt-1_44.dll
0x00000000777c0000 - 0x00000000777c7000 	C:\Windows\system32\PSAPI.DLL
0x000007fefe960000 - 0x000007fefe9ad000 	C:\Windows\system32\WS2_32.dll
0x000007feff310000 - 0x000007feff318000 	C:\Windows\system32\NSI.dll
0x0000000004720000 - 0x0000000004766000 	C:\Program Files\MATLAB\R2012b\bin\win64\tbb.dll
0x000007feff2e0000 - 0x000007feff2f9000 	C:\Windows\system32\imagehlp.dll
0x0000000069e20000 - 0x0000000069e33000 	C:\Program Files\MATLAB\R2012b\bin\win64\icuio44.dll
0x000007fef7950000 - 0x000007fef7a75000 	C:\Windows\system32\dbghelp.dll
0x00000000773e0000 - 0x00000000774da000 	C:\Windows\system32\USER32.dll
0x000007feff150000 - 0x000007feff1b7000 	C:\Windows\system32\GDI32.dll
0x000007feff300000 - 0x000007feff30e000 	C:\Windows\system32\LPK.dll
0x000007fefec40000 - 0x000007fefed09000 	C:\Windows\system32\USP10.dll
0x0000000004790000 - 0x0000000004a6c000 	C:\Program Files\MATLAB\R2012b\bin\win64\libmwservices.dll
0x0000000075a20000 - 0x0000000075af3000 	C:\Program Files\MATLAB\R2012b\bin\win64\libmx.dll
0x0000000004a90000 - 0x0000000004ab9000 	C:\Program Files\MATLAB\R2012b\bin\win64\tbbmalloc.dll
0x000000007a210000 - 0x000000007a228000 	C:\Program Files\MATLAB\R2012b\bin\win64\zlib1.dll
0x0000000004ae0000 - 0x0000000004b2d000 	C:\Program Files\MATLAB\R2012b\bin\win64\libmwregexp.dll
0x0000000004b40000 - 0x0000000004b63000 	C:\Program Files\MATLAB\R2012b\bin\win64\libmwmfl_scalar.dll
0x0000000075f10000 - 0x0000000075f60000 	C:\Program Files\MATLAB\R2012b\bin\win64\mpath.dll
0x000000007b680000 - 0x000000007bc9a000 	C:\Program Files\MATLAB\R2012b\bin\win64\mlutil.dll
0x00000000754d0000 - 0x0000000075551000 	C:\Program Files\MATLAB\R2012b\bin\win64\xmlcore.dll
0x0000000004bb0000 - 0x0000000004e03000 	C:\Program Files\MATLAB\R2012b\bin\win64\xerces-c_2_7.dll
0x0000000004e20000 - 0x0000000004e40000 	C:\Program Files\MATLAB\R2012b\bin\win64\libmwMATLAB_settings_res.dll
0x0000000004e50000 - 0x0000000004e60000 	C:\Program Files\MATLAB\R2012b\bin\win64\boost_iostreams-vc90-mt-1_44.dll
0x0000000004e70000 - 0x0000000004eb7000 	C:\Program Files\MATLAB\R2012b\bin\win64\boost_serialization-vc90-mt-1_44.dll
0x000007fefdba0000 - 0x000007fefe928000 	C:\Windows\system32\SHELL32.dll
0x000007feff0d0000 - 0x000007feff141000 	C:\Windows\system32\SHLWAPI.dll
0x000007fefa2d0000 - 0x000007fefa370000 	C:\Windows\WinSxS\amd64_microsoft.windows.common-controls_6595b64144ccf1df_5.82.7601.18201_none_a4d3b9377117c3df\COMCTL32.dll
0x000007feff1c0000 - 0x000007feff257000 	C:\Windows\system32\COMDLG32.dll
0x000007fefc860000 - 0x000007fefc876000 	C:\Windows\system32\NETAPI32.dll
0x000007fefce50000 - 0x000007fefce5c000 	C:\Windows\system32\netutils.dll
0x000007fefcee0000 - 0x000007fefcf03000 	C:\Windows\system32\srvcli.dll
0x000007fefc840000 - 0x000007fefc855000 	C:\Windows\system32\wkscli.dll
0x000007feff700000 - 0x000007feff903000 	C:\Windows\system32\ole32.dll
0x000007fefd810000 - 0x000007fefd8e7000 	C:\Windows\system32\OLEAUT32.dll
0x0000000074970000 - 0x0000000074a31000 	C:\Program Files\MATLAB\R2012b\bin\win64\mcr.dll
0x0000000075000000 - 0x00000000753e9000 	C:\Program Files\MATLAB\R2012b\bin\win64\iqm.dll
0x0000000074e80000 - 0x0000000074f38000 	C:\Program Files\MATLAB\R2012b\bin\win64\m_dispatcher.dll
0x0000000074880000 - 0x000000007496d000 	C:\Program Files\MATLAB\R2012b\bin\win64\boost_regex-vc90-mt-1_44.dll
0x000007fee9910000 - 0x000007feea181000 	C:\Program Files\MATLAB\R2012b\bin\win64\m_interpreter.dll
0x0000000069b50000 - 0x0000000069b77000 	C:\Program Files\MATLAB\R2012b\bin\win64\libmex.dll
0x0000000063e60000 - 0x0000000063ee4000 	C:\Program Files\MATLAB\R2012b\bin\win64\profiler.dll
0x0000000004f40000 - 0x00000000051aa000 	C:\Program Files\MATLAB\R2012b\bin\win64\libmwmathutil.dll
0x0000000079f40000 - 0x0000000079f6e000 	C:\Program Files\MATLAB\R2012b\bin\win64\libmwmathrng.dll
0x00000000051d0000 - 0x00000000051e2000 	C:\Program Files\MATLAB\R2012b\bin\win64\libmwmfl_rng.dll
0x0000000074c10000 - 0x0000000074cee000 	C:\Program Files\MATLAB\R2012b\bin\win64\libmwmathcore.dll
0x0000000076160000 - 0x00000000761ca000 	C:\Program Files\MATLAB\R2012b\bin\win64\libmwspmatrix.dll
0x0000000075ea0000 - 0x0000000075f02000 	C:\Program Files\MATLAB\R2012b\bin\win64\libmwcholmod.dll
0x000000007a460000 - 0x000000007a46d000 	C:\Program Files\MATLAB\R2012b\bin\win64\libmwamd.dll
0x000000007a4b0000 - 0x000000007a4bc000 	C:\Program Files\MATLAB\R2012b\bin\win64\libmwcolamd.dll
0x000000007a290000 - 0x000000007a2a9000 	C:\Program Files\MATLAB\R2012b\bin\win64\libmwblas.dll
0x000000007a310000 - 0x000000007a321000 	C:\Program Files\MATLAB\R2012b\bin\win64\libmwbinder.dll
0x000000007a4d0000 - 0x000000007a4dc000 	C:\Program Files\MATLAB\R2012b\bin\win64\libmwompwrapper.dll
0x0000000005280000 - 0x0000000005305000 	C:\Program Files\MATLAB\R2012b\bin\win64\libmwlapack.dll
0x0000000064cd0000 - 0x0000000064cf1000 	C:\Program Files\MATLAB\R2012b\bin\win64\m_pcodeio.dll
0x0000000079b10000 - 0x0000000079b77000 	C:\Program Files\MATLAB\R2012b\bin\win64\m_ir.dll
0x0000000060390000 - 0x0000000060a00000 	C:\Program Files\MATLAB\R2012b\bin\win64\m_parser.dll
0x000000006cd80000 - 0x000000006cd9a000 	C:\Program Files\MATLAB\R2012b\bin\win64\ir_xfmr.dll
0x000007feed5a0000 - 0x000007feed836000 	C:\Program Files\MATLAB\R2012b\bin\win64\mcos.dll
0x0000000069b30000 - 0x0000000069b41000 	C:\Program Files\MATLAB\R2012b\bin\win64\mtok.dll
0x00000000640a0000 - 0x00000000640d1000 	C:\Program Files\MATLAB\R2012b\bin\win64\m_pcodegen.dll
0x0000000079fb0000 - 0x0000000079fe6000 	C:\Program Files\MATLAB\R2012b\bin\win64\libmwbridge.dll
0x00000000602c0000 - 0x0000000060388000 	C:\Program Files\MATLAB\R2012b\bin\win64\udd.dll
0x0000000060160000 - 0x00000000602b2000 	C:\Program Files\MATLAB\R2012b\bin\win64\libmwgui.dll
0x0000000069960000 - 0x0000000069977000 	C:\Program Files\MATLAB\R2012b\bin\win64\graphics_util.dll
0x00000000564c0000 - 0x0000000056f1f000 	C:\Program Files\MATLAB\R2012b\bin\win64\hg.dll
0x00000000053e0000 - 0x0000000005448000 	C:\Program Files\MATLAB\R2012b\bin\win64\libmat.dll
0x0000000072d30000 - 0x0000000072f44000 	C:\Program Files\MATLAB\R2012b\bin\win64\hdf5dll.dll
0x0000000075710000 - 0x00000000757de000 	C:\Program Files\MATLAB\R2012b\bin\win64\jmi.dll
0x0000000005480000 - 0x000000000548d000 	C:\Program Files\MATLAB\R2012b\bin\win64\nativejava_services.dll
0x0000000063e10000 - 0x0000000063e56000 	C:\Program Files\MATLAB\R2012b\bin\win64\libmwhardcopy.dll
0x0000000060c10000 - 0x0000000060c73000 	C:\Program Files\MATLAB\R2012b\bin\win64\libuij.dll
0x000000005fef0000 - 0x0000000060154000 	C:\Program Files\MATLAB\R2012b\bin\win64\hgdatatypes.dll
0x000000005fdd0000 - 0x000000005feef000 	C:\Program Files\MATLAB\R2012b\bin\win64\hgutils.dll
0x000000005cc90000 - 0x000000005cd50000 	C:\Program Files\MATLAB\R2012b\bin\win64\udd_mi.dll
0x00000000054f0000 - 0x000000000552b000 	C:\Program Files\MATLAB\R2012b\bin\win64\libmwgbtutils.dll
0x0000000005540000 - 0x000000000555b000 	C:\Program Files\MATLAB\R2012b\bin\win64\libmwgbt.dll
0x0000000005570000 - 0x0000000005841000 	C:\Program Files\MATLAB\R2012b\bin\win64\uiw.dll
0x000000006f510000 - 0x000000006f51f000 	C:\Program Files\MATLAB\R2012b\bin\win64\uinone.dll
0x0000000005870000 - 0x0000000005899000 	C:\Program Files\MATLAB\R2012b\bin\win64\libmwnativefiledialogs.dll
0x00000000058b0000 - 0x00000000058b8000 	C:\Program Files\MATLAB\R2012b\bin\win64\libmwplatform_res.dll
0x000007fef6410000 - 0x000007fef6428000 	C:\Windows\system32\MPR.dll
0x000000005c7a0000 - 0x000000005cc84000 	C:\Windows\WinSxS\amd64_microsoft.vc90.mfc_1fc8b3b9a1e18e3b_9.0.30729.6161_none_044aad0bab1eb146\mfc90.dll
0x000007fefa2c0000 - 0x000007fefa2c7000 	C:\Windows\system32\MSIMG32.dll
0x000007fef8f40000 - 0x000007fef8fb1000 	C:\Windows\system32\WINSPOOL.DRV
0x0000000064070000 - 0x0000000064092000 	C:\Program Files\MATLAB\R2012b\bin\win64\mwoles05.DLL
0x000000005fd50000 - 0x000000005fdcd000 	C:\Program Files\MATLAB\R2012b\bin\win64\comcli.dll
0x0000000063de0000 - 0x0000000063e0f000 	C:\Windows\WinSxS\amd64_microsoft.vc90.atl_1fc8b3b9a1e18e3b_9.0.30729.6161_none_0a1fd3a3a768b895\ATL90.DLL
0x000000006f6a0000 - 0x000000006f6ac000 	C:\Program Files\MATLAB\R2012b\bin\win64\mlautoregister.dll
0x000007fefe930000 - 0x000007fefe95e000 	C:\Windows\system32\IMM32.DLL
0x000007fefd8f0000 - 0x000007fefd9f9000 	C:\Windows\system32\MSCTF.dll
0x000007fefd390000 - 0x000007fefd3d6000 	C:\Windows\system32\nvinitx.dll
0x000000000f000000 - 0x000000000f006000 	C:\Program Files\NVIDIA Corporation\CoProcManager\_etoured.dll
0x000007fef7820000 - 0x000007fef7875000 	C:\Program Files\NVIDIA Corporation\CoProcManager\nvd3d9wrapx.dll
0x000007feff320000 - 0x000007feff4f7000 	C:\Windows\system32\SETUPAPI.dll
0x000007fefd560000 - 0x000007fefd596000 	C:\Windows\system32\CFGMGR32.dll
0x000007fefd7a0000 - 0x000007fefd7ba000 	C:\Windows\system32\DEVOBJ.dll
0x000007fef7460000 - 0x000007fef749d000 	C:\Program Files\NVIDIA Corporation\CoProcManager\nvdxgiwrapx.dll
0x000007fefa1d0000 - 0x000007fefa226000 	C:\Windows\system32\UxTheme.dll
0x000007fefa1b0000 - 0x000007fefa1c8000 	C:\Windows\system32\dwmapi.dll
0x000000006f390000 - 0x000000006f39d000 	C:\Windows\WinSxS\amd64_microsoft.vc90.mfcloc_1fc8b3b9a1e18e3b_9.0.30729.6161_none_01c9581e60cbee58\MFC90ENU.DLL
0x000007fefd3e0000 - 0x000007fefd3ef000 	C:\Windows\system32\profapi.dll
0x0000000005b90000 - 0x0000000005b9f000 	C:\Program Files\MATLAB\R2012b\bin\win64\xmlxrcsc.dll
0x000007fefd2c0000 - 0x000007fefd2cf000 	C:\Windows\system32\CRYPTBASE.dll

VM Arguments:
jvm_args: -Xss512k -XX:PermSize=32m -Xms64m -XX:NewRatio=3 -XX:MaxPermSize=128m -Xmx196m -XX:MaxDirectMemorySize=2147400000 -Dsun.java2d.noddraw=true -Dsun.awt.nopixfmt=true -Xshare:off -Xrs -Dsun.awt.disableMixing=true -Djava.library.path=C:\Program Files\MATLAB\R2012b\bin\win64;C:\Program Files\MATLAB\R2012b\sys\jxbrowser\win64\lib vfprintf abort 
java_command: <unknown>
Launcher Type: generic

Environment Variables:
PATH=C:\Windows\system32;C:\Windows;C:\Windows\System32\Wbem;C:\Windows\System32\WindowsPowerShell\v1.0\;C:\Program Files\Intel\WiFi\bin\;C:\Program Files\Common Files\Intel\WirelessCommon\;C:\Program Files\MATLAB\R2012b\runtime\win64;C:\Program Files\MATLAB\R2012b\bin;C:\Program Files (x86)\Git\cmd;C:\Program Files\OpenVPN\bin;C:\Program Files (x86)\..\php;C:\Program Files\Intel\WiFi\bin\;C:\Program Files\Common Files\Intel\WirelessCommon\
USERNAME=Max
OS=Windows_NT
PROCESSOR_IDENTIFIER=Intel64 Family 6 Model 42 Stepping 7, GenuineIntel



---------------  S Y S T E M  ---------------

OS: Windows 7 Build 7601 Service Pack 1

CPU:total 8 (8 cores per cpu, 2 threads per core) family 6 model 42 stepping 7, cmov, cx8, fxsr, mmx, sse, sse2, sse3, ssse3, sse4.1, sse4.2, ht

Memory: 4k page, physical 16657648k(11114200k free), swap 33313432k(27599156k free)

vm_info: Java HotSpot(TM) 64-Bit Server VM (14.3-b01) for windows-amd64 JRE (1.6.0_17-b04), built on Oct 11 2009 00:46:08 by "java_re" with MS VC++ 8.0

time: Thu Nov 07 14:04:19 2013
elapsed time: 161427 seconds

