#
# A fatal error has been detected by the Java Runtime Environment:
#
#  EXCEPTION_ACCESS_VIOLATION (0xc0000005) at pc=0x000000009d0f8b78, pid=1368, tid=9164
#
# JRE version: 6.0_17-b04
# Java VM: Java HotSpot(TM) 64-Bit Server VM (14.3-b01 mixed mode windows-amd64 )
# Problematic frame:
# C  0x000000009d0f8b78
#
# If you would like to submit a bug report, please visit:
#   http://java.sun.com/webapps/bugreport/crash.jsp
# The crash happened outside the Java Virtual Machine in native code.
# See problematic frame for where to report the bug.
#

---------------  T H R E A D  ---------------

Current thread (0x0000000070f67000):  JavaThread "Thread-1947" [_thread_in_native, id=9164, stack(0x000000001c6a0000,0x000000001c720000)]

siginfo: ExceptionCode=0xc0000005, reading address 0x0000000000000013

Registers:
EAX=0x000000000002fc65, EBX=0x0000000000000002, ECX=0x000000002fc65fd0, EDX=0x0000000000000006
ESP=0x000000001c71d770, EBP=0x000000002fc65000, ESI=0x000000002fc65000, EDI=0x0000000000000000
EIP=0x000000009d0f8b78, EFLAGS=0x0000000000010202

Top of Stack: (sp=0x000000001c71d770)
0x000000001c71d770:   000000002fc97c70 000007fefa692ecf
0x000000001c71d780:   8000000000000001 0000000000000000
0x000000001c71d790:   8000000000000001 0000000000000000
0x000000001c71d7a0:   0000000066224700 0000000004350000
0x000000001c71d7b0:   000000001c4efedc 000000009d0f9093
0x000000001c71d7c0:   0000000000000002 000000002fc65fd0
0x000000001c71d7d0:   000000001c71d840 0000000004350000
0x000000001c71d7e0:   000000008007000e 000007fef8a67d64
0x000000001c71d7f0:   0000000000000006 0000000000000003
0x000000001c71d800:   0000000004350298 000000002fc97c88
0x000000001c71d810:   000000002facedf0 000007fef8a5d710
0x000000001c71d820:   0000000000080011 000000001c4efee4
0x000000001c71d830:   000000001c4efedc 000000002fc653b0
0x000000001c71d840:   0000000000000000 000007fefa692b30
0x000000001c71d850:   000000001c4efee4 0000000000000016
0x000000001c71d860:   0000000000000001 000000002fac1798 

Instructions: (pc=0x000000009d0f8b78)
0x000000009d0f8b68:   00 75 28 49 8b 9c de d8 08 00 00 48 85 db 74 20
0x000000009d0f8b78:   0f b6 43 11 41 3b c0 75 17 41 83 f8 01 0f 85 80 


Stack: [0x000000001c6a0000,0x000000001c720000],  sp=0x000000001c71d770,  free space=501k
Native frames: (J=compiled Java code, j=interpreted, Vv=VM code, C=native code)
C  0x000000009d0f8b78

Java frames: (J=compiled Java code, j=interpreted, Vv=VM code)
j  com.mathworks.util.NativeJava.createWindowsFileDialogMulti(JZLjava/lang/String;Ljava/lang/String;Ljava/lang/String;Ljava/lang/String;ZZLjava/lang/String;I)Ljava/lang/String;+0
j  com.mathworks.mwswing.MJFileChooserPerPlatform$RunnableWindowsDispatch.run()V+51
j  java.lang.Thread.run()V+11
v  ~StubRoutines::call_stub

---------------  P R O C E S S  ---------------

Java Threads: ( => current thread )
  0x0000000070f63000 JavaThread "Foxtrot Multi Worker Thread Runner #4" daemon [_thread_blocked, id=8804, stack(0x000000005e160000,0x000000005e1e0000)]
=>0x0000000070f67000 JavaThread "Thread-1947" [_thread_in_native, id=9164, stack(0x000000001c6a0000,0x000000001c720000)]
  0x0000000070f60800 JavaThread "Code Analyzer updating thread" [_thread_blocked, id=8400, stack(0x000000002ea50000,0x000000002ead0000)]
  0x0000000070f67800 JavaThread "Foxtrot Multi Worker Thread Runner #2" daemon [_thread_blocked, id=5232, stack(0x000000001d000000,0x000000001d080000)]
  0x0000000070f62800 JavaThread "Code Analyzer updating thread" [_thread_blocked, id=5376, stack(0x000000002e620000,0x000000002e6a0000)]
  0x000000005fa01800 JavaThread "Explorer NavigationContext request queue" [_thread_blocked, id=6960, stack(0x0000000018c60000,0x0000000018ce0000)]
  0x0000000070f64800 JavaThread "Foxtrot Single Worker Thread #1" daemon [_thread_blocked, id=9616, stack(0x0000000018d00000,0x0000000018d80000)]
  0x0000000070f5f800 JavaThread "Code Analyzer updating thread" [_thread_blocked, id=5820, stack(0x0000000018a00000,0x0000000018a80000)]
  0x0000000070f64000 JavaThread "Code Analyzer updating thread" [_thread_blocked, id=5700, stack(0x0000000016730000,0x00000000167b0000)]
  0x0000000070f61000 JavaThread "Prefs Updater" daemon [_thread_blocked, id=6948, stack(0x0000000018ae0000,0x0000000018b60000)]
  0x0000000070f61800 JavaThread "Swing-Shell" daemon [_thread_blocked, id=5932, stack(0x0000000018ec0000,0x0000000018f40000)]
  0x0000000070f5f000 JavaThread "Code Analyzer updating thread" [_thread_blocked, id=6156, stack(0x0000000060c70000,0x0000000060cf0000)]
  0x0000000070f5e000 JavaThread "Code Analyzer updating thread" [_thread_blocked, id=10168, stack(0x000000005e3c0000,0x000000005e440000)]
  0x0000000070f5d800 JavaThread "Code Analyzer updating thread" [_thread_blocked, id=9248, stack(0x000000005d040000,0x000000005d0c0000)]
  0x0000000070f5c800 JavaThread "Code Analyzer updating thread" [_thread_blocked, id=5640, stack(0x0000000060b60000,0x0000000060be0000)]
  0x0000000070f5c000 JavaThread "Code Analyzer updating thread" [_thread_blocked, id=1280, stack(0x000000005e560000,0x000000005e5e0000)]
  0x0000000070f5b000 JavaThread "Active Reference Queue Daemon" daemon [_thread_blocked, id=1464, stack(0x000000005e450000,0x000000005e4d0000)]
  0x000000005fa02000 JavaThread "Timer-7" daemon [_thread_blocked, id=3548, stack(0x000000005e2b0000,0x000000005e330000)]
  0x000000005fa03000 JavaThread "Timer-6" daemon [_thread_blocked, id=3484, stack(0x000000005d0c0000,0x000000005d140000)]
  0x000000005fa00000 JavaThread "AddressBar directory emptiness poller" [_thread_blocked, id=5708, stack(0x000000000fe10000,0x000000000fe90000)]
  0x000000005f9ff000 JavaThread "Explorer Refresh Service 87924608" [_thread_blocked, id=9428, stack(0x000000002d440000,0x000000002d4c0000)]
  0x000000005f9fd800 JavaThread "Timer-1" daemon [_thread_blocked, id=9232, stack(0x00000000489d0000,0x0000000048a50000)]
  0x000000005f9fd000 JavaThread "TimerQueue" daemon [_thread_blocked, id=3560, stack(0x0000000025220000,0x00000000252a0000)]
  0x000000005f9fc800 JavaThread "Thread-5" daemon [_thread_blocked, id=5320, stack(0x0000000019000000,0x0000000019080000)]
  0x000000005f9fb800 JavaThread "FelixPackageAdmin" daemon [_thread_blocked, id=8280, stack(0x000000000fcd0000,0x000000000fd50000)]
  0x000000005fc6b800 JavaThread "FelixStartLevel" daemon [_thread_blocked, id=9372, stack(0x0000000019080000,0x0000000019100000)]
  0x000000005fc6a800 JavaThread "FelixDispatchQueue" daemon [_thread_blocked, id=5584, stack(0x000000000fe90000,0x000000000ff10000)]
  0x000000005fae4800 JavaThread "AWT-EventQueue-0" [_thread_blocked, id=9952, stack(0x000000000fd60000,0x000000000fde0000)]
  0x000000005f9a0000 JavaThread "com.google.common.base.internal.Finalizer" daemon [_thread_blocked, id=3900, stack(0x000000000fc20000,0x000000000fca0000)]
  0x000000005f928000 JavaThread "AWT-Windows" daemon [_thread_in_native, id=6400, stack(0x000000000dbb0000,0x000000000dc30000)]
  0x000000005f8e6000 JavaThread "AWT-Shutdown" [_thread_blocked, id=2560, stack(0x00000000090c0000,0x0000000009140000)]
  0x000000005f8e5000 JavaThread "Java2D Disposer" daemon [_thread_blocked, id=6440, stack(0x000000000ece0000,0x000000000ed60000)]
  0x000000005f588000 JavaThread "Timer-0" [_thread_blocked, id=4500, stack(0x0000000008e00000,0x0000000008e80000)]
  0x000000000f5e6800 JavaThread "EventMgr Dispatcher" daemon [_thread_in_native, id=6812, stack(0x00000000094a0000,0x000000000d4a0000)]
  0x000000000ec3e800 JavaThread "Low Memory Detector" daemon [_thread_blocked, id=7640, stack(0x000000000d950000,0x000000000d9d0000)]
  0x000000000ec38000 JavaThread "CompilerThread1" daemon [_thread_blocked, id=6224, stack(0x000000008c380000,0x0000000090380000)]
  0x000000000ec31800 JavaThread "CompilerThread0" daemon [_thread_blocked, id=6716, stack(0x0000000088280000,0x000000008c280000)]
  0x000000000ec31000 JavaThread "Attach Listener" daemon [_thread_blocked, id=8716, stack(0x0000000008fa0000,0x0000000009020000)]
  0x000000000ebd8000 JavaThread "Finalizer" daemon [_thread_blocked, id=10156, stack(0x0000000009040000,0x00000000090c0000)]
  0x000000000ebce000 JavaThread "Reference Handler" daemon [_thread_blocked, id=7176, stack(0x0000000008ed0000,0x0000000008f50000)]
  0x0000000005af6800 JavaThread "main" [_thread_in_native, id=4432, stack(0x0000000000220000,0x0000000004220000)]

Other Threads:
  0x000000000ebc9000 VMThread [stack: 0x0000000084120000,0x0000000088120000] [id=8624]
  0x000000000ec5b800 WatcherThread [stack: 0x0000000090520000,0x0000000094520000] [id=9788]

VM state:not at safepoint (normal execution)

VM Mutex/Monitor currently owned by a thread: None

Heap
 PSYoungGen      total 22400K, used 11185K [0x00000000458a0000, 0x00000000471c0000, 0x00000000489a0000)
  eden space 19584K, 44% used [0x00000000458a0000,0x00000000461270c8,0x0000000046bc0000)
  from space 2816K, 87% used [0x0000000046ed0000,0x00000000471354f0,0x0000000047190000)
  to   space 3072K, 0% used [0x0000000046bc0000,0x0000000046bc0000,0x0000000046ec0000)
 PSOldGen        total 104064K, used 100630K [0x000000003c5a0000, 0x0000000042b40000, 0x00000000458a0000)
  object space 104064K, 96% used [0x000000003c5a0000,0x00000000427e5858,0x0000000042b40000)
 PSPermGen       total 131008K, used 70004K [0x00000000345a0000, 0x000000003c590000, 0x000000003c5a0000)
  object space 131008K, 53% used [0x00000000345a0000,0x00000000389fd190,0x000000003c590000)

Dynamic libraries:
0x000000013f970000 - 0x000000013f99d000 	C:\Program Files\MATLAB\R2012b\bin\win64\MATLAB.exe
0x00000000776b0000 - 0x0000000077859000 	C:\Windows\SYSTEM32\ntdll.dll
0x0000000077490000 - 0x00000000775af000 	C:\Windows\system32\kernel32.dll
0x000007fefd810000 - 0x000007fefd87b000 	C:\Windows\system32\KERNELBASE.dll
0x0000000074460000 - 0x000000007451f000 	C:\Program Files\MATLAB\R2012b\bin\win64\libut.dll
0x00000000758a0000 - 0x000000007595c000 	C:\Program Files\MATLAB\R2012b\bin\win64\libmwi18n.dll
0x0000000180000000 - 0x000000018000b000 	C:\Program Files\MATLAB\R2012b\bin\win64\libmwresource_core.dll
0x0000000072940000 - 0x0000000072a13000 	C:\Windows\WinSxS\amd64_microsoft.vc90.crt_1fc8b3b9a1e18e3b_9.0.30729.6161_none_08e61857a83bc251\MSVCP90.dll
0x0000000072890000 - 0x0000000072933000 	C:\Windows\WinSxS\amd64_microsoft.vc90.crt_1fc8b3b9a1e18e3b_9.0.30729.6161_none_08e61857a83bc251\MSVCR90.dll
0x000000007a170000 - 0x000000007a19c000 	C:\Program Files\MATLAB\R2012b\bin\win64\boost_filesystem-vc90-mt-1_44.dll
0x000000007a560000 - 0x000000007a569000 	C:\Program Files\MATLAB\R2012b\bin\win64\boost_system-vc90-mt-1_44.dll
0x000007feff3d0000 - 0x000007feff4ab000 	C:\Windows\system32\ADVAPI32.dll
0x000007feff870000 - 0x000007feff90f000 	C:\Windows\system32\msvcrt.dll
0x000007fefd8d0000 - 0x000007fefd8ef000 	C:\Windows\SYSTEM32\sechost.dll
0x000007feff4b0000 - 0x000007feff5dd000 	C:\Windows\system32\RPCRT4.dll
0x000000007a010000 - 0x000000007a035000 	C:\Program Files\MATLAB\R2012b\bin\win64\LIBEXPAT.dll
0x0000000066660000 - 0x0000000066851000 	C:\Program Files\MATLAB\R2012b\bin\win64\icuin44.dll
0x0000000061ad0000 - 0x0000000061c41000 	C:\Program Files\MATLAB\R2012b\bin\win64\icuuc44.dll
0x0000000010000000 - 0x0000000010e41000 	C:\Program Files\MATLAB\R2012b\bin\win64\icudt44.dll
0x0000000073f70000 - 0x000000007411d000 	C:\Program Files\MATLAB\R2012b\bin\win64\libmwfl.dll
0x0000000004450000 - 0x0000000004806000 	C:\Program Files\MATLAB\R2012b\bin\win64\libmwMATLAB_res.dll
0x000000007a3b0000 - 0x000000007a3c0000 	C:\Program Files\MATLAB\R2012b\bin\win64\boost_date_time-vc90-mt-1_44.dll
0x000000007a250000 - 0x000000007a263000 	C:\Program Files\MATLAB\R2012b\bin\win64\boost_signals-vc90-mt-1_44.dll
0x000000007a2d0000 - 0x000000007a2e2000 	C:\Program Files\MATLAB\R2012b\bin\win64\boost_thread-vc90-mt-1_44.dll
0x0000000004220000 - 0x00000000042dd000 	C:\Program Files\MATLAB\R2012b\bin\win64\boost_log-vc90-mt-1_44.dll
0x0000000077870000 - 0x0000000077877000 	C:\Windows\system32\PSAPI.DLL
0x000007fefd8f0000 - 0x000007fefd93d000 	C:\Windows\system32\WS2_32.dll
0x000007fefd8c0000 - 0x000007fefd8c8000 	C:\Windows\system32\NSI.dll
0x00000000001a0000 - 0x00000000001e6000 	C:\Program Files\MATLAB\R2012b\bin\win64\tbb.dll
0x000007feff9a0000 - 0x000007feff9b9000 	C:\Windows\system32\imagehlp.dll
0x000000006f800000 - 0x000000006f813000 	C:\Program Files\MATLAB\R2012b\bin\win64\icuio44.dll
0x000007fef5700000 - 0x000007fef5825000 	C:\Windows\system32\dbghelp.dll
0x00000000775b0000 - 0x00000000776aa000 	C:\Windows\system32\USER32.dll
0x000007feff5e0000 - 0x000007feff647000 	C:\Windows\system32\GDI32.dll
0x000007feff910000 - 0x000007feff91e000 	C:\Windows\system32\LPK.dll
0x000007fefdd80000 - 0x000007fefde49000 	C:\Windows\system32\USP10.dll
0x0000000004810000 - 0x0000000004aec000 	C:\Program Files\MATLAB\R2012b\bin\win64\libmwservices.dll
0x0000000075a20000 - 0x0000000075af3000 	C:\Program Files\MATLAB\R2012b\bin\win64\libmx.dll
0x00000000042f0000 - 0x0000000004319000 	C:\Program Files\MATLAB\R2012b\bin\win64\tbbmalloc.dll
0x000000007a210000 - 0x000000007a228000 	C:\Program Files\MATLAB\R2012b\bin\win64\zlib1.dll
0x0000000004af0000 - 0x0000000004b3d000 	C:\Program Files\MATLAB\R2012b\bin\win64\libmwregexp.dll
0x0000000004b40000 - 0x0000000004b63000 	C:\Program Files\MATLAB\R2012b\bin\win64\libmwmfl_scalar.dll
0x0000000075f10000 - 0x0000000075f60000 	C:\Program Files\MATLAB\R2012b\bin\win64\mpath.dll
0x000000007b680000 - 0x000000007bc9a000 	C:\Program Files\MATLAB\R2012b\bin\win64\mlutil.dll
0x00000000754d0000 - 0x0000000075551000 	C:\Program Files\MATLAB\R2012b\bin\win64\xmlcore.dll
0x0000000004bb0000 - 0x0000000004e03000 	C:\Program Files\MATLAB\R2012b\bin\win64\xerces-c_2_7.dll
0x0000000004e20000 - 0x0000000004e40000 	C:\Program Files\MATLAB\R2012b\bin\win64\libmwMATLAB_settings_res.dll
0x0000000004e50000 - 0x0000000004e60000 	C:\Program Files\MATLAB\R2012b\bin\win64\boost_iostreams-vc90-mt-1_44.dll
0x0000000004e70000 - 0x0000000004eb7000 	C:\Program Files\MATLAB\R2012b\bin\win64\boost_serialization-vc90-mt-1_44.dll
0x000007fefe4e0000 - 0x000007feff268000 	C:\Windows\system32\SHELL32.dll
0x000007feff920000 - 0x000007feff991000 	C:\Windows\system32\SHLWAPI.dll
0x000007fefa380000 - 0x000007fefa420000 	C:\Windows\WinSxS\amd64_microsoft.windows.common-controls_6595b64144ccf1df_5.82.7601.18201_none_a4d3b9377117c3df\COMCTL32.dll
0x000007feff6d0000 - 0x000007feff767000 	C:\Windows\system32\COMDLG32.dll
0x000007fefc460000 - 0x000007fefc476000 	C:\Windows\system32\NETAPI32.dll
0x000007fefc450000 - 0x000007fefc45c000 	C:\Windows\system32\netutils.dll
0x000007fefcf20000 - 0x000007fefcf43000 	C:\Windows\system32\srvcli.dll
0x000007fefc430000 - 0x000007fefc445000 	C:\Windows\system32\wkscli.dll
0x000007fefe040000 - 0x000007fefe243000 	C:\Windows\system32\ole32.dll
0x000007fefde50000 - 0x000007fefdf27000 	C:\Windows\system32\OLEAUT32.dll
0x0000000074970000 - 0x0000000074a31000 	C:\Program Files\MATLAB\R2012b\bin\win64\mcr.dll
0x0000000075000000 - 0x00000000753e9000 	C:\Program Files\MATLAB\R2012b\bin\win64\iqm.dll
0x0000000074e80000 - 0x0000000074f38000 	C:\Program Files\MATLAB\R2012b\bin\win64\m_dispatcher.dll
0x0000000074880000 - 0x000000007496d000 	C:\Program Files\MATLAB\R2012b\bin\win64\boost_regex-vc90-mt-1_44.dll
0x000007fee7830000 - 0x000007fee80a1000 	C:\Program Files\MATLAB\R2012b\bin\win64\m_interpreter.dll
0x000000006f540000 - 0x000000006f567000 	C:\Program Files\MATLAB\R2012b\bin\win64\libmex.dll
0x0000000061a40000 - 0x0000000061ac4000 	C:\Program Files\MATLAB\R2012b\bin\win64\profiler.dll
0x0000000004f40000 - 0x00000000051aa000 	C:\Program Files\MATLAB\R2012b\bin\win64\libmwmathutil.dll
0x0000000079f40000 - 0x0000000079f6e000 	C:\Program Files\MATLAB\R2012b\bin\win64\libmwmathrng.dll
0x00000000051d0000 - 0x00000000051e2000 	C:\Program Files\MATLAB\R2012b\bin\win64\libmwmfl_rng.dll
0x0000000074c10000 - 0x0000000074cee000 	C:\Program Files\MATLAB\R2012b\bin\win64\libmwmathcore.dll
0x0000000076160000 - 0x00000000761ca000 	C:\Program Files\MATLAB\R2012b\bin\win64\libmwspmatrix.dll
0x0000000075ea0000 - 0x0000000075f02000 	C:\Program Files\MATLAB\R2012b\bin\win64\libmwcholmod.dll
0x000000007a460000 - 0x000000007a46d000 	C:\Program Files\MATLAB\R2012b\bin\win64\libmwamd.dll
0x000000007a4b0000 - 0x000000007a4bc000 	C:\Program Files\MATLAB\R2012b\bin\win64\libmwcolamd.dll
0x000000007a290000 - 0x000000007a2a9000 	C:\Program Files\MATLAB\R2012b\bin\win64\libmwblas.dll
0x000000007a310000 - 0x000000007a321000 	C:\Program Files\MATLAB\R2012b\bin\win64\libmwbinder.dll
0x000000007a4d0000 - 0x000000007a4dc000 	C:\Program Files\MATLAB\R2012b\bin\win64\libmwompwrapper.dll
0x0000000005280000 - 0x0000000005305000 	C:\Program Files\MATLAB\R2012b\bin\win64\libmwlapack.dll
0x000000006f460000 - 0x000000006f481000 	C:\Program Files\MATLAB\R2012b\bin\win64\m_pcodeio.dll
0x0000000079b10000 - 0x0000000079b77000 	C:\Program Files\MATLAB\R2012b\bin\win64\m_ir.dll
0x000000005ecd0000 - 0x000000005f340000 	C:\Program Files\MATLAB\R2012b\bin\win64\m_parser.dll
0x000000006f7e0000 - 0x000000006f7fa000 	C:\Program Files\MATLAB\R2012b\bin\win64\ir_xfmr.dll
0x000007fef4140000 - 0x000007fef43d6000 	C:\Program Files\MATLAB\R2012b\bin\win64\mcos.dll
0x000000006d780000 - 0x000000006d791000 	C:\Program Files\MATLAB\R2012b\bin\win64\mtok.dll
0x000000006a930000 - 0x000000006a961000 	C:\Program Files\MATLAB\R2012b\bin\win64\m_pcodegen.dll
0x0000000079fb0000 - 0x0000000079fe6000 	C:\Program Files\MATLAB\R2012b\bin\win64\libmwbridge.dll
0x0000000061970000 - 0x0000000061a38000 	C:\Program Files\MATLAB\R2012b\bin\win64\udd.dll
0x0000000061810000 - 0x0000000061962000 	C:\Program Files\MATLAB\R2012b\bin\win64\libmwgui.dll
0x000000006d760000 - 0x000000006d777000 	C:\Program Files\MATLAB\R2012b\bin\win64\graphics_util.dll
0x000000005d6d0000 - 0x000000005e12f000 	C:\Program Files\MATLAB\R2012b\bin\win64\hg.dll
0x00000000053e0000 - 0x0000000005448000 	C:\Program Files\MATLAB\R2012b\bin\win64\libmat.dll
0x0000000072d30000 - 0x0000000072f44000 	C:\Program Files\MATLAB\R2012b\bin\win64\hdf5dll.dll
0x0000000075710000 - 0x00000000757de000 	C:\Program Files\MATLAB\R2012b\bin\win64\jmi.dll
0x0000000005480000 - 0x000000000548d000 	C:\Program Files\MATLAB\R2012b\bin\win64\nativejava_services.dll
0x00000000617c0000 - 0x0000000061806000 	C:\Program Files\MATLAB\R2012b\bin\win64\libmwhardcopy.dll
0x000000005ec60000 - 0x000000005ecc3000 	C:\Program Files\MATLAB\R2012b\bin\win64\libuij.dll
0x000000005e9f0000 - 0x000000005ec54000 	C:\Program Files\MATLAB\R2012b\bin\win64\hgdatatypes.dll
0x000000005e8d0000 - 0x000000005e9ef000 	C:\Program Files\MATLAB\R2012b\bin\win64\hgutils.dll
0x000000005e810000 - 0x000000005e8d0000 	C:\Program Files\MATLAB\R2012b\bin\win64\udd_mi.dll
0x00000000054f0000 - 0x000000000552b000 	C:\Program Files\MATLAB\R2012b\bin\win64\libmwgbtutils.dll
0x0000000005540000 - 0x000000000555b000 	C:\Program Files\MATLAB\R2012b\bin\win64\libmwgbt.dll
0x0000000005570000 - 0x0000000005841000 	C:\Program Files\MATLAB\R2012b\bin\win64\uiw.dll
0x000000006f530000 - 0x000000006f53f000 	C:\Program Files\MATLAB\R2012b\bin\win64\uinone.dll
0x0000000005870000 - 0x0000000005899000 	C:\Program Files\MATLAB\R2012b\bin\win64\libmwnativefiledialogs.dll
0x00000000058b0000 - 0x00000000058b8000 	C:\Program Files\MATLAB\R2012b\bin\win64\libmwplatform_res.dll
0x000007fef6470000 - 0x000007fef6488000 	C:\Windows\system32\MPR.dll
0x000000005d1e0000 - 0x000000005d6c4000 	C:\Windows\WinSxS\amd64_microsoft.vc90.mfc_1fc8b3b9a1e18e3b_9.0.30729.6161_none_044aad0bab1eb146\mfc90.dll
0x000007fefa370000 - 0x000007fefa377000 	C:\Windows\system32\MSIMG32.dll
0x000007fef7c70000 - 0x000007fef7ce1000 	C:\Windows\system32\WINSPOOL.DRV
0x000000006c210000 - 0x000000006c232000 	C:\Program Files\MATLAB\R2012b\bin\win64\mwoles05.DLL
0x000000005e790000 - 0x000000005e80d000 	C:\Program Files\MATLAB\R2012b\bin\win64\comcli.dll
0x0000000066630000 - 0x000000006665f000 	C:\Windows\WinSxS\amd64_microsoft.vc90.atl_1fc8b3b9a1e18e3b_9.0.30729.6161_none_0a1fd3a3a768b895\ATL90.DLL
0x000000006f450000 - 0x000000006f45c000 	C:\Program Files\MATLAB\R2012b\bin\win64\mlautoregister.dll
0x000007fefdd50000 - 0x000007fefdd7e000 	C:\Windows\system32\IMM32.DLL
0x000007fefdf30000 - 0x000007fefe039000 	C:\Windows\system32\MSCTF.dll
0x000007fefd440000 - 0x000007fefd486000 	C:\Windows\system32\nvinitx.dll
0x000000000f000000 - 0x000000000f006000 	C:\Program Files\NVIDIA Corporation\CoProcManager\_etoured.dll
0x000007fef8c10000 - 0x000007fef8c65000 	C:\Program Files\NVIDIA Corporation\CoProcManager\nvd3d9wrapx.dll
0x000007fefdb70000 - 0x000007fefdd47000 	C:\Windows\system32\SETUPAPI.dll
0x000007fefd880000 - 0x000007fefd8b6000 	C:\Windows\system32\CFGMGR32.dll
0x000007fefd7a0000 - 0x000007fefd7ba000 	C:\Windows\system32\DEVOBJ.dll
0x000007fef8150000 - 0x000007fef818d000 	C:\Program Files\NVIDIA Corporation\CoProcManager\nvdxgiwrapx.dll
0x000007fefa290000 - 0x000007fefa2e6000 	C:\Windows\system32\UxTheme.dll
0x000007fefa260000 - 0x000007fefa278000 	C:\Windows\system32\dwmapi.dll
0x000000006d750000 - 0x000000006d75d000 	C:\Windows\WinSxS\amd64_microsoft.vc90.mfcloc_1fc8b3b9a1e18e3b_9.0.30729.6161_none_01c9581e60cbee58\MFC90ENU.DLL
0x000007fefd490000 - 0x000007fefd49f000 	C:\Windows\system32\profapi.dll
0x0000000005b80000 - 0x0000000005b8f000 	C:\Program Files\MATLAB\R2012b\bin\win64\xmlxrcsc.dll
0x000007fefd370000 - 0x000007fefd37f000 	C:\Windows\system32\CRYPTBASE.dll

VM Arguments:
jvm_args: -Xss512k -XX:PermSize=32m -Xms64m -XX:NewRatio=3 -XX:MaxPermSize=128m -Xmx196m -XX:MaxDirectMemorySize=2147400000 -Dsun.java2d.noddraw=true -Dsun.awt.nopixfmt=true -Xshare:off -Xrs -Dsun.awt.disableMixing=true -Djava.library.path=C:\Program Files\MATLAB\R2012b\bin\win64;C:\Program Files\MATLAB\R2012b\sys\jxbrowser\win64\lib vfprintf abort 
java_command: <unknown>
Launcher Type: generic

Environment Variables:
PATH=C:\Windows\system32;C:\Windows;C:\Windows\System32\Wbem;C:\Windows\System32\WindowsPowerShell\v1.0\;C:\Program Files\Intel\WiFi\bin\;C:\Program Files\Common Files\Intel\WirelessCommon\;C:\Program Files\MATLAB\R2012b\runtime\win64;C:\Program Files\MATLAB\R2012b\bin;C:\Program Files (x86)\Git\cmd;C:\Program Files\OpenVPN\bin;C:\Program Files (x86)\..\php;C:\Program Files\Intel\WiFi\bin\;C:\Program Files\Common Files\Intel\WirelessCommon\
USERNAME=Max
OS=Windows_NT
PROCESSOR_IDENTIFIER=Intel64 Family 6 Model 42 Stepping 7, GenuineIntel



---------------  S Y S T E M  ---------------

OS: Windows 7 Build 7601 Service Pack 1

CPU:total 8 (8 cores per cpu, 2 threads per core) family 6 model 42 stepping 7, cmov, cx8, fxsr, mmx, sse, sse2, sse3, ssse3, sse4.1, sse4.2, ht

Memory: 4k page, physical 16657648k(11969336k free), swap 33313432k(28431832k free)

vm_info: Java HotSpot(TM) 64-Bit Server VM (14.3-b01) for windows-amd64 JRE (1.6.0_17-b04), built on Oct 11 2009 00:46:08 by "java_re" with MS VC++ 8.0

time: Thu Nov 21 14:26:58 2013
elapsed time: 12328 seconds

