#
# A fatal error has been detected by the Java Runtime Environment:
#
#  EXCEPTION_ACCESS_VIOLATION (0xc0000005) at pc=0x000000007322c750, pid=1724, tid=4664
#
# JRE version: 6.0_17-b04
# Java VM: Java HotSpot(TM) 64-Bit Server VM (14.3-b01 mixed mode windows-amd64 )
# Problematic frame:
# C  0x000000007322c750
#
# If you would like to submit a bug report, please visit:
#   http://java.sun.com/webapps/bugreport/crash.jsp
# The crash happened outside the Java Virtual Machine in native code.
# See problematic frame for where to report the bug.
#

---------------  T H R E A D  ---------------

Current thread (0x0000000057483000):  JavaThread "AWT-EventQueue-0" [_thread_in_native, id=4664, stack(0x0000000019120000,0x00000000191a0000)]

siginfo: ExceptionCode=0xc0000005, reading address 0x0000000000000008

Registers:
EAX=0x000000000000000d, EBX=0x00000000574831b8, ECX=0x0000000000000000, EDX=0xffffffffb801357c
ESP=0x000000001919e638, EBP=0x000000006fb35660, ESI=0x00000000574831b8, EDI=0x000000006f7edd80
EIP=0x000000007322c750, EFLAGS=0x0000000000010206

Top of Stack: (sp=0x000000001919e638)
0x000000001919e638:   00000000731d589c 0000000000000000
0x000000001919e648:   00000000574831b8 000000006fb35660
0x000000001919e658:   00000000574831b8 00000000000000c6
0x000000001919e668:   00000000574831b8 0000000037b89678
0x000000001919e678:   00000000731b3810 00000000574831b8
0x000000001919e688:   000000001919ed30 000000001919ed08
0x000000001919e698:   000000006fb35660 0000000000000000
0x000000001919e6a8:   00000000731d2151 000000003d3170b0
0x000000001919e6b8:   000000001919ed10 0000000000000000
0x000000001919e6c8:   000000001919ed08 0000000100000000
0x000000001919e6d8:   0000000000000000 0000000000000010
0x000000001919e6e8:   0000000000000000 0000000000000014
0x000000001919e6f8:   0000000000000018 000000000000001c
0x000000001919e708:   0000000100000000 000000003d318cd8
0x000000001919e718:   00000000360ef1b0 0000000045e9ad18
0x000000001919e728:   000000003c7085a8 0000000045e5e8a8 

Instructions: (pc=0x000000007322c750)
0x000000007322c740:   48 8b 41 08 48 8b 80 18 0c 00 00 c3 cc cc cc cc
0x000000007322c750:   48 8b 49 08 48 85 c9 74 05 e9 72 f6 fd ff 33 c0 


Stack: [0x0000000019120000,0x00000000191a0000],  sp=0x000000001919e638,  free space=505k
Native frames: (J=compiled Java code, j=interpreted, Vv=VM code, C=native code)
C  0x000000007322c750

Java frames: (J=compiled Java code, j=interpreted, Vv=VM code)
J  sun.java2d.windows.GDIBlitLoops.nativeBlit(Lsun/java2d/SurfaceData;Lsun/java2d/SurfaceData;Lsun/java2d/pipe/Region;IIIIIIIIIZ)V
J  sun.java2d.windows.GDIBlitLoops.Blit(Lsun/java2d/SurfaceData;Lsun/java2d/SurfaceData;Ljava/awt/Composite;Lsun/java2d/pipe/Region;IIIIII)V
J  sun.java2d.pipe.DrawImage.copyImage(Lsun/java2d/SunGraphics2D;Ljava/awt/Image;IILjava/awt/Color;Ljava/awt/image/ImageObserver;)Z
J  javax.swing.RepaintManager$PaintManager.paintDoubleBuffered(Ljavax/swing/JComponent;Ljava/awt/Image;Ljava/awt/Graphics;IIII)V
J  javax.swing.RepaintManager$PaintManager.paint(Ljavax/swing/JComponent;Ljavax/swing/JComponent;Ljava/awt/Graphics;IIII)Z
j  javax.swing.RepaintManager.paint(Ljavax/swing/JComponent;Ljavax/swing/JComponent;Ljava/awt/Graphics;IIII)V+52
J  javax.swing.JComponent.paint(Ljava/awt/Graphics;)V
j  java.awt.GraphicsCallback$PaintCallback.run(Ljava/awt/Component;Ljava/awt/Graphics;)V+2
j  sun.awt.SunGraphicsCallback.runOneComponent(Ljava/awt/Component;Ljava/awt/Rectangle;Ljava/awt/Graphics;Ljava/awt/Shape;I)V+155
j  sun.awt.SunGraphicsCallback.runComponents([Ljava/awt/Component;Ljava/awt/Graphics;I)V+104
j  java.awt.Container.paint(Ljava/awt/Graphics;)V+73
J  javax.swing.RepaintManager.paintDirtyRegions(Ljava/util/Map;)V
J  javax.swing.SystemEventQueueUtilities$ComponentWorkRequest.run()V
J  java.awt.event.InvocationEvent.dispatch()V
J  java.awt.EventDispatchThread.pumpOneEventForFilters(I)Z
J  java.awt.EventDispatchThread.pumpEventsForFilter(ILjava/awt/Conditional;Ljava/awt/EventFilter;)V
j  java.awt.EventDispatchThread.pumpEventsForHierarchy(ILjava/awt/Conditional;Ljava/awt/Component;)V+11
j  java.awt.EventDispatchThread.pumpEvents(ILjava/awt/Conditional;)V+4
j  java.awt.EventDispatchThread.pumpEvents(Ljava/awt/Conditional;)V+3
j  java.awt.EventDispatchThread.run()V+9
v  ~StubRoutines::call_stub

---------------  P R O C E S S  ---------------

Java Threads: ( => current thread )
  0x000000000f7e0000 JavaThread "Code Analyzer updating thread" [_thread_blocked, id=1372, stack(0x0000000018f40000,0x0000000018fc0000)]
  0x000000006f165800 JavaThread "Code Analyzer updating thread" [_thread_blocked, id=6696, stack(0x0000000016800000,0x0000000016880000)]
  0x000000005761d800 JavaThread "Explorer NavigationContext request queue" [_thread_blocked, id=7212, stack(0x0000000015310000,0x0000000015390000)]
  0x0000000057619800 JavaThread "Code Analyzer updating thread" [_thread_blocked, id=8784, stack(0x000000001cfc0000,0x000000001d040000)]
  0x000000005761c800 JavaThread "Code Analyzer updating thread" [_thread_blocked, id=2440, stack(0x0000000017a60000,0x0000000017ae0000)]
  0x000000000f7e1800 JavaThread "Code Analyzer updating thread" [_thread_blocked, id=5736, stack(0x00000000154b0000,0x0000000015530000)]
  0x000000000f7df800 JavaThread "Swing-Shell" daemon [_thread_blocked, id=3276, stack(0x0000000018c60000,0x0000000018ce0000)]
  0x0000000057613000 JavaThread "Prefs Updater" daemon [_thread_blocked, id=4076, stack(0x0000000015ff0000,0x0000000016070000)]
  0x000000006f15f000 JavaThread "Foxtrot Single Worker Thread #1" daemon [_thread_blocked, id=7248, stack(0x00000000150e0000,0x0000000015160000)]
  0x000000005761b800 JavaThread "Code Analyzer updating thread" [_thread_blocked, id=5928, stack(0x00000000727f0000,0x0000000072870000)]
  0x000000005761b000 JavaThread "Code Analyzer updating thread" [_thread_blocked, id=3468, stack(0x0000000072bf0000,0x0000000072c70000)]
  0x000000005761a000 JavaThread "Code Analyzer updating thread" [_thread_blocked, id=3400, stack(0x0000000072a70000,0x0000000072af0000)]
  0x0000000057618800 JavaThread "Code Analyzer updating thread" [_thread_blocked, id=2540, stack(0x0000000072770000,0x00000000727f0000)]
  0x0000000057616800 JavaThread "Active Reference Queue Daemon" daemon [_thread_blocked, id=7508, stack(0x0000000072590000,0x0000000072610000)]
  0x0000000057617000 JavaThread "Timer-7" daemon [_thread_blocked, id=3500, stack(0x0000000008f80000,0x0000000009000000)]
  0x0000000057618000 JavaThread "Timer-6" daemon [_thread_blocked, id=7344, stack(0x0000000025370000,0x00000000253f0000)]
  0x0000000057614800 JavaThread "AddressBar directory emptiness poller" [_thread_blocked, id=7748, stack(0x0000000065dd0000,0x0000000065e50000)]
  0x0000000057613800 JavaThread "Explorer Refresh Service 1022163690" [_thread_blocked, id=3084, stack(0x0000000059b80000,0x0000000059c00000)]
  0x0000000057612000 JavaThread "Timer-1" daemon [_thread_blocked, id=2392, stack(0x0000000008db0000,0x0000000008e30000)]
  0x0000000057611800 JavaThread "TimerQueue" daemon [_thread_blocked, id=4108, stack(0x0000000054c20000,0x0000000054ca0000)]
  0x0000000057610800 JavaThread "Thread-5" daemon [_thread_blocked, id=2112, stack(0x00000000212e0000,0x0000000021360000)]
  0x0000000057610000 JavaThread "FelixPackageAdmin" daemon [_thread_blocked, id=4200, stack(0x0000000010e50000,0x0000000010ed0000)]
  0x00000000576e7000 JavaThread "FelixStartLevel" daemon [_thread_blocked, id=2660, stack(0x000000004c9a0000,0x000000004ca20000)]
  0x00000000576ed000 JavaThread "FelixDispatchQueue" daemon [_thread_blocked, id=6644, stack(0x0000000029490000,0x0000000029510000)]
=>0x0000000057483000 JavaThread "AWT-EventQueue-0" [_thread_in_native, id=4664, stack(0x0000000019120000,0x00000000191a0000)]
  0x00000000578fc000 JavaThread "com.google.common.base.internal.Finalizer" daemon [_thread_blocked, id=4688, stack(0x000000000ff30000,0x000000000ffb0000)]
  0x00000000574b8800 JavaThread "AWT-Windows" daemon [_thread_in_native, id=7100, stack(0x000000000fe80000,0x000000000ff00000)]
  0x00000000574b8000 JavaThread "AWT-Shutdown" [_thread_blocked, id=6872, stack(0x000000000ec50000,0x000000000ecd0000)]
  0x0000000057485000 JavaThread "Java2D Disposer" daemon [_thread_blocked, id=5692, stack(0x000000000dc90000,0x000000000dd10000)]
  0x0000000057110000 JavaThread "Timer-0" [_thread_blocked, id=3160, stack(0x000000000f160000,0x000000000f1e0000)]
  0x0000000057128800 JavaThread "EventMgr Dispatcher" daemon [_thread_in_native, id=7140, stack(0x0000000009450000,0x000000000d450000)]
  0x000000000ef8e800 JavaThread "Low Memory Detector" daemon [_thread_blocked, id=7332, stack(0x000000000f1f0000,0x000000000f270000)]
  0x000000000ef88000 JavaThread "CompilerThread1" daemon [_thread_blocked, id=2212, stack(0x0000000088250000,0x000000008c250000)]
  0x000000000ef81800 JavaThread "CompilerThread0" daemon [_thread_blocked, id=7920, stack(0x00000000840d0000,0x00000000880d0000)]
  0x000000000ef81000 JavaThread "Attach Listener" daemon [_thread_blocked, id=7532, stack(0x000000000f010000,0x000000000f090000)]
  0x000000000ef28000 JavaThread "Finalizer" daemon [_thread_blocked, id=6100, stack(0x000000000e1a0000,0x000000000e220000)]
  0x000000000ef1e000 JavaThread "Reference Handler" daemon [_thread_blocked, id=2036, stack(0x000000000ece0000,0x000000000ed60000)]
  0x0000000005aa6800 JavaThread "main" [_thread_in_native, id=4020, stack(0x0000000000110000,0x0000000004110000)]

Other Threads:
  0x000000000ef19000 VMThread [stack: 0x0000000080000000,0x0000000084000000] [id=4116]
  0x000000000efb3800 WatcherThread [stack: 0x000000008c440000,0x0000000090440000] [id=4808]

VM state:not at safepoint (normal execution)

VM Mutex/Monitor currently owned by a thread: None

Heap
 PSYoungGen      total 14400K, used 6801K [0x0000000045880000, 0x0000000046880000, 0x0000000048980000)
  eden space 12416K, 51% used [0x0000000045880000,0x0000000045ec44e0,0x00000000464a0000)
  from space 1984K, 19% used [0x0000000046690000,0x00000000466f0000,0x0000000046880000)
  to   space 1984K, 0% used [0x00000000464a0000,0x00000000464a0000,0x0000000046690000)
 PSOldGen        total 150528K, used 130812K [0x000000003c580000, 0x0000000045880000, 0x0000000045880000)
  object space 150528K, 86% used [0x000000003c580000,0x000000004453f1c0,0x0000000045880000)
 PSPermGen       total 105088K, used 69373K [0x0000000034580000, 0x000000003ac20000, 0x000000003c580000)
  object space 105088K, 66% used [0x0000000034580000,0x000000003893f718,0x000000003ac20000)

Dynamic libraries:
0x000000013f8e0000 - 0x000000013f90d000 	C:\Program Files\MATLAB\R2012b\bin\win64\MATLAB.exe
0x00000000776b0000 - 0x0000000077859000 	C:\Windows\SYSTEM32\ntdll.dll
0x0000000077490000 - 0x00000000775af000 	C:\Windows\system32\kernel32.dll
0x000007fefd810000 - 0x000007fefd87b000 	C:\Windows\system32\KERNELBASE.dll
0x0000000074460000 - 0x000000007451f000 	C:\Program Files\MATLAB\R2012b\bin\win64\libut.dll
0x00000000758a0000 - 0x000000007595c000 	C:\Program Files\MATLAB\R2012b\bin\win64\libmwi18n.dll
0x0000000180000000 - 0x000000018000b000 	C:\Program Files\MATLAB\R2012b\bin\win64\libmwresource_core.dll
0x0000000072940000 - 0x0000000072a13000 	C:\Windows\WinSxS\amd64_microsoft.vc90.crt_1fc8b3b9a1e18e3b_9.0.30729.6161_none_08e61857a83bc251\MSVCP90.dll
0x0000000072890000 - 0x0000000072933000 	C:\Windows\WinSxS\amd64_microsoft.vc90.crt_1fc8b3b9a1e18e3b_9.0.30729.6161_none_08e61857a83bc251\MSVCR90.dll
0x000000007a170000 - 0x000000007a19c000 	C:\Program Files\MATLAB\R2012b\bin\win64\boost_filesystem-vc90-mt-1_44.dll
0x000000007a560000 - 0x000000007a569000 	C:\Program Files\MATLAB\R2012b\bin\win64\boost_system-vc90-mt-1_44.dll
0x000007feff3d0000 - 0x000007feff4ab000 	C:\Windows\system32\ADVAPI32.dll
0x000007feff870000 - 0x000007feff90f000 	C:\Windows\system32\msvcrt.dll
0x000007fefd8d0000 - 0x000007fefd8ef000 	C:\Windows\SYSTEM32\sechost.dll
0x000007feff4b0000 - 0x000007feff5dd000 	C:\Windows\system32\RPCRT4.dll
0x000000007a010000 - 0x000000007a035000 	C:\Program Files\MATLAB\R2012b\bin\win64\LIBEXPAT.dll
0x0000000056e30000 - 0x0000000057021000 	C:\Program Files\MATLAB\R2012b\bin\win64\icuin44.dll
0x0000000056cb0000 - 0x0000000056e21000 	C:\Program Files\MATLAB\R2012b\bin\win64\icuuc44.dll
0x0000000010000000 - 0x0000000010e41000 	C:\Program Files\MATLAB\R2012b\bin\win64\icudt44.dll
0x0000000073f70000 - 0x000000007411d000 	C:\Program Files\MATLAB\R2012b\bin\win64\libmwfl.dll
0x00000000042c0000 - 0x0000000004676000 	C:\Program Files\MATLAB\R2012b\bin\win64\libmwMATLAB_res.dll
0x000000007a3b0000 - 0x000000007a3c0000 	C:\Program Files\MATLAB\R2012b\bin\win64\boost_date_time-vc90-mt-1_44.dll
0x000000007a250000 - 0x000000007a263000 	C:\Program Files\MATLAB\R2012b\bin\win64\boost_signals-vc90-mt-1_44.dll
0x000000007a2d0000 - 0x000000007a2e2000 	C:\Program Files\MATLAB\R2012b\bin\win64\boost_thread-vc90-mt-1_44.dll
0x0000000004680000 - 0x000000000473d000 	C:\Program Files\MATLAB\R2012b\bin\win64\boost_log-vc90-mt-1_44.dll
0x0000000077870000 - 0x0000000077877000 	C:\Windows\system32\PSAPI.DLL
0x000007fefd8f0000 - 0x000007fefd93d000 	C:\Windows\system32\WS2_32.dll
0x000007fefd8c0000 - 0x000007fefd8c8000 	C:\Windows\system32\NSI.dll
0x0000000004740000 - 0x0000000004786000 	C:\Program Files\MATLAB\R2012b\bin\win64\tbb.dll
0x000007feff9a0000 - 0x000007feff9b9000 	C:\Windows\system32\imagehlp.dll
0x0000000056c90000 - 0x0000000056ca3000 	C:\Program Files\MATLAB\R2012b\bin\win64\icuio44.dll
0x000007fef5700000 - 0x000007fef5825000 	C:\Windows\system32\dbghelp.dll
0x00000000775b0000 - 0x00000000776aa000 	C:\Windows\system32\USER32.dll
0x000007feff5e0000 - 0x000007feff647000 	C:\Windows\system32\GDI32.dll
0x000007feff910000 - 0x000007feff91e000 	C:\Windows\system32\LPK.dll
0x000007fefdd80000 - 0x000007fefde49000 	C:\Windows\system32\USP10.dll
0x0000000004790000 - 0x0000000004a6c000 	C:\Program Files\MATLAB\R2012b\bin\win64\libmwservices.dll
0x0000000075a20000 - 0x0000000075af3000 	C:\Program Files\MATLAB\R2012b\bin\win64\libmx.dll
0x0000000004a90000 - 0x0000000004ab9000 	C:\Program Files\MATLAB\R2012b\bin\win64\tbbmalloc.dll
0x000000007a210000 - 0x000000007a228000 	C:\Program Files\MATLAB\R2012b\bin\win64\zlib1.dll
0x0000000004ae0000 - 0x0000000004b2d000 	C:\Program Files\MATLAB\R2012b\bin\win64\libmwregexp.dll
0x0000000004b40000 - 0x0000000004b63000 	C:\Program Files\MATLAB\R2012b\bin\win64\libmwmfl_scalar.dll
0x0000000075f10000 - 0x0000000075f60000 	C:\Program Files\MATLAB\R2012b\bin\win64\mpath.dll
0x000000007b680000 - 0x000000007bc9a000 	C:\Program Files\MATLAB\R2012b\bin\win64\mlutil.dll
0x00000000754d0000 - 0x0000000075551000 	C:\Program Files\MATLAB\R2012b\bin\win64\xmlcore.dll
0x0000000004bb0000 - 0x0000000004e03000 	C:\Program Files\MATLAB\R2012b\bin\win64\xerces-c_2_7.dll
0x0000000004e20000 - 0x0000000004e40000 	C:\Program Files\MATLAB\R2012b\bin\win64\libmwMATLAB_settings_res.dll
0x0000000004e50000 - 0x0000000004e60000 	C:\Program Files\MATLAB\R2012b\bin\win64\boost_iostreams-vc90-mt-1_44.dll
0x0000000004e70000 - 0x0000000004eb7000 	C:\Program Files\MATLAB\R2012b\bin\win64\boost_serialization-vc90-mt-1_44.dll
0x000007fefe4e0000 - 0x000007feff268000 	C:\Windows\system32\SHELL32.dll
0x000007feff920000 - 0x000007feff991000 	C:\Windows\system32\SHLWAPI.dll
0x000007fefa380000 - 0x000007fefa420000 	C:\Windows\WinSxS\amd64_microsoft.windows.common-controls_6595b64144ccf1df_5.82.7601.18201_none_a4d3b9377117c3df\COMCTL32.dll
0x000007feff6d0000 - 0x000007feff767000 	C:\Windows\system32\COMDLG32.dll
0x000007fefc460000 - 0x000007fefc476000 	C:\Windows\system32\NETAPI32.dll
0x000007fefc450000 - 0x000007fefc45c000 	C:\Windows\system32\netutils.dll
0x000007fefcf20000 - 0x000007fefcf43000 	C:\Windows\system32\srvcli.dll
0x000007fefc430000 - 0x000007fefc445000 	C:\Windows\system32\wkscli.dll
0x000007fefe040000 - 0x000007fefe243000 	C:\Windows\system32\ole32.dll
0x000007fefde50000 - 0x000007fefdf27000 	C:\Windows\system32\OLEAUT32.dll
0x0000000074970000 - 0x0000000074a31000 	C:\Program Files\MATLAB\R2012b\bin\win64\mcr.dll
0x0000000075000000 - 0x00000000753e9000 	C:\Program Files\MATLAB\R2012b\bin\win64\iqm.dll
0x0000000074e80000 - 0x0000000074f38000 	C:\Program Files\MATLAB\R2012b\bin\win64\m_dispatcher.dll
0x0000000074880000 - 0x000000007496d000 	C:\Program Files\MATLAB\R2012b\bin\win64\boost_regex-vc90-mt-1_44.dll
0x000007fef4080000 - 0x000007fef48f1000 	C:\Program Files\MATLAB\R2012b\bin\win64\m_interpreter.dll
0x0000000056c60000 - 0x0000000056c87000 	C:\Program Files\MATLAB\R2012b\bin\win64\libmex.dll
0x0000000056bd0000 - 0x0000000056c54000 	C:\Program Files\MATLAB\R2012b\bin\win64\profiler.dll
0x0000000004f40000 - 0x00000000051aa000 	C:\Program Files\MATLAB\R2012b\bin\win64\libmwmathutil.dll
0x0000000079f40000 - 0x0000000079f6e000 	C:\Program Files\MATLAB\R2012b\bin\win64\libmwmathrng.dll
0x00000000051d0000 - 0x00000000051e2000 	C:\Program Files\MATLAB\R2012b\bin\win64\libmwmfl_rng.dll
0x0000000074c10000 - 0x0000000074cee000 	C:\Program Files\MATLAB\R2012b\bin\win64\libmwmathcore.dll
0x0000000076160000 - 0x00000000761ca000 	C:\Program Files\MATLAB\R2012b\bin\win64\libmwspmatrix.dll
0x0000000075ea0000 - 0x0000000075f02000 	C:\Program Files\MATLAB\R2012b\bin\win64\libmwcholmod.dll
0x000000007a460000 - 0x000000007a46d000 	C:\Program Files\MATLAB\R2012b\bin\win64\libmwamd.dll
0x000000007a4b0000 - 0x000000007a4bc000 	C:\Program Files\MATLAB\R2012b\bin\win64\libmwcolamd.dll
0x000000007a290000 - 0x000000007a2a9000 	C:\Program Files\MATLAB\R2012b\bin\win64\libmwblas.dll
0x000000007a310000 - 0x000000007a321000 	C:\Program Files\MATLAB\R2012b\bin\win64\libmwbinder.dll
0x000000007a4d0000 - 0x000000007a4dc000 	C:\Program Files\MATLAB\R2012b\bin\win64\libmwompwrapper.dll
0x0000000005280000 - 0x0000000005305000 	C:\Program Files\MATLAB\R2012b\bin\win64\libmwlapack.dll
0x0000000056ba0000 - 0x0000000056bc1000 	C:\Program Files\MATLAB\R2012b\bin\win64\m_pcodeio.dll
0x0000000079b10000 - 0x0000000079b77000 	C:\Program Files\MATLAB\R2012b\bin\win64\m_ir.dll
0x0000000056530000 - 0x0000000056ba0000 	C:\Program Files\MATLAB\R2012b\bin\win64\m_parser.dll
0x0000000056510000 - 0x000000005652a000 	C:\Program Files\MATLAB\R2012b\bin\win64\ir_xfmr.dll
0x000007fef3de0000 - 0x000007fef4076000 	C:\Program Files\MATLAB\R2012b\bin\win64\mcos.dll
0x00000000564f0000 - 0x0000000056501000 	C:\Program Files\MATLAB\R2012b\bin\win64\mtok.dll
0x00000000564b0000 - 0x00000000564e1000 	C:\Program Files\MATLAB\R2012b\bin\win64\m_pcodegen.dll
0x0000000079fb0000 - 0x0000000079fe6000 	C:\Program Files\MATLAB\R2012b\bin\win64\libmwbridge.dll
0x00000000563e0000 - 0x00000000564a8000 	C:\Program Files\MATLAB\R2012b\bin\win64\udd.dll
0x0000000056280000 - 0x00000000563d2000 	C:\Program Files\MATLAB\R2012b\bin\win64\libmwgui.dll
0x0000000056260000 - 0x0000000056277000 	C:\Program Files\MATLAB\R2012b\bin\win64\graphics_util.dll
0x0000000055800000 - 0x000000005625f000 	C:\Program Files\MATLAB\R2012b\bin\win64\hg.dll
0x00000000053e0000 - 0x0000000005448000 	C:\Program Files\MATLAB\R2012b\bin\win64\libmat.dll
0x0000000072d30000 - 0x0000000072f44000 	C:\Program Files\MATLAB\R2012b\bin\win64\hdf5dll.dll
0x0000000075710000 - 0x00000000757de000 	C:\Program Files\MATLAB\R2012b\bin\win64\jmi.dll
0x0000000005480000 - 0x000000000548d000 	C:\Program Files\MATLAB\R2012b\bin\win64\nativejava_services.dll
0x00000000557b0000 - 0x00000000557f6000 	C:\Program Files\MATLAB\R2012b\bin\win64\libmwhardcopy.dll
0x0000000055740000 - 0x00000000557a3000 	C:\Program Files\MATLAB\R2012b\bin\win64\libuij.dll
0x00000000554d0000 - 0x0000000055734000 	C:\Program Files\MATLAB\R2012b\bin\win64\hgdatatypes.dll
0x00000000553b0000 - 0x00000000554cf000 	C:\Program Files\MATLAB\R2012b\bin\win64\hgutils.dll
0x00000000552f0000 - 0x00000000553b0000 	C:\Program Files\MATLAB\R2012b\bin\win64\udd_mi.dll
0x00000000054f0000 - 0x000000000552b000 	C:\Program Files\MATLAB\R2012b\bin\win64\libmwgbtutils.dll
0x0000000005540000 - 0x000000000555b000 	C:\Program Files\MATLAB\R2012b\bin\win64\libmwgbt.dll
0x0000000005570000 - 0x0000000005841000 	C:\Program Files\MATLAB\R2012b\bin\win64\uiw.dll
0x0000000059c20000 - 0x0000000059c2f000 	C:\Program Files\MATLAB\R2012b\bin\win64\uinone.dll
0x0000000005870000 - 0x0000000005899000 	C:\Program Files\MATLAB\R2012b\bin\win64\libmwnativefiledialogs.dll
0x00000000058b0000 - 0x00000000058b8000 	C:\Program Files\MATLAB\R2012b\bin\win64\libmwplatform_res.dll
0x000007fef6470000 - 0x000007fef6488000 	C:\Windows\system32\MPR.dll
0x0000000054e00000 - 0x00000000552e4000 	C:\Windows\WinSxS\amd64_microsoft.vc90.mfc_1fc8b3b9a1e18e3b_9.0.30729.6161_none_044aad0bab1eb146\mfc90.dll
0x000007fefa370000 - 0x000007fefa377000 	C:\Windows\system32\MSIMG32.dll
0x000007fef7c70000 - 0x000007fef7ce1000 	C:\Windows\system32\WINSPOOL.DRV
0x0000000054dd0000 - 0x0000000054df2000 	C:\Program Files\MATLAB\R2012b\bin\win64\mwoles05.DLL
0x0000000054d50000 - 0x0000000054dcd000 	C:\Program Files\MATLAB\R2012b\bin\win64\comcli.dll
0x0000000054d20000 - 0x0000000054d4f000 	C:\Windows\WinSxS\amd64_microsoft.vc90.atl_1fc8b3b9a1e18e3b_9.0.30729.6161_none_0a1fd3a3a768b895\ATL90.DLL
0x0000000054d10000 - 0x0000000054d1c000 	C:\Program Files\MATLAB\R2012b\bin\win64\mlautoregister.dll
0x000007fefdd50000 - 0x000007fefdd7e000 	C:\Windows\system32\IMM32.DLL
0x000007fefdf30000 - 0x000007fefe039000 	C:\Windows\system32\MSCTF.dll
0x000007fefd440000 - 0x000007fefd486000 	C:\Windows\system32\nvinitx.dll
0x000000000f000000 - 0x000000000f006000 	C:\Program Files\NVIDIA Corporation\CoProcManager\_etoured.dll
0x000007fef8c10000 - 0x000007fef8c65000 	C:\Program Files\NVIDIA Corporation\CoProcManager\nvd3d9wrapx.dll
0x000007fefdb70000 - 0x000007fefdd47000 	C:\Windows\system32\SETUPAPI.dll
0x000007fefd880000 - 0x000007fefd8b6000 	C:\Windows\system32\CFGMGR32.dll
0x000007fefd7a0000 - 0x000007fefd7ba000 	C:\Windows\system32\DEVOBJ.dll
0x000007fef8150000 - 0x000007fef818d000 	C:\Program Files\NVIDIA Corporation\CoProcManager\nvdxgiwrapx.dll
0x000007fefa290000 - 0x000007fefa2e6000 	C:\Windows\system32\UxTheme.dll
0x000007fefa260000 - 0x000007fefa278000 	C:\Windows\system32\dwmapi.dll
0x0000000054d00000 - 0x0000000054d0d000 	C:\Windows\WinSxS\amd64_microsoft.vc90.mfcloc_1fc8b3b9a1e18e3b_9.0.30729.6161_none_01c9581e60cbee58\MFC90ENU.DLL
0x000007fefd490000 - 0x000007fefd49f000 	C:\Windows\system32\profapi.dll
0x0000000005ba0000 - 0x0000000005baf000 	C:\Program Files\MATLAB\R2012b\bin\win64\xmlxrcsc.dll
0x000007fefd370000 - 0x000007fefd37f000 	C:\Windows\system32\CRYPTBASE.dll

VM Arguments:
jvm_args: -Xss512k -XX:PermSize=32m -Xms64m -XX:NewRatio=3 -XX:MaxPermSize=128m -Xmx196m -XX:MaxDirectMemorySize=2147400000 -Dsun.java2d.noddraw=true -Dsun.awt.nopixfmt=true -Xshare:off -Xrs -Dsun.awt.disableMixing=true -Djava.library.path=C:\Program Files\MATLAB\R2012b\bin\win64;C:\Program Files\MATLAB\R2012b\sys\jxbrowser\win64\lib vfprintf abort 
java_command: <unknown>
Launcher Type: generic

Environment Variables:
PATH=C:\Windows\system32;C:\Windows;C:\Windows\System32\Wbem;C:\Windows\System32\WindowsPowerShell\v1.0\;C:\Program Files\Intel\WiFi\bin\;C:\Program Files\Common Files\Intel\WirelessCommon\;C:\Program Files\MATLAB\R2012b\runtime\win64;C:\Program Files\MATLAB\R2012b\bin;C:\Program Files (x86)\Git\cmd;C:\Program Files\OpenVPN\bin;C:\Program Files (x86)\..\php;C:\Program Files\Intel\WiFi\bin\;C:\Program Files\Common Files\Intel\WirelessCommon\
USERNAME=Max
OS=Windows_NT
PROCESSOR_IDENTIFIER=Intel64 Family 6 Model 42 Stepping 7, GenuineIntel



---------------  S Y S T E M  ---------------

OS: Windows 7 Build 7601 Service Pack 1

CPU:total 8 (8 cores per cpu, 2 threads per core) family 6 model 42 stepping 7, cmov, cx8, fxsr, mmx, sse, sse2, sse3, ssse3, sse4.1, sse4.2, ht

Memory: 4k page, physical 16657648k(10395808k free), swap 33313432k(26461232k free)

vm_info: Java HotSpot(TM) 64-Bit Server VM (14.3-b01) for windows-amd64 JRE (1.6.0_17-b04), built on Oct 11 2009 00:46:08 by "java_re" with MS VC++ 8.0

time: Mon Nov 18 12:45:53 2013
elapsed time: 78134 seconds

