#
# A fatal error has been detected by the Java Runtime Environment:
#
#  EXCEPTION_ACCESS_VIOLATION (0xc0000005) at pc=0x000000001bbc8b78, pid=10680, tid=8808
#
# JRE version: 6.0_17-b04
# Java VM: Java HotSpot(TM) 64-Bit Server VM (14.3-b01 mixed mode windows-amd64 )
# Problematic frame:
# C  0x000000001bbc8b78
#
# If you would like to submit a bug report, please visit:
#   http://java.sun.com/webapps/bugreport/crash.jsp
# The crash happened outside the Java Virtual Machine in native code.
# See problematic frame for where to report the bug.
#

---------------  T H R E A D  ---------------

Current thread (0x00000000556ec000):  JavaThread "Thread-1208" [_thread_in_native, id=8808, stack(0x00000000153c0000,0x0000000015440000)]

siginfo: ExceptionCode=0xc0000005, reading address 0x0000000000000013

Registers:
EAX=0x000000000007ce33, EBX=0x0000000000000002, ECX=0x000000007ce33ff0, EDX=0x0000000000000000
ESP=0x000000001543d170, EBP=0x000000007ce33000, ESI=0x000000007ce33000, EDI=0x0000000000000000
EIP=0x000000001bbc8b78, EFLAGS=0x0000000000010202

Top of Stack: (sp=0x000000001543d170)
0x000000001543d170:   0000000077715430 0000000000000000
0x000000001543d180:   8000000000000001 0000000000000000
0x000000001543d190:   8000000000000001 0000000000000000
0x000000001543d1a0:   000007fef8a084c0 00000000040f0000
0x000000001543d1b0:   000000007ced91c0 000000001bbc9093
0x000000001543d1c0:   0000000000000002 000000007ce33ff0
0x000000001543d1d0:   0000000062bb0f78 00000000040f0000
0x000000001543d1e0:   00000000800403f1 000007fef89fdd34
0x000000001543d1f0:   0000000000000000 0000000062bb0f78
0x000000001543d200:   0000000000000000 000007fef89fbe0f
0x000000001543d210:   0000000062bb0f78 0000000069673110
0x000000001543d220:   0000000000000000 0000000000000000
0x000000001543d230:   000007fef8abc540 000000007ced91c0
0x000000001543d240:   00000000800403f1 000007fef89fdcd4
0x000000001543d250:   0000000000000001 0000000069673158
0x000000001543d260:   000007fef8abc550 0000000062bb0f78 

Instructions: (pc=0x000000001bbc8b78)
0x000000001bbc8b68:   00 75 28 49 8b 9c de d8 08 00 00 48 85 db 74 20
0x000000001bbc8b78:   0f b6 43 11 41 3b c0 75 17 41 83 f8 01 0f 85 80 


Stack: [0x00000000153c0000,0x0000000015440000],  sp=0x000000001543d170,  free space=500k
Native frames: (J=compiled Java code, j=interpreted, Vv=VM code, C=native code)
C  0x000000001bbc8b78

Java frames: (J=compiled Java code, j=interpreted, Vv=VM code)
j  com.mathworks.util.NativeJava.createWindowsFileDialogMulti(JZLjava/lang/String;Ljava/lang/String;Ljava/lang/String;Ljava/lang/String;ZZLjava/lang/String;I)Ljava/lang/String;+0
j  com.mathworks.mwswing.MJFileChooserPerPlatform$RunnableWindowsDispatch.run()V+51
j  java.lang.Thread.run()V+11
v  ~StubRoutines::call_stub

---------------  P R O C E S S  ---------------

Java Threads: ( => current thread )
=>0x00000000556ec000 JavaThread "Thread-1208" [_thread_in_native, id=8808, stack(0x00000000153c0000,0x0000000015440000)]
  0x00000000556ea800 JavaThread "Inactive RequestProcessor thread [Was:TimedSoftReference/org.openide.util.TimedSoftReference]" daemon [_thread_blocked, id=5544, stack(0x0000000015250000,0x00000000152d0000)]
  0x00000000556ea000 JavaThread "Code Analyzer updating thread" [_thread_blocked, id=10708, stack(0x0000000015190000,0x0000000015210000)]
  0x00000000556e3800 JavaThread "Code Analyzer updating thread" [_thread_blocked, id=5348, stack(0x0000000056d90000,0x0000000056e10000)]
  0x00000000556e6000 JavaThread "Code Analyzer updating thread" [_thread_blocked, id=7232, stack(0x0000000056170000,0x00000000561f0000)]
  0x00000000556e5000 JavaThread "Code Analyzer updating thread" [_thread_blocked, id=8836, stack(0x0000000056cf0000,0x0000000056d70000)]
  0x00000000556e9000 JavaThread "Code Analyzer updating thread" [_thread_blocked, id=5392, stack(0x000000002d6f0000,0x000000002d770000)]
  0x000000005550e800 JavaThread "Explorer NavigationContext request queue" [_thread_blocked, id=10048, stack(0x000000005fe60000,0x000000005fee0000)]
  0x00000000556e8800 JavaThread "Swing-Shell" daemon [_thread_blocked, id=10068, stack(0x0000000015f30000,0x0000000015fb0000)]
  0x00000000556e7000 JavaThread "Prefs Updater" daemon [_thread_blocked, id=5692, stack(0x000000002eaf0000,0x000000002eb70000)]
  0x00000000556e4000 JavaThread "Foxtrot Single Worker Thread #1" daemon [_thread_blocked, id=7972, stack(0x000000002d8b0000,0x000000002d930000)]
  0x000000005550f000 JavaThread "Active Reference Queue Daemon" daemon [_thread_blocked, id=6756, stack(0x0000000056e20000,0x0000000056ea0000)]
  0x0000000055510000 JavaThread "Timer-8" daemon [_thread_blocked, id=9728, stack(0x00000000489b0000,0x0000000048a30000)]
  0x0000000055510800 JavaThread "Timer-7" daemon [_thread_blocked, id=10824, stack(0x000000004cc50000,0x000000004ccd0000)]
  0x000000005550d000 JavaThread "AddressBar directory emptiness poller" [_thread_blocked, id=9608, stack(0x000000002d510000,0x000000002d590000)]
  0x000000005550c000 JavaThread "Explorer Refresh Service 1859690789" [_thread_blocked, id=10600, stack(0x00000000560b0000,0x0000000056130000)]
  0x000000005550a800 JavaThread "Timer-1" daemon [_thread_blocked, id=10084, stack(0x0000000010e50000,0x0000000010ed0000)]
  0x000000005550a000 JavaThread "TimerQueue" daemon [_thread_blocked, id=9292, stack(0x000000000e2b0000,0x000000000e330000)]
  0x0000000055509800 JavaThread "Thread-5" daemon [_thread_blocked, id=3528, stack(0x000000000dfc0000,0x000000000e040000)]
  0x0000000055508800 JavaThread "AWT-EventQueue-0" [_thread_blocked, id=10484, stack(0x000000000df20000,0x000000000dfa0000)]
  0x0000000055508000 JavaThread "AWT-Shutdown" [_thread_blocked, id=10460, stack(0x000000000e040000,0x000000000e0c0000)]
  0x0000000055507000 JavaThread "FelixPackageAdmin" daemon [_thread_blocked, id=9224, stack(0x0000000048a60000,0x0000000048ae0000)]
  0x0000000055736800 JavaThread "FelixStartLevel" daemon [_thread_blocked, id=8308, stack(0x0000000029430000,0x00000000294b0000)]
  0x0000000055832000 JavaThread "FelixDispatchQueue" daemon [_thread_blocked, id=6336, stack(0x000000004cb80000,0x000000004cc00000)]
  0x00000000557bf800 JavaThread "com.google.common.base.internal.Finalizer" daemon [_thread_blocked, id=4596, stack(0x000000000ff60000,0x000000000ffe0000)]
  0x00000000553ed000 JavaThread "AWT-Windows" daemon [_thread_in_native, id=8304, stack(0x0000000021190000,0x0000000021210000)]
  0x000000000ff3e000 JavaThread "Java2D Disposer" daemon [_thread_blocked, id=7428, stack(0x000000000f220000,0x000000000f2a0000)]
  0x0000000055175000 JavaThread "Timer-0" [_thread_blocked, id=10520, stack(0x00000000095b0000,0x0000000009630000)]
  0x000000000fc5e000 JavaThread "EventMgr Dispatcher" daemon [_thread_in_native, id=3836, stack(0x0000000009730000,0x000000000d730000)]
  0x000000000f1de800 JavaThread "Low Memory Detector" daemon [_thread_blocked, id=10728, stack(0x000000000f2c0000,0x000000000f340000)]
  0x000000000f1d7800 JavaThread "CompilerThread1" daemon [_thread_blocked, id=5792, stack(0x0000000098740000,0x000000009c740000)]
  0x000000000f1d1800 JavaThread "CompilerThread0" daemon [_thread_blocked, id=8704, stack(0x00000000945b0000,0x00000000985b0000)]
  0x000000000f1d1000 JavaThread "Attach Listener" daemon [_thread_blocked, id=5704, stack(0x000000000ef20000,0x000000000efa0000)]
  0x000000000f178000 JavaThread "Finalizer" daemon [_thread_blocked, id=11004, stack(0x000000000ede0000,0x000000000ee60000)]
  0x000000000f16e000 JavaThread "Reference Handler" daemon [_thread_blocked, id=9992, stack(0x000000000ee60000,0x000000000eee0000)]
  0x0000000005ad6800 JavaThread "main" [_thread_in_native, id=7348, stack(0x00000000000d0000,0x00000000040d0000)]

Other Threads:
  0x000000000f169000 VMThread [stack: 0x00000000904e0000,0x00000000944e0000] [id=7484]
  0x000000000f203800 WatcherThread [stack: 0x000000009c8d0000,0x00000000a08d0000] [id=10264]

VM state:not at safepoint (normal execution)

VM Mutex/Monitor currently owned by a thread: None

Heap
 PSYoungGen      total 36672K, used 11064K [0x0000000045890000, 0x0000000048990000, 0x0000000048990000)
  eden space 30080K, 14% used [0x0000000045890000,0x0000000045cf0098,0x00000000475f0000)
  from space 6592K, 99% used [0x00000000475f0000,0x0000000047c5e010,0x0000000047c60000)
  to   space 10432K, 0% used [0x0000000047f60000,0x0000000047f60000,0x0000000048990000)
 PSOldGen        total 145856K, used 110091K [0x000000003c590000, 0x0000000045400000, 0x0000000045890000)
  object space 145856K, 75% used [0x000000003c590000,0x0000000043112f20,0x0000000045400000)
 PSPermGen       total 128512K, used 75680K [0x0000000034590000, 0x000000003c310000, 0x000000003c590000)
  object space 128512K, 58% used [0x0000000034590000,0x0000000038f78360,0x000000003c310000)

Dynamic libraries:
0x000000013fce0000 - 0x000000013fd0d000 	C:\Program Files\MATLAB\R2012b\bin\win64\MATLAB.exe
0x0000000077600000 - 0x00000000777a9000 	C:\Windows\SYSTEM32\ntdll.dll
0x00000000774e0000 - 0x00000000775ff000 	C:\Windows\system32\kernel32.dll
0x000007fefd730000 - 0x000007fefd79b000 	C:\Windows\system32\KERNELBASE.dll
0x0000000074460000 - 0x000000007451f000 	C:\Program Files\MATLAB\R2012b\bin\win64\libut.dll
0x00000000758a0000 - 0x000000007595c000 	C:\Program Files\MATLAB\R2012b\bin\win64\libmwi18n.dll
0x0000000180000000 - 0x000000018000b000 	C:\Program Files\MATLAB\R2012b\bin\win64\libmwresource_core.dll
0x0000000072890000 - 0x0000000072963000 	C:\Windows\WinSxS\amd64_microsoft.vc90.crt_1fc8b3b9a1e18e3b_9.0.30729.6161_none_08e61857a83bc251\MSVCP90.dll
0x00000000727e0000 - 0x0000000072883000 	C:\Windows\WinSxS\amd64_microsoft.vc90.crt_1fc8b3b9a1e18e3b_9.0.30729.6161_none_08e61857a83bc251\MSVCR90.dll
0x000000007a170000 - 0x000000007a19c000 	C:\Program Files\MATLAB\R2012b\bin\win64\boost_filesystem-vc90-mt-1_44.dll
0x000000007a560000 - 0x000000007a569000 	C:\Program Files\MATLAB\R2012b\bin\win64\boost_system-vc90-mt-1_44.dll
0x000007fefdac0000 - 0x000007fefdb9b000 	C:\Windows\system32\ADVAPI32.dll
0x000007fefda00000 - 0x000007fefda9f000 	C:\Windows\system32\msvcrt.dll
0x000007fefdaa0000 - 0x000007fefdabf000 	C:\Windows\SYSTEM32\sechost.dll
0x000007fefed10000 - 0x000007fefee3d000 	C:\Windows\system32\RPCRT4.dll
0x000000007a010000 - 0x000000007a035000 	C:\Program Files\MATLAB\R2012b\bin\win64\LIBEXPAT.dll
0x00000000653e0000 - 0x00000000655d1000 	C:\Program Files\MATLAB\R2012b\bin\win64\icuin44.dll
0x00000000666b0000 - 0x0000000066821000 	C:\Program Files\MATLAB\R2012b\bin\win64\icuuc44.dll
0x0000000010000000 - 0x0000000010e41000 	C:\Program Files\MATLAB\R2012b\bin\win64\icudt44.dll
0x0000000073f70000 - 0x000000007411d000 	C:\Program Files\MATLAB\R2012b\bin\win64\libmwfl.dll
0x0000000004250000 - 0x0000000004606000 	C:\Program Files\MATLAB\R2012b\bin\win64\libmwMATLAB_res.dll
0x000000007a3b0000 - 0x000000007a3c0000 	C:\Program Files\MATLAB\R2012b\bin\win64\boost_date_time-vc90-mt-1_44.dll
0x000000007a250000 - 0x000000007a263000 	C:\Program Files\MATLAB\R2012b\bin\win64\boost_signals-vc90-mt-1_44.dll
0x000000007a2d0000 - 0x000000007a2e2000 	C:\Program Files\MATLAB\R2012b\bin\win64\boost_thread-vc90-mt-1_44.dll
0x0000000004650000 - 0x000000000470d000 	C:\Program Files\MATLAB\R2012b\bin\win64\boost_log-vc90-mt-1_44.dll
0x00000000777c0000 - 0x00000000777c7000 	C:\Windows\system32\PSAPI.DLL
0x000007fefe960000 - 0x000007fefe9ad000 	C:\Windows\system32\WS2_32.dll
0x000007feff310000 - 0x000007feff318000 	C:\Windows\system32\NSI.dll
0x0000000004720000 - 0x0000000004766000 	C:\Program Files\MATLAB\R2012b\bin\win64\tbb.dll
0x000007feff2e0000 - 0x000007feff2f9000 	C:\Windows\system32\imagehlp.dll
0x000000006f6b0000 - 0x000000006f6c3000 	C:\Program Files\MATLAB\R2012b\bin\win64\icuio44.dll
0x000007fef7950000 - 0x000007fef7a75000 	C:\Windows\system32\dbghelp.dll
0x00000000773e0000 - 0x00000000774da000 	C:\Windows\system32\USER32.dll
0x000007feff150000 - 0x000007feff1b7000 	C:\Windows\system32\GDI32.dll
0x000007feff300000 - 0x000007feff30e000 	C:\Windows\system32\LPK.dll
0x000007fefec40000 - 0x000007fefed09000 	C:\Windows\system32\USP10.dll
0x0000000004790000 - 0x0000000004a6c000 	C:\Program Files\MATLAB\R2012b\bin\win64\libmwservices.dll
0x0000000075a20000 - 0x0000000075af3000 	C:\Program Files\MATLAB\R2012b\bin\win64\libmx.dll
0x0000000004a90000 - 0x0000000004ab9000 	C:\Program Files\MATLAB\R2012b\bin\win64\tbbmalloc.dll
0x000000007a210000 - 0x000000007a228000 	C:\Program Files\MATLAB\R2012b\bin\win64\zlib1.dll
0x0000000004ae0000 - 0x0000000004b2d000 	C:\Program Files\MATLAB\R2012b\bin\win64\libmwregexp.dll
0x0000000004b40000 - 0x0000000004b63000 	C:\Program Files\MATLAB\R2012b\bin\win64\libmwmfl_scalar.dll
0x0000000075f10000 - 0x0000000075f60000 	C:\Program Files\MATLAB\R2012b\bin\win64\mpath.dll
0x000000007b680000 - 0x000000007bc9a000 	C:\Program Files\MATLAB\R2012b\bin\win64\mlutil.dll
0x00000000754d0000 - 0x0000000075551000 	C:\Program Files\MATLAB\R2012b\bin\win64\xmlcore.dll
0x0000000004bb0000 - 0x0000000004e03000 	C:\Program Files\MATLAB\R2012b\bin\win64\xerces-c_2_7.dll
0x0000000004e20000 - 0x0000000004e40000 	C:\Program Files\MATLAB\R2012b\bin\win64\libmwMATLAB_settings_res.dll
0x0000000004e50000 - 0x0000000004e60000 	C:\Program Files\MATLAB\R2012b\bin\win64\boost_iostreams-vc90-mt-1_44.dll
0x0000000004e70000 - 0x0000000004eb7000 	C:\Program Files\MATLAB\R2012b\bin\win64\boost_serialization-vc90-mt-1_44.dll
0x000007fefdba0000 - 0x000007fefe928000 	C:\Windows\system32\SHELL32.dll
0x000007feff0d0000 - 0x000007feff141000 	C:\Windows\system32\SHLWAPI.dll
0x000007fefa2d0000 - 0x000007fefa370000 	C:\Windows\WinSxS\amd64_microsoft.windows.common-controls_6595b64144ccf1df_5.82.7601.18201_none_a4d3b9377117c3df\COMCTL32.dll
0x000007feff1c0000 - 0x000007feff257000 	C:\Windows\system32\COMDLG32.dll
0x000007fefc860000 - 0x000007fefc876000 	C:\Windows\system32\NETAPI32.dll
0x000007fefce50000 - 0x000007fefce5c000 	C:\Windows\system32\netutils.dll
0x000007fefcee0000 - 0x000007fefcf03000 	C:\Windows\system32\srvcli.dll
0x000007fefc840000 - 0x000007fefc855000 	C:\Windows\system32\wkscli.dll
0x000007feff700000 - 0x000007feff903000 	C:\Windows\system32\ole32.dll
0x000007fefd810000 - 0x000007fefd8e7000 	C:\Windows\system32\OLEAUT32.dll
0x0000000074970000 - 0x0000000074a31000 	C:\Program Files\MATLAB\R2012b\bin\win64\mcr.dll
0x0000000075000000 - 0x00000000753e9000 	C:\Program Files\MATLAB\R2012b\bin\win64\iqm.dll
0x0000000074e80000 - 0x0000000074f38000 	C:\Program Files\MATLAB\R2012b\bin\win64\m_dispatcher.dll
0x0000000074880000 - 0x000000007496d000 	C:\Program Files\MATLAB\R2012b\bin\win64\boost_regex-vc90-mt-1_44.dll
0x000007fef2bb0000 - 0x000007fef3421000 	C:\Program Files\MATLAB\R2012b\bin\win64\m_interpreter.dll
0x000000006f3b0000 - 0x000000006f3d7000 	C:\Program Files\MATLAB\R2012b\bin\win64\libmex.dll
0x000000006c880000 - 0x000000006c904000 	C:\Program Files\MATLAB\R2012b\bin\win64\profiler.dll
0x0000000004f40000 - 0x00000000051aa000 	C:\Program Files\MATLAB\R2012b\bin\win64\libmwmathutil.dll
0x0000000079f40000 - 0x0000000079f6e000 	C:\Program Files\MATLAB\R2012b\bin\win64\libmwmathrng.dll
0x00000000051d0000 - 0x00000000051e2000 	C:\Program Files\MATLAB\R2012b\bin\win64\libmwmfl_rng.dll
0x0000000074c10000 - 0x0000000074cee000 	C:\Program Files\MATLAB\R2012b\bin\win64\libmwmathcore.dll
0x0000000076160000 - 0x00000000761ca000 	C:\Program Files\MATLAB\R2012b\bin\win64\libmwspmatrix.dll
0x0000000075ea0000 - 0x0000000075f02000 	C:\Program Files\MATLAB\R2012b\bin\win64\libmwcholmod.dll
0x000000007a460000 - 0x000000007a46d000 	C:\Program Files\MATLAB\R2012b\bin\win64\libmwamd.dll
0x000000007a4b0000 - 0x000000007a4bc000 	C:\Program Files\MATLAB\R2012b\bin\win64\libmwcolamd.dll
0x000000007a290000 - 0x000000007a2a9000 	C:\Program Files\MATLAB\R2012b\bin\win64\libmwblas.dll
0x000000007a310000 - 0x000000007a321000 	C:\Program Files\MATLAB\R2012b\bin\win64\libmwbinder.dll
0x000000007a4d0000 - 0x000000007a4dc000 	C:\Program Files\MATLAB\R2012b\bin\win64\libmwompwrapper.dll
0x0000000005280000 - 0x0000000005305000 	C:\Program Files\MATLAB\R2012b\bin\win64\libmwlapack.dll
0x000000006f510000 - 0x000000006f531000 	C:\Program Files\MATLAB\R2012b\bin\win64\m_pcodeio.dll
0x0000000079b10000 - 0x0000000079b77000 	C:\Program Files\MATLAB\R2012b\bin\win64\m_ir.dll
0x0000000060120000 - 0x0000000060790000 	C:\Program Files\MATLAB\R2012b\bin\win64\m_parser.dll
0x000000006f7a0000 - 0x000000006f7ba000 	C:\Program Files\MATLAB\R2012b\bin\win64\ir_xfmr.dll
0x000007feed5a0000 - 0x000007feed836000 	C:\Program Files\MATLAB\R2012b\bin\win64\mcos.dll
0x000000006f390000 - 0x000000006f3a1000 	C:\Program Files\MATLAB\R2012b\bin\win64\mtok.dll
0x000000006d500000 - 0x000000006d531000 	C:\Program Files\MATLAB\R2012b\bin\win64\m_pcodegen.dll
0x0000000079fb0000 - 0x0000000079fe6000 	C:\Program Files\MATLAB\R2012b\bin\win64\libmwbridge.dll
0x00000000665e0000 - 0x00000000666a8000 	C:\Program Files\MATLAB\R2012b\bin\win64\udd.dll
0x0000000065280000 - 0x00000000653d2000 	C:\Program Files\MATLAB\R2012b\bin\win64\libmwgui.dll
0x000000006d3f0000 - 0x000000006d407000 	C:\Program Files\MATLAB\R2012b\bin\win64\graphics_util.dll
0x0000000056290000 - 0x0000000056cef000 	C:\Program Files\MATLAB\R2012b\bin\win64\hg.dll
0x00000000053e0000 - 0x0000000005448000 	C:\Program Files\MATLAB\R2012b\bin\win64\libmat.dll
0x0000000072d30000 - 0x0000000072f44000 	C:\Program Files\MATLAB\R2012b\bin\win64\hdf5dll.dll
0x0000000075710000 - 0x00000000757de000 	C:\Program Files\MATLAB\R2012b\bin\win64\jmi.dll
0x0000000005480000 - 0x000000000548d000 	C:\Program Files\MATLAB\R2012b\bin\win64\nativejava_services.dll
0x000000006d3a0000 - 0x000000006d3e6000 	C:\Program Files\MATLAB\R2012b\bin\win64\libmwhardcopy.dll
0x000000006ce40000 - 0x000000006cea3000 	C:\Program Files\MATLAB\R2012b\bin\win64\libuij.dll
0x0000000063e70000 - 0x00000000640d4000 	C:\Program Files\MATLAB\R2012b\bin\win64\hgdatatypes.dll
0x00000000664c0000 - 0x00000000665df000 	C:\Program Files\MATLAB\R2012b\bin\win64\hgutils.dll
0x0000000063390000 - 0x0000000063450000 	C:\Program Files\MATLAB\R2012b\bin\win64\udd_mi.dll
0x00000000054f0000 - 0x000000000552b000 	C:\Program Files\MATLAB\R2012b\bin\win64\libmwgbtutils.dll
0x0000000005540000 - 0x000000000555b000 	C:\Program Files\MATLAB\R2012b\bin\win64\libmwgbt.dll
0x0000000005570000 - 0x0000000005841000 	C:\Program Files\MATLAB\R2012b\bin\win64\uiw.dll
0x000000006f6a0000 - 0x000000006f6af000 	C:\Program Files\MATLAB\R2012b\bin\win64\uinone.dll
0x0000000005870000 - 0x0000000005899000 	C:\Program Files\MATLAB\R2012b\bin\win64\libmwnativefiledialogs.dll
0x00000000058b0000 - 0x00000000058b8000 	C:\Program Files\MATLAB\R2012b\bin\win64\libmwplatform_res.dll
0x000007fef6410000 - 0x000007fef6428000 	C:\Windows\system32\MPR.dll
0x000000005c860000 - 0x000000005cd44000 	C:\Windows\WinSxS\amd64_microsoft.vc90.mfc_1fc8b3b9a1e18e3b_9.0.30729.6161_none_044aad0bab1eb146\mfc90.dll
0x000007fefa2c0000 - 0x000007fefa2c7000 	C:\Windows\system32\MSIMG32.dll
0x000007fef8f40000 - 0x000007fef8fb1000 	C:\Windows\system32\WINSPOOL.DRV
0x000000006ce10000 - 0x000000006ce32000 	C:\Program Files\MATLAB\R2012b\bin\win64\mwoles05.DLL
0x000000006c800000 - 0x000000006c87d000 	C:\Program Files\MATLAB\R2012b\bin\win64\comcli.dll
0x0000000069e10000 - 0x0000000069e3f000 	C:\Windows\WinSxS\amd64_microsoft.vc90.atl_1fc8b3b9a1e18e3b_9.0.30729.6161_none_0a1fd3a3a768b895\ATL90.DLL
0x000000006ce00000 - 0x000000006ce0c000 	C:\Program Files\MATLAB\R2012b\bin\win64\mlautoregister.dll
0x000007fefe930000 - 0x000007fefe95e000 	C:\Windows\system32\IMM32.DLL
0x000007fefd8f0000 - 0x000007fefd9f9000 	C:\Windows\system32\MSCTF.dll
0x000007fefd390000 - 0x000007fefd3d6000 	C:\Windows\system32\nvinitx.dll
0x000000000f000000 - 0x000000000f006000 	C:\Program Files\NVIDIA Corporation\CoProcManager\_etoured.dll
0x000007fef7820000 - 0x000007fef7875000 	C:\Program Files\NVIDIA Corporation\CoProcManager\nvd3d9wrapx.dll
0x000007feff320000 - 0x000007feff4f7000 	C:\Windows\system32\SETUPAPI.dll
0x000007fefd560000 - 0x000007fefd596000 	C:\Windows\system32\CFGMGR32.dll
0x000007fefd7a0000 - 0x000007fefd7ba000 	C:\Windows\system32\DEVOBJ.dll
0x000007fef7460000 - 0x000007fef749d000 	C:\Program Files\NVIDIA Corporation\CoProcManager\nvdxgiwrapx.dll
0x000007fefa1d0000 - 0x000007fefa226000 	C:\Windows\system32\UxTheme.dll
0x000007fefa1b0000 - 0x000007fefa1c8000 	C:\Windows\system32\dwmapi.dll
0x000000006e9d0000 - 0x000000006e9dd000 	C:\Windows\WinSxS\amd64_microsoft.vc90.mfcloc_1fc8b3b9a1e18e3b_9.0.30729.6161_none_01c9581e60cbee58\MFC90ENU.DLL
0x000007fefd3e0000 - 0x000007fefd3ef000 	C:\Windows\system32\profapi.dll
0x0000000005b80000 - 0x0000000005b8f000 	C:\Program Files\MATLAB\R2012b\bin\win64\xmlxrcsc.dll
0x000007fefd2c0000 - 0x000007fefd2cf000 	C:\Windows\system32\CRYPTBASE.dll

VM Arguments:
jvm_args: -Xss512k -XX:PermSize=32m -Xms64m -XX:NewRatio=3 -XX:MaxPermSize=128m -Xmx196m -XX:MaxDirectMemorySize=2147400000 -Dsun.java2d.noddraw=true -Dsun.awt.nopixfmt=true -Xshare:off -Xrs -Dsun.awt.disableMixing=true -Djava.library.path=C:\Program Files\MATLAB\R2012b\bin\win64;C:\Program Files\MATLAB\R2012b\sys\jxbrowser\win64\lib vfprintf abort 
java_command: <unknown>
Launcher Type: generic

Environment Variables:
PATH=C:\Windows\system32;C:\Windows;C:\Windows\System32\Wbem;C:\Windows\System32\WindowsPowerShell\v1.0\;C:\Program Files\Intel\WiFi\bin\;C:\Program Files\Common Files\Intel\WirelessCommon\;C:\Program Files\MATLAB\R2012b\runtime\win64;C:\Program Files\MATLAB\R2012b\bin;C:\Program Files (x86)\Git\cmd;C:\Program Files\OpenVPN\bin;C:\Program Files (x86)\..\php;C:\Program Files\Intel\WiFi\bin\;C:\Program Files\Common Files\Intel\WirelessCommon\
USERNAME=Max
OS=Windows_NT
PROCESSOR_IDENTIFIER=Intel64 Family 6 Model 42 Stepping 7, GenuineIntel



---------------  S Y S T E M  ---------------

OS: Windows 7 Build 7601 Service Pack 1

CPU:total 8 (8 cores per cpu, 2 threads per core) family 6 model 42 stepping 7, cmov, cx8, fxsr, mmx, sse, sse2, sse3, ssse3, sse4.1, sse4.2, ht

Memory: 4k page, physical 16657648k(11801980k free), swap 33313432k(28183952k free)

vm_info: Java HotSpot(TM) 64-Bit Server VM (14.3-b01) for windows-amd64 JRE (1.6.0_17-b04), built on Oct 11 2009 00:46:08 by "java_re" with MS VC++ 8.0

time: Fri Nov 08 17:28:57 2013
elapsed time: 30447 seconds

