#
# A fatal error has been detected by the Java Runtime Environment:
#
#  EXCEPTION_ACCESS_VIOLATION (0xc0000005) at pc=0x000000007322c750, pid=6932, tid=8232
#
# JRE version: 6.0_17-b04
# Java VM: Java HotSpot(TM) 64-Bit Server VM (14.3-b01 mixed mode windows-amd64 )
# Problematic frame:
# C  0x000000007322c750
#
# If you would like to submit a bug report, please visit:
#   http://java.sun.com/webapps/bugreport/crash.jsp
# The crash happened outside the Java Virtual Machine in native code.
# See problematic frame for where to report the bug.
#

---------------  T H R E A D  ---------------

Current thread (0x000000005af52000):  JavaThread "AWT-EventQueue-0" [_thread_in_native, id=8232, stack(0x000000000ed80000,0x000000000ee00000)]

siginfo: ExceptionCode=0xc0000005, reading address 0x0000000000000008

Registers:
EAX=0x000000000000000d, EBX=0x000000005af521b8, ECX=0x0000000000000000, EDX=0xffffffffb9012872
ESP=0x000000000edfdbc8, EBP=0x000000005b5ac950, ESI=0x000000005af521b8, EDI=0x000000000e793af0
EIP=0x000000007322c750, EFLAGS=0x0000000000010206

Top of Stack: (sp=0x000000000edfdbc8)
0x000000000edfdbc8:   00000000731d589c 0000000000000000
0x000000000edfdbd8:   000000005af521b8 000000005b5ac950
0x000000000edfdbe8:   000000005af521b8 000000003e0c6690
0x000000000edfdbf8:   000000005af521b8 0000000039103f30
0x000000000edfdc08:   00000000731b3810 000000005af521b8
0x000000000edfdc18:   000000000edfe2e0 000000000edfe358
0x000000000edfdc28:   000000005b5ac950 0000000040fc5de0
0x000000000edfdc38:   00000000731d2151 000000003e1845f0
0x000000000edfdc48:   000000000edfe350 0000000000000000
0x000000000edfdc58:   000000000edfe358 0000000000000383
0x000000000edfdc68:   0000000000000000 000000003fadac90
0x000000000edfdc78:   0000000100000000 0000000100000000
0x000000000edfdc88:   000000003ef0bc68 0000000000000000
0x000000000edfdc98:   0000000000000001 0000000000000000
0x000000000edfdca8:   00000000483d14a0 0000000000000310
0x000000000edfdcb8:   00000000335fb894 0000000040fc8940 

Instructions: (pc=0x000000007322c750)
0x000000007322c740:   48 8b 41 08 48 8b 80 18 0c 00 00 c3 cc cc cc cc
0x000000007322c750:   48 8b 49 08 48 85 c9 74 05 e9 72 f6 fd ff 33 c0 


Stack: [0x000000000ed80000,0x000000000ee00000],  sp=0x000000000edfdbc8,  free space=502k
Native frames: (J=compiled Java code, j=interpreted, Vv=VM code, C=native code)
C  0x000000007322c750

Java frames: (J=compiled Java code, j=interpreted, Vv=VM code)
j  sun.java2d.windows.GDIBlitLoops.nativeBlit(Lsun/java2d/SurfaceData;Lsun/java2d/SurfaceData;Lsun/java2d/pipe/Region;IIIIIIIIIZ)V+0
j  sun.java2d.windows.GDIBlitLoops.Blit(Lsun/java2d/SurfaceData;Lsun/java2d/SurfaceData;Ljava/awt/Composite;Lsun/java2d/pipe/Region;IIIIII)V+33
j  sun.java2d.pipe.DrawImage.blitSurfaceData(Lsun/java2d/SunGraphics2D;Lsun/java2d/pipe/Region;Lsun/java2d/SurfaceData;Lsun/java2d/SurfaceData;Lsun/java2d/loops/SurfaceType;Lsun/java2d/loops/SurfaceType;IIIIIILjava/awt/Color;)V+97
j  sun.java2d.pipe.DrawImage.renderImageCopy(Lsun/java2d/SunGraphics2D;Ljava/awt/Image;Ljava/awt/Color;IIIIII)Z+75
j  sun.java2d.pipe.DrawImage.copyImage(Lsun/java2d/SunGraphics2D;Ljava/awt/Image;IILjava/awt/Color;)Z+45
j  sun.java2d.pipe.DrawImage.copyImage(Lsun/java2d/SunGraphics2D;Ljava/awt/Image;IILjava/awt/Color;Ljava/awt/image/ImageObserver;)Z+15
J  sun.java2d.SunGraphics2D.drawImage(Ljava/awt/Image;IILjava/awt/Color;Ljava/awt/image/ImageObserver;)Z
J  javax.swing.RepaintManager$PaintManager.paintDoubleBuffered(Ljavax/swing/JComponent;Ljava/awt/Image;Ljava/awt/Graphics;IIII)V
j  javax.swing.RepaintManager$PaintManager.paint(Ljavax/swing/JComponent;Ljavax/swing/JComponent;Ljava/awt/Graphics;IIII)Z+116
j  javax.swing.RepaintManager.paint(Ljavax/swing/JComponent;Ljavax/swing/JComponent;Ljava/awt/Graphics;IIII)V+52
J  javax.swing.JComponent.paint(Ljava/awt/Graphics;)V
j  java.awt.GraphicsCallback$PaintCallback.run(Ljava/awt/Component;Ljava/awt/Graphics;)V+2
j  sun.awt.SunGraphicsCallback.runOneComponent(Ljava/awt/Component;Ljava/awt/Rectangle;Ljava/awt/Graphics;Ljava/awt/Shape;I)V+155
j  sun.awt.SunGraphicsCallback.runComponents([Ljava/awt/Component;Ljava/awt/Graphics;I)V+104
j  java.awt.Container.paint(Ljava/awt/Graphics;)V+73
J  javax.swing.RepaintManager.paintDirtyRegions(Ljava/util/Map;)V
j  javax.swing.RepaintManager.paintDirtyRegions()V+46
j  javax.swing.RepaintManager.seqPaintDirtyRegions()V+73
j  javax.swing.SystemEventQueueUtilities$ComponentWorkRequest.run()V+36
J  java.awt.event.InvocationEvent.dispatch()V
J  java.awt.EventDispatchThread.pumpOneEventForFilters(I)Z
J  java.awt.EventDispatchThread.pumpEventsForFilter(ILjava/awt/Conditional;Ljava/awt/EventFilter;)V
j  java.awt.EventDispatchThread.pumpEventsForHierarchy(ILjava/awt/Conditional;Ljava/awt/Component;)V+11
j  java.awt.EventDispatchThread.pumpEvents(ILjava/awt/Conditional;)V+4
j  java.awt.EventDispatchThread.pumpEvents(Ljava/awt/Conditional;)V+3
j  java.awt.EventDispatchThread.run()V+9
v  ~StubRoutines::call_stub

---------------  P R O C E S S  ---------------

Java Threads: ( => current thread )
  0x000000005b11d800 JavaThread "Explorer NavigationContext request queue" [_thread_blocked, id=5228, stack(0x000000001d2f0000,0x000000001d370000)]
  0x0000000071d25000 JavaThread "Code Analyzer updating thread" [_thread_blocked, id=5384, stack(0x00000000213c0000,0x0000000021440000)]
  0x000000005b124800 JavaThread "Foxtrot Single Worker Thread #1" daemon [_thread_blocked, id=6892, stack(0x000000001c980000,0x000000001ca00000)]
  0x000000005b121000 JavaThread "Code Analyzer updating thread" [_thread_blocked, id=7972, stack(0x0000000017010000,0x0000000017090000)]
  0x000000005b11c800 JavaThread "Code Analyzer updating thread" [_thread_blocked, id=6276, stack(0x000000000fa80000,0x000000000fb00000)]
  0x000000005b126000 JavaThread "Prefs Updater" daemon [_thread_blocked, id=8184, stack(0x0000000016ad0000,0x0000000016b50000)]
  0x0000000071d22800 JavaThread "Swing-Shell" daemon [_thread_blocked, id=6432, stack(0x000000002fb60000,0x000000002fbe0000)]
  0x000000005b11e000 JavaThread "Active Reference Queue Daemon" daemon [_thread_blocked, id=2400, stack(0x000000002d780000,0x000000002d800000)]
  0x000000005b11f000 JavaThread "Timer-7" daemon [_thread_blocked, id=8080, stack(0x000000002d8a0000,0x000000002d920000)]
  0x000000005b11f800 JavaThread "Timer-6" daemon [_thread_blocked, id=5580, stack(0x0000000029690000,0x0000000029710000)]
  0x000000005b11c000 JavaThread "AddressBar directory emptiness poller" [_thread_blocked, id=6624, stack(0x00000000191f0000,0x0000000019270000)]
  0x000000005b11b000 JavaThread "Explorer Refresh Service 87924608" [_thread_blocked, id=4144, stack(0x00000000150f0000,0x0000000015170000)]
  0x000000005b11a000 JavaThread "Timer-1" daemon [_thread_blocked, id=5172, stack(0x0000000015010000,0x0000000015090000)]
  0x000000005b119000 JavaThread "TimerQueue" daemon [_thread_blocked, id=8464, stack(0x000000000f840000,0x000000000f8c0000)]
  0x000000005b118800 JavaThread "Thread-5" daemon [_thread_blocked, id=9040, stack(0x000000000f8d0000,0x000000000f950000)]
  0x000000005b117800 JavaThread "FelixPackageAdmin" daemon [_thread_blocked, id=3052, stack(0x000000000fb00000,0x000000000fb80000)]
  0x000000005af4a000 JavaThread "FelixStartLevel" daemon [_thread_blocked, id=3088, stack(0x000000000fa00000,0x000000000fa80000)]
  0x000000005af4d000 JavaThread "FelixDispatchQueue" daemon [_thread_blocked, id=4324, stack(0x000000000ee90000,0x000000000ef10000)]
=>0x000000005af52000 JavaThread "AWT-EventQueue-0" [_thread_in_native, id=8232, stack(0x000000000ed80000,0x000000000ee00000)]
  0x000000005b1b0000 JavaThread "com.google.common.base.internal.Finalizer" daemon [_thread_blocked, id=7252, stack(0x000000000ecb0000,0x000000000ed30000)]
  0x000000005ad93000 JavaThread "AWT-Windows" daemon [_thread_in_native, id=6048, stack(0x000000000a420000,0x000000000a4a0000)]
  0x000000005ad91000 JavaThread "AWT-Shutdown" [_thread_blocked, id=9180, stack(0x000000000ead0000,0x000000000eb50000)]
  0x000000005ad90800 JavaThread "Java2D Disposer" daemon [_thread_blocked, id=7804, stack(0x000000000a3a0000,0x000000000a420000)]
  0x000000005a9e8800 JavaThread "Timer-0" [_thread_blocked, id=1396, stack(0x0000000009ef0000,0x0000000009f70000)]
  0x000000005a998000 JavaThread "EventMgr Dispatcher" daemon [_thread_in_native, id=4008, stack(0x000000000a4a0000,0x000000000e4a0000)]
  0x000000000e669800 JavaThread "Low Memory Detector" daemon [_thread_blocked, id=9016, stack(0x000000000a2d0000,0x000000000a350000)]
  0x000000000e665000 JavaThread "CompilerThread1" daemon [_thread_blocked, id=6324, stack(0x0000000090310000,0x0000000094310000)]
  0x000000000e65f000 JavaThread "CompilerThread0" daemon [_thread_blocked, id=5716, stack(0x000000008c1d0000,0x00000000901d0000)]
  0x000000000e65e800 JavaThread "Attach Listener" daemon [_thread_blocked, id=9200, stack(0x000000000a1d0000,0x000000000a250000)]
  0x000000000e602800 JavaThread "Finalizer" daemon [_thread_blocked, id=5960, stack(0x0000000009f90000,0x000000000a010000)]
  0x000000000e5fe000 JavaThread "Reference Handler" daemon [_thread_blocked, id=6364, stack(0x0000000009dc0000,0x0000000009e40000)]
  0x0000000005a97000 JavaThread "main" [_thread_in_native, id=8812, stack(0x00000000000f0000,0x00000000040f0000)]

Other Threads:
  0x000000000e5f9000 VMThread [stack: 0x0000000088170000,0x000000008c170000] [id=2092]
  0x000000000e691000 WatcherThread [stack: 0x0000000094330000,0x0000000098330000] [id=7056]

VM state:not at safepoint (normal execution)

VM Mutex/Monitor currently owned by a thread: None

Heap
 PSYoungGen      total 49216K, used 18494K [0x00000000472d0000, 0x000000004a3d0000, 0x000000004a3d0000)
  eden space 48256K, 36% used [0x00000000472d0000,0x00000000483f1040,0x000000004a1f0000)
  from space 960K, 99% used [0x000000004a1f0000,0x000000004a2de918,0x000000004a2e0000)
  to   space 960K, 0% used [0x000000004a2e0000,0x000000004a2e0000,0x000000004a3d0000)
 PSOldGen        total 122496K, used 95823K [0x000000003dfd0000, 0x0000000045770000, 0x00000000472d0000)
  object space 122496K, 78% used [0x000000003dfd0000,0x0000000043d63f60,0x0000000045770000)
 PSPermGen       total 108160K, used 68663K [0x0000000035fd0000, 0x000000003c970000, 0x000000003dfd0000)
  object space 108160K, 63% used [0x0000000035fd0000,0x000000003a2ddf68,0x000000003c970000)

Dynamic libraries:
0x000000013f6c0000 - 0x000000013f6ed000 	C:\Program Files\MATLAB\R2012b\bin\win64\MATLAB.exe
0x0000000077600000 - 0x00000000777a9000 	C:\Windows\SYSTEM32\ntdll.dll
0x00000000773e0000 - 0x00000000774ff000 	C:\Windows\system32\kernel32.dll
0x000007fefd680000 - 0x000007fefd6eb000 	C:\Windows\system32\KERNELBASE.dll
0x0000000074460000 - 0x000000007451f000 	C:\Program Files\MATLAB\R2012b\bin\win64\libut.dll
0x00000000758a0000 - 0x000000007595c000 	C:\Program Files\MATLAB\R2012b\bin\win64\libmwi18n.dll
0x0000000180000000 - 0x000000018000b000 	C:\Program Files\MATLAB\R2012b\bin\win64\libmwresource_core.dll
0x0000000072770000 - 0x0000000072843000 	C:\Windows\WinSxS\amd64_microsoft.vc90.crt_1fc8b3b9a1e18e3b_9.0.30729.6161_none_08e61857a83bc251\MSVCP90.dll
0x00000000726c0000 - 0x0000000072763000 	C:\Windows\WinSxS\amd64_microsoft.vc90.crt_1fc8b3b9a1e18e3b_9.0.30729.6161_none_08e61857a83bc251\MSVCR90.dll
0x000000007a170000 - 0x000000007a19c000 	C:\Program Files\MATLAB\R2012b\bin\win64\boost_filesystem-vc90-mt-1_44.dll
0x000000007a560000 - 0x000000007a569000 	C:\Program Files\MATLAB\R2012b\bin\win64\boost_system-vc90-mt-1_44.dll
0x000007fefeae0000 - 0x000007fefebbb000 	C:\Windows\system32\ADVAPI32.dll
0x000007feff480000 - 0x000007feff51f000 	C:\Windows\system32\msvcrt.dll
0x000007feff380000 - 0x000007feff39f000 	C:\Windows\SYSTEM32\sechost.dll
0x000007fefefe0000 - 0x000007feff10d000 	C:\Windows\system32\RPCRT4.dll
0x000000007a010000 - 0x000000007a035000 	C:\Program Files\MATLAB\R2012b\bin\win64\LIBEXPAT.dll
0x000000006cb30000 - 0x000000006cd21000 	C:\Program Files\MATLAB\R2012b\bin\win64\icuin44.dll
0x000000006c9b0000 - 0x000000006cb21000 	C:\Program Files\MATLAB\R2012b\bin\win64\icuuc44.dll
0x0000000010000000 - 0x0000000010e41000 	C:\Program Files\MATLAB\R2012b\bin\win64\icudt44.dll
0x0000000073f70000 - 0x000000007411d000 	C:\Program Files\MATLAB\R2012b\bin\win64\libmwfl.dll
0x00000000043b0000 - 0x0000000004766000 	C:\Program Files\MATLAB\R2012b\bin\win64\libmwMATLAB_res.dll
0x000000007a3b0000 - 0x000000007a3c0000 	C:\Program Files\MATLAB\R2012b\bin\win64\boost_date_time-vc90-mt-1_44.dll
0x000000007a250000 - 0x000000007a263000 	C:\Program Files\MATLAB\R2012b\bin\win64\boost_signals-vc90-mt-1_44.dll
0x000000007a2d0000 - 0x000000007a2e2000 	C:\Program Files\MATLAB\R2012b\bin\win64\boost_thread-vc90-mt-1_44.dll
0x0000000004190000 - 0x000000000424d000 	C:\Program Files\MATLAB\R2012b\bin\win64\boost_log-vc90-mt-1_44.dll
0x00000000777c0000 - 0x00000000777c7000 	C:\Windows\system32\PSAPI.DLL
0x000007fefea90000 - 0x000007fefeadd000 	C:\Windows\system32\WS2_32.dll
0x000007fefda40000 - 0x000007fefda48000 	C:\Windows\system32\NSI.dll
0x0000000004260000 - 0x00000000042a6000 	C:\Program Files\MATLAB\R2012b\bin\win64\tbb.dll
0x000007feff690000 - 0x000007feff6a9000 	C:\Windows\system32\imagehlp.dll
0x0000000072180000 - 0x0000000072193000 	C:\Program Files\MATLAB\R2012b\bin\win64\icuio44.dll
0x000007fefb000000 - 0x000007fefb125000 	C:\Windows\system32\dbghelp.dll
0x0000000077500000 - 0x00000000775fa000 	C:\Windows\system32\USER32.dll
0x000007fefd7e0000 - 0x000007fefd847000 	C:\Windows\system32\GDI32.dll
0x000007fefda30000 - 0x000007fefda3e000 	C:\Windows\system32\LPK.dll
0x000007feff520000 - 0x000007feff5e9000 	C:\Windows\system32\USP10.dll
0x0000000004790000 - 0x0000000004a6c000 	C:\Program Files\MATLAB\R2012b\bin\win64\libmwservices.dll
0x0000000075a20000 - 0x0000000075af3000 	C:\Program Files\MATLAB\R2012b\bin\win64\libmx.dll
0x0000000004a90000 - 0x0000000004ab9000 	C:\Program Files\MATLAB\R2012b\bin\win64\tbbmalloc.dll
0x000000007a210000 - 0x000000007a228000 	C:\Program Files\MATLAB\R2012b\bin\win64\zlib1.dll
0x0000000004ae0000 - 0x0000000004b2d000 	C:\Program Files\MATLAB\R2012b\bin\win64\libmwregexp.dll
0x0000000004b40000 - 0x0000000004b63000 	C:\Program Files\MATLAB\R2012b\bin\win64\libmwmfl_scalar.dll
0x0000000075f10000 - 0x0000000075f60000 	C:\Program Files\MATLAB\R2012b\bin\win64\mpath.dll
0x000000007b680000 - 0x000000007bc9a000 	C:\Program Files\MATLAB\R2012b\bin\win64\mlutil.dll
0x00000000754d0000 - 0x0000000075551000 	C:\Program Files\MATLAB\R2012b\bin\win64\xmlcore.dll
0x0000000004bb0000 - 0x0000000004e03000 	C:\Program Files\MATLAB\R2012b\bin\win64\xerces-c_2_7.dll
0x0000000004e20000 - 0x0000000004e40000 	C:\Program Files\MATLAB\R2012b\bin\win64\libmwMATLAB_settings_res.dll
0x0000000004e50000 - 0x0000000004e60000 	C:\Program Files\MATLAB\R2012b\bin\win64\boost_iostreams-vc90-mt-1_44.dll
0x0000000004e70000 - 0x0000000004eb7000 	C:\Program Files\MATLAB\R2012b\bin\win64\boost_serialization-vc90-mt-1_44.dll
0x000007fefda50000 - 0x000007fefe7d8000 	C:\Windows\system32\SHELL32.dll
0x000007feff6b0000 - 0x000007feff721000 	C:\Windows\system32\SHLWAPI.dll
0x000007fef9980000 - 0x000007fef9a20000 	C:\Windows\WinSxS\amd64_microsoft.windows.common-controls_6595b64144ccf1df_5.82.7601.18201_none_a4d3b9377117c3df\COMCTL32.dll
0x000007feff5f0000 - 0x000007feff687000 	C:\Windows\system32\COMDLG32.dll
0x000007fefc7e0000 - 0x000007fefc7f6000 	C:\Windows\system32\NETAPI32.dll
0x000007fefc860000 - 0x000007fefc86c000 	C:\Windows\system32\netutils.dll
0x000007fefce40000 - 0x000007fefce63000 	C:\Windows\system32\srvcli.dll
0x000007fefc3a0000 - 0x000007fefc3b5000 	C:\Windows\system32\wkscli.dll
0x000007fefedd0000 - 0x000007fefefd3000 	C:\Windows\system32\ole32.dll
0x000007feff3a0000 - 0x000007feff477000 	C:\Windows\system32\OLEAUT32.dll
0x0000000074970000 - 0x0000000074a31000 	C:\Program Files\MATLAB\R2012b\bin\win64\mcr.dll
0x0000000075000000 - 0x00000000753e9000 	C:\Program Files\MATLAB\R2012b\bin\win64\iqm.dll
0x0000000074e80000 - 0x0000000074f38000 	C:\Program Files\MATLAB\R2012b\bin\win64\m_dispatcher.dll
0x0000000074880000 - 0x000000007496d000 	C:\Program Files\MATLAB\R2012b\bin\win64\boost_regex-vc90-mt-1_44.dll
0x000007fee9e30000 - 0x000007feea6a1000 	C:\Program Files\MATLAB\R2012b\bin\win64\m_interpreter.dll
0x000000006f6a0000 - 0x000000006f6c7000 	C:\Program Files\MATLAB\R2012b\bin\win64\libmex.dll
0x000000006cde0000 - 0x000000006ce64000 	C:\Program Files\MATLAB\R2012b\bin\win64\profiler.dll
0x0000000004f40000 - 0x00000000051aa000 	C:\Program Files\MATLAB\R2012b\bin\win64\libmwmathutil.dll
0x0000000079f40000 - 0x0000000079f6e000 	C:\Program Files\MATLAB\R2012b\bin\win64\libmwmathrng.dll
0x00000000051d0000 - 0x00000000051e2000 	C:\Program Files\MATLAB\R2012b\bin\win64\libmwmfl_rng.dll
0x0000000074c10000 - 0x0000000074cee000 	C:\Program Files\MATLAB\R2012b\bin\win64\libmwmathcore.dll
0x0000000076160000 - 0x00000000761ca000 	C:\Program Files\MATLAB\R2012b\bin\win64\libmwspmatrix.dll
0x0000000075ea0000 - 0x0000000075f02000 	C:\Program Files\MATLAB\R2012b\bin\win64\libmwcholmod.dll
0x000000007a460000 - 0x000000007a46d000 	C:\Program Files\MATLAB\R2012b\bin\win64\libmwamd.dll
0x000000007a4b0000 - 0x000000007a4bc000 	C:\Program Files\MATLAB\R2012b\bin\win64\libmwcolamd.dll
0x000000007a290000 - 0x000000007a2a9000 	C:\Program Files\MATLAB\R2012b\bin\win64\libmwblas.dll
0x000000007a310000 - 0x000000007a321000 	C:\Program Files\MATLAB\R2012b\bin\win64\libmwbinder.dll
0x000000007a4d0000 - 0x000000007a4dc000 	C:\Program Files\MATLAB\R2012b\bin\win64\libmwompwrapper.dll
0x0000000005280000 - 0x0000000005305000 	C:\Program Files\MATLAB\R2012b\bin\win64\libmwlapack.dll
0x000000006f340000 - 0x000000006f361000 	C:\Program Files\MATLAB\R2012b\bin\win64\m_pcodeio.dll
0x0000000079b10000 - 0x0000000079b77000 	C:\Program Files\MATLAB\R2012b\bin\win64\m_ir.dll
0x0000000061020000 - 0x0000000061690000 	C:\Program Files\MATLAB\R2012b\bin\win64\m_parser.dll
0x000000006fd90000 - 0x000000006fdaa000 	C:\Program Files\MATLAB\R2012b\bin\win64\ir_xfmr.dll
0x000007feede50000 - 0x000007feee0e6000 	C:\Program Files\MATLAB\R2012b\bin\win64\mcos.dll
0x000000006f320000 - 0x000000006f331000 	C:\Program Files\MATLAB\R2012b\bin\win64\mtok.dll
0x000000006c830000 - 0x000000006c861000 	C:\Program Files\MATLAB\R2012b\bin\win64\m_pcodegen.dll
0x0000000079fb0000 - 0x0000000079fe6000 	C:\Program Files\MATLAB\R2012b\bin\win64\libmwbridge.dll
0x0000000064060000 - 0x0000000064128000 	C:\Program Files\MATLAB\R2012b\bin\win64\udd.dll
0x0000000062490000 - 0x00000000625e2000 	C:\Program Files\MATLAB\R2012b\bin\win64\libmwgui.dll
0x000000006f300000 - 0x000000006f317000 	C:\Program Files\MATLAB\R2012b\bin\win64\graphics_util.dll
0x00000000605c0000 - 0x000000006101f000 	C:\Program Files\MATLAB\R2012b\bin\win64\hg.dll
0x00000000053e0000 - 0x0000000005448000 	C:\Program Files\MATLAB\R2012b\bin\win64\libmat.dll
0x0000000072d30000 - 0x0000000072f44000 	C:\Program Files\MATLAB\R2012b\bin\win64\hdf5dll.dll
0x0000000075710000 - 0x00000000757de000 	C:\Program Files\MATLAB\R2012b\bin\win64\jmi.dll
0x0000000005480000 - 0x000000000548d000 	C:\Program Files\MATLAB\R2012b\bin\win64\nativejava_services.dll
0x000000006c7e0000 - 0x000000006c826000 	C:\Program Files\MATLAB\R2012b\bin\win64\libmwhardcopy.dll
0x0000000063ff0000 - 0x0000000064053000 	C:\Program Files\MATLAB\R2012b\bin\win64\libuij.dll
0x0000000062220000 - 0x0000000062484000 	C:\Program Files\MATLAB\R2012b\bin\win64\hgdatatypes.dll
0x000000005e540000 - 0x000000005e65f000 	C:\Program Files\MATLAB\R2012b\bin\win64\hgutils.dll
0x0000000062160000 - 0x0000000062220000 	C:\Program Files\MATLAB\R2012b\bin\win64\udd_mi.dll
0x00000000054f0000 - 0x000000000552b000 	C:\Program Files\MATLAB\R2012b\bin\win64\libmwgbtutils.dll
0x0000000005540000 - 0x000000000555b000 	C:\Program Files\MATLAB\R2012b\bin\win64\libmwgbt.dll
0x0000000005570000 - 0x0000000005841000 	C:\Program Files\MATLAB\R2012b\bin\win64\uiw.dll
0x000000006f2f0000 - 0x000000006f2ff000 	C:\Program Files\MATLAB\R2012b\bin\win64\uinone.dll
0x0000000005870000 - 0x0000000005899000 	C:\Program Files\MATLAB\R2012b\bin\win64\libmwnativefiledialogs.dll
0x00000000058b0000 - 0x00000000058b8000 	C:\Program Files\MATLAB\R2012b\bin\win64\libmwplatform_res.dll
0x000007fefab50000 - 0x000007fefab68000 	C:\Windows\system32\MPR.dll
0x000000005d360000 - 0x000000005d844000 	C:\Windows\WinSxS\amd64_microsoft.vc90.mfc_1fc8b3b9a1e18e3b_9.0.30729.6161_none_044aad0bab1eb146\mfc90.dll
0x000007fef9970000 - 0x000007fef9977000 	C:\Windows\system32\MSIMG32.dll
0x000007fef7b10000 - 0x000007fef7b81000 	C:\Windows\system32\WINSPOOL.DRV
0x0000000063fc0000 - 0x0000000063fe2000 	C:\Program Files\MATLAB\R2012b\bin\win64\mwoles05.DLL
0x0000000060540000 - 0x00000000605bd000 	C:\Program Files\MATLAB\R2012b\bin\win64\comcli.dll
0x0000000063f90000 - 0x0000000063fbf000 	C:\Windows\WinSxS\amd64_microsoft.vc90.atl_1fc8b3b9a1e18e3b_9.0.30729.6161_none_0a1fd3a3a768b895\ATL90.DLL
0x000000006cdd0000 - 0x000000006cddc000 	C:\Program Files\MATLAB\R2012b\bin\win64\mlautoregister.dll
0x000007feff350000 - 0x000007feff37e000 	C:\Windows\system32\IMM32.DLL
0x000007fefebc0000 - 0x000007fefecc9000 	C:\Windows\system32\MSCTF.dll
0x000007fefd360000 - 0x000007fefd3a6000 	C:\Windows\system32\nvinitx.dll
0x000000000f000000 - 0x000000000f006000 	C:\Program Files\NVIDIA Corporation\CoProcManager\_etoured.dll
0x000007fef6780000 - 0x000007fef67d5000 	C:\Program Files\NVIDIA Corporation\CoProcManager\nvd3d9wrapx.dll
0x000007feff730000 - 0x000007feff907000 	C:\Windows\system32\SETUPAPI.dll
0x000007fefd730000 - 0x000007fefd766000 	C:\Windows\system32\CFGMGR32.dll
0x000007fefd710000 - 0x000007fefd72a000 	C:\Windows\system32\DEVOBJ.dll
0x000007fef66a0000 - 0x000007fef66dd000 	C:\Program Files\NVIDIA Corporation\CoProcManager\nvdxgiwrapx.dll
0x000007fef9900000 - 0x000007fef9956000 	C:\Windows\system32\UxTheme.dll
0x000007fef98e0000 - 0x000007fef98f8000 	C:\Windows\system32\dwmapi.dll
0x000000006c9a0000 - 0x000000006c9ad000 	C:\Windows\WinSxS\amd64_microsoft.vc90.mfcloc_1fc8b3b9a1e18e3b_9.0.30729.6161_none_01c9581e60cbee58\MFC90ENU.DLL
0x000007fefd3b0000 - 0x000007fefd3bf000 	C:\Windows\system32\profapi.dll
0x0000000005b80000 - 0x0000000005b8f000 	C:\Program Files\MATLAB\R2012b\bin\win64\xmlxrcsc.dll
0x000007fefd290000 - 0x000007fefd29f000 	C:\Windows\system32\CRYPTBASE.dll

VM Arguments:
jvm_args: -Xss512k -XX:PermSize=32m -Xms64m -XX:NewRatio=3 -XX:MaxPermSize=128m -Xmx196m -XX:MaxDirectMemorySize=2147400000 -Dsun.java2d.noddraw=true -Dsun.awt.nopixfmt=true -Xshare:off -Xrs -Dsun.awt.disableMixing=true -Djava.library.path=C:\Program Files\MATLAB\R2012b\bin\win64;C:\Program Files\MATLAB\R2012b\sys\jxbrowser\win64\lib vfprintf abort 
java_command: <unknown>
Launcher Type: generic

Environment Variables:
PATH=C:\Python33\Lib\site-packages\PyQt4;C:\Windows\system32;C:\Windows;C:\Windows\System32\Wbem;C:\Windows\System32\WindowsPowerShell\v1.0\;C:\Program Files\Intel\WiFi\bin\;C:\Program Files\Common Files\Intel\WirelessCommon\;C:\Program Files\MATLAB\R2012b\runtime\win64;C:\Program Files\MATLAB\R2012b\bin;C:\Program Files (x86)\Git\cmd;C:\Program Files\OpenVPN\bin;C:\Program Files (x86)\..\php;C:\Program Files\Intel\WiFi\bin\;C:\Program Files\Common Files\Intel\WirelessCommon\
USERNAME=Max
OS=Windows_NT
PROCESSOR_IDENTIFIER=Intel64 Family 6 Model 42 Stepping 7, GenuineIntel



---------------  S Y S T E M  ---------------

OS: Windows 7 Build 7601 Service Pack 1

CPU:total 8 (8 cores per cpu, 2 threads per core) family 6 model 42 stepping 7, cmov, cx8, fxsr, mmx, sse, sse2, sse3, ssse3, sse4.1, sse4.2, ht

Memory: 4k page, physical 16657648k(11679772k free), swap 33313432k(27833712k free)

vm_info: Java HotSpot(TM) 64-Bit Server VM (14.3-b01) for windows-amd64 JRE (1.6.0_17-b04), built on Oct 11 2009 00:46:08 by "java_re" with MS VC++ 8.0

time: Fri Dec 13 07:02:51 2013
elapsed time: 55395 seconds

