#
# There is insufficient memory for the Java Runtime Environment to continue.
# Native memory allocation (mmap) failed to map 724566016 bytes for committing reserved memory.
# Possible reasons:
#   The system is out of physical RAM or swap space
#   In 32 bit mode, the process size limit was hit
# Possible solutions:
#   Reduce memory load on the system
#   Increase physical memory or swap space
#   Check if swap backing store is full
#   Use 64 bit Java on a 64 bit OS
#   Decrease Java heap size (-Xmx/-Xms)
#   Decrease number of Java threads
#   Decrease Java thread stack sizes (-Xss)
#   Set larger code cache with -XX:ReservedCodeCacheSize=
# This output file may be truncated or incomplete.
#
#  Out of Memory Error (os_linux.cpp:2627), pid=31201, tid=0x00007f8ef8dc5700
#
# JRE version: Java(TM) SE Runtime Environment (8.0_111-b14) (build 1.8.0_111-b14)
# Java VM: Java HotSpot(TM) 64-Bit Server VM (25.111-b14 mixed mode linux-amd64 compressed oops)
# Failed to write core dump. Core dumps have been disabled. To enable core dumping, try "ulimit -c unlimited" before starting Java again
#

---------------  T H R E A D  ---------------

Current thread (0x00007f8f1407f800):  VMThread [stack: 0x00007f8ef8cc5000,0x00007f8ef8dc6000] [id=31212]

Stack: [0x00007f8ef8cc5000,0x00007f8ef8dc6000],  sp=0x00007f8ef8dc4320,  free space=1020k
Native frames: (J=compiled Java code, j=interpreted, Vv=VM code, C=native code)
V  [libjvm.so+0xac5c2a]  VMError::report_and_die()+0x2ba
V  [libjvm.so+0x4fc50b]  report_vm_out_of_memory(char const*, int, unsigned long, VMErrorType, char const*)+0x8b
V  [libjvm.so+0x922ae3]  os::Linux::commit_memory_impl(char*, unsigned long, bool)+0x103
V  [libjvm.so+0x923039]  os::pd_commit_memory(char*, unsigned long, unsigned long, bool)+0x29
V  [libjvm.so+0x91d33a]  os::commit_memory(char*, unsigned long, unsigned long, bool)+0x2a
V  [libjvm.so+0x991ac3]  PSVirtualSpace::expand_by(unsigned long)+0x53
V  [libjvm.so+0x982380]  PSOldGen::expand(unsigned long)+0x170
V  [libjvm.so+0x98258b]  PSOldGen::resize(unsigned long)+0x1cb
V  [libjvm.so+0x98a291]  PSParallelCompact::invoke_no_policy(bool)+0x991
V  [libjvm.so+0x98fbed]  PSScavenge::invoke()+0x1ad
V  [libjvm.so+0x9467d0]  ParallelScavengeHeap::failed_mem_allocate(unsigned long)+0x70
V  [libjvm.so+0xac7647]  VM_ParallelGCFailedAllocation::doit()+0x97
V  [libjvm.so+0xacf125]  VM_Operation::evaluate()+0x55
V  [libjvm.so+0xacd4fa]  VMThread::evaluate_operation(VM_Operation*)+0xba
V  [libjvm.so+0xacd87e]  VMThread::loop()+0x1ce
V  [libjvm.so+0xacdcf0]  VMThread::run()+0x70
V  [libjvm.so+0x924ea8]  java_start(Thread*)+0x108

VM_Operation (0x00007f8f1b65a7b0): ParallelGCFailedAllocation, mode: safepoint, requested by thread 0x00007f8f14009800


---------------  P R O C E S S  ---------------

Java Threads: ( => current thread )
  0x00007f8f140ca000 JavaThread "Service Thread" daemon [_thread_blocked, id=31220, stack(0x00007f8ef81e5000,0x00007f8ef82e6000)]
  0x00007f8f140c7000 JavaThread "C1 CompilerThread3" daemon [_thread_blocked, id=31219, stack(0x00007f8ef82e6000,0x00007f8ef83e7000)]
  0x00007f8f140c5000 JavaThread "C2 CompilerThread2" daemon [_thread_blocked, id=31218, stack(0x00007f8ef83e7000,0x00007f8ef84e8000)]
  0x00007f8f140c3800 JavaThread "C2 CompilerThread1" daemon [_thread_blocked, id=31217, stack(0x00007f8ef84e8000,0x00007f8ef85e9000)]
  0x00007f8f140c0800 JavaThread "C2 CompilerThread0" daemon [_thread_blocked, id=31216, stack(0x00007f8ef85e9000,0x00007f8ef86ea000)]
  0x00007f8f140bf000 JavaThread "Signal Dispatcher" daemon [_thread_blocked, id=31215, stack(0x00007f8ef86ea000,0x00007f8ef87eb000)]
  0x00007f8f1408c000 JavaThread "Finalizer" daemon [_thread_blocked, id=31214, stack(0x00007f8ef8ac3000,0x00007f8ef8bc4000)]
  0x00007f8f14087000 JavaThread "Reference Handler" daemon [_thread_blocked, id=31213, stack(0x00007f8ef8bc4000,0x00007f8ef8cc5000)]
  0x00007f8f14009800 JavaThread "main" [_thread_blocked, id=31203, stack(0x00007f8f1b55b000,0x00007f8f1b65c000)]

Other Threads:
=>0x00007f8f1407f800 VMThread [stack: 0x00007f8ef8cc5000,0x00007f8ef8dc6000] [id=31212]
  0x00007f8f140cd000 WatcherThread [stack: 0x00007f8ef80e4000,0x00007f8ef81e5000] [id=31221]

VM state:at safepoint (normal execution)

VM Mutex/Monitor currently owned by a thread:  ([mutex/lock_event])
[0x00007f8f14005700] ExpandHeap_lock - owner thread: 0x00007f8f1407f800
[0x00007f8f14005d80] Threads_lock - owner thread: 0x00007f8f1407f800
[0x00007f8f14006280] Heap_lock - owner thread: 0x00007f8f14009800

Heap:
 PSYoungGen      total 1469952K, used 103282K [0x000000066ab00000, 0x00000006fba80000, 0x00000007c0000000)
  eden space 603648K, 0% used [0x000000066ab00000,0x000000066ab00000,0x000000068f880000)
  from space 866304K, 11% used [0x00000006c6c80000,0x00000006cd15c940,0x00000006fba80000)
  to   space 885760K, 0% used [0x000000068f880000,0x000000068f880000,0x00000006c5980000)
 ParOldGen       total 3118592K, used 3118490K [0x00000003c0000000, 0x000000047e580000, 0x000000066ab00000)
  object space 3118592K, 99% used [0x00000003c0000000,0x000000047e5668b8,0x000000047e580000)
 Metaspace       used 2502K, capacity 4498K, committed 4864K, reserved 1056768K
  class space    used 271K, capacity 386K, committed 512K, reserved 1048576K

Card table byte_map: [0x00007f8f02fff000,0x00007f8f05000000] byte_map_base: 0x00007f8f011ff000

Marking Bits: (ParMarkBitMap*) 0x00007f8f1aa31220
 Begin Bits: [0x00007f8eb4000000, 0x00007f8ec4000000)
 End Bits:   [0x00007f8ec4000000, 0x00007f8ed4000000)

Polling page: 0x00007f8f1b680000

CodeCache: size=245760Kb used=1116Kb max_used=1120Kb free=244643Kb
 bounds [0x00007f8f05000000, 0x00007f8f05270000, 0x00007f8f14000000]
 total_blobs=246 nmethods=18 adapters=143
 compilation: enabled

Compilation events (10 events):
Event: 1.591 Thread 0x00007f8f140c7000   13       3       JavaMaze$Node::<init> (10 bytes)
Event: 1.591 Thread 0x00007f8f140c7000 nmethod 13 0x00007f8f0510d910 code [0x00007f8f0510da80, 0x00007f8f0510dc30]
Event: 1.591 Thread 0x00007f8f140c0800   15       4       JavaMaze$Node::<init> (10 bytes)
Event: 1.592 Thread 0x00007f8f140c0800 nmethod 15 0x00007f8f05110910 code [0x00007f8f05110a60, 0x00007f8f05110ab8]
Event: 1.595 Thread 0x00007f8f140c7000   16 % !   3       JavaMaze::main @ 47 (660 bytes)
Event: 1.600 Thread 0x00007f8f140c7000 nmethod 16% 0x00007f8f05110b10 code [0x00007f8f05111260, 0x00007f8f051153a8]
Event: 1.600 Thread 0x00007f8f140c3800   17 % !   4       JavaMaze::main @ 47 (660 bytes)
Event: 1.603 Thread 0x00007f8f140c3800 nmethod 17% 0x00007f8f0510f3d0 code [0x00007f8f0510f560, 0x00007f8f0510f7d8]
Event: 1.603 Thread 0x00007f8f140c5000   18   !   4       JavaMaze::main (660 bytes)
Event: 1.610 Thread 0x00007f8f140c5000 nmethod 18 0x00007f8f05118c10 code [0x00007f8f05118dc0, 0x00007f8f05119348]

GC Heap History (10 events):
Event: 14.416 GC heap after
Heap after GC invocations=16 (full 6):
 PSYoungGen      total 1274880K, used 613152K [0x000000066ab00000, 0x00000006f5800000, 0x00000007c0000000)
  eden space 483328K, 0% used [0x000000066ab00000,0x000000066ab00000,0x0000000688300000)
  from space 791552K, 77% used [0x00000006bd300000,0x00000006e29c8000,0x00000006ed800000)
  to   space 868352K, 0% used [0x0000000688300000,0x0000000688300000,0x00000006bd300000)
 ParOldGen       total 1910272K, used 1643669K [0x00000003c0000000, 0x0000000434980000, 0x000000066ab00000)
  object space 1910272K, 86% used [0x00000003c0000000,0x0000000424525538,0x0000000434980000)
 Metaspace       used 2502K, capacity 4498K, committed 4864K, reserved 1056768K
  class space    used 271K, capacity 386K, committed 512K, reserved 1048576K
}
Event: 14.416 GC heap before
{Heap before GC invocations=17 (full 7):
 PSYoungGen      total 1274880K, used 613152K [0x000000066ab00000, 0x00000006f5800000, 0x00000007c0000000)
  eden space 483328K, 0% used [0x000000066ab00000,0x000000066ab00000,0x0000000688300000)
  from space 791552K, 77% used [0x00000006bd300000,0x00000006e29c8000,0x00000006ed800000)
  to   space 868352K, 0% used [0x0000000688300000,0x0000000688300000,0x00000006bd300000)
 ParOldGen       total 1910272K, used 1643669K [0x00000003c0000000, 0x0000000434980000, 0x000000066ab00000)
  object space 1910272K, 86% used [0x00000003c0000000,0x0000000424525538,0x0000000434980000)
 Metaspace       used 2502K, capacity 4498K, committed 4864K, reserved 1056768K
  class space    used 271K, capacity 386K, committed 512K, reserved 1048576K
Event: 19.330 GC heap after
Heap after GC invocations=17 (full 7):
 PSYoungGen      total 1274880K, used 344907K [0x000000066ab00000, 0x00000006f5800000, 0x00000007c0000000)
  eden space 483328K, 0% used [0x000000066ab00000,0x000000066ab00000,0x0000000688300000)
  from space 791552K, 43% used [0x00000006bd300000,0x00000006d23d2fc0,0x00000006ed800000)
  to   space 868352K, 0% used [0x0000000688300000,0x0000000688300000,0x00000006bd300000)
 ParOldGen       total 2468864K, used 1910210K [0x00000003c0000000, 0x0000000456b00000, 0x000000066ab00000)
  object space 2468864K, 77% used [0x00000003c0000000,0x0000000434970a38,0x0000000456b00000)
 Metaspace       used 2502K, capacity 4498K, committed 4864K, reserved 1056768K
  class space    used 271K, capacity 386K, committed 512K, reserved 1048576K
}
Event: 19.413 GC heap before
{Heap before GC invocations=18 (full 7):
 PSYoungGen      total 1274880K, used 828235K [0x000000066ab00000, 0x00000006f5800000, 0x00000007c0000000)
  eden space 483328K, 100% used [0x000000066ab00000,0x0000000688300000,0x0000000688300000)
  from space 791552K, 43% used [0x00000006bd300000,0x00000006d23d2fc0,0x00000006ed800000)
  to   space 868352K, 0% used [0x0000000688300000,0x0000000688300000,0x00000006bd300000)
 ParOldGen       total 2468864K, used 1910210K [0x00000003c0000000, 0x0000000456b00000, 0x000000066ab00000)
  object space 2468864K, 77% used [0x00000003c0000000,0x0000000434970a38,0x0000000456b00000)
 Metaspace       used 2502K, capacity 4498K, committed 4864K, reserved 1056768K
  class space    used 271K, capacity 386K, committed 512K, reserved 1048576K
Event: 20.992 GC heap after
Heap after GC invocations=18 (full 7):
 PSYoungGen      total 1351680K, used 483936K [0x000000066ab00000, 0x00000006fc800000, 0x00000007c0000000)
  eden space 483328K, 0% used [0x000000066ab00000,0x000000066ab00000,0x0000000688300000)
  from space 868352K, 55% used [0x0000000688300000,0x00000006a5b98000,0x00000006bd300000)
  to   space 880128K, 0% used [0x00000006c6c80000,0x00000006c6c80000,0x00000006fc800000)
 ParOldGen       total 2468864K, used 2256490K [0x00000003c0000000, 0x0000000456b00000, 0x000000066ab00000)
  object space 2468864K, 91% used [0x00000003c0000000,0x0000000449b9aa38,0x0000000456b00000)
 Metaspace       used 2502K, capacity 4498K, committed 4864K, reserved 1056768K
  class space    used 271K, capacity 386K, committed 512K, reserved 1048576K
}
Event: 20.992 GC heap before
{Heap before GC invocations=19 (full 8):
 PSYoungGen      total 1351680K, used 483936K [0x000000066ab00000, 0x00000006fc800000, 0x00000007c0000000)
  eden space 483328K, 0% used [0x000000066ab00000,0x000000066ab00000,0x0000000688300000)
  from space 868352K, 55% used [0x0000000688300000,0x00000006a5b98000,0x00000006bd300000)
  to   space 880128K, 0% used [0x00000006c6c80000,0x00000006c6c80000,0x00000006fc800000)
 ParOldGen       total 2468864K, used 2256490K [0x00000003c0000000, 0x0000000456b00000, 0x000000066ab00000)
  object space 2468864K, 91% used [0x00000003c0000000,0x0000000449b9aa38,0x0000000456b00000)
 Metaspace       used 2502K, capacity 4498K, committed 4864K, reserved 1056768K
  class space    used 271K, capacity 386K, committed 512K, reserved 1048576K
Event: 27.057 GC heap after
Heap after GC invocations=19 (full 8):
 PSYoungGen      total 1351680K, used 270031K [0x000000066ab00000, 0x00000006fc800000, 0x00000007c0000000)
  eden space 483328K, 0% used [0x000000066ab00000,0x000000066ab00000,0x0000000688300000)
  from space 868352K, 31% used [0x0000000688300000,0x0000000698ab3ec0,0x00000006bd300000)
  to   space 880128K, 0% used [0x00000006c6c80000,0x00000006c6c80000,0x00000006fc800000)
 ParOldGen       total 3118592K, used 2468413K [0x00000003c0000000, 0x000000047e580000, 0x000000066ab00000)
  object space 3118592K, 79% used [0x00000003c0000000,0x0000000456a8f7f8,0x000000047e580000)
 Metaspace       used 2502K, capacity 4498K, committed 4864K, reserved 1056768K
  class space    used 271K, capacity 386K, committed 512K, reserved 1048576K
}
Event: 27.148 GC heap before
{Heap before GC invocations=20 (full 8):
 PSYoungGen      total 1351680K, used 753359K [0x000000066ab00000, 0x00000006fc800000, 0x00000007c0000000)
  eden space 483328K, 100% used [0x000000066ab00000,0x0000000688300000,0x0000000688300000)
  from space 868352K, 31% used [0x0000000688300000,0x0000000698ab3ec0,0x00000006bd300000)
  to   space 880128K, 0% used [0x00000006c6c80000,0x00000006c6c80000,0x00000006fc800000)
 ParOldGen       total 3118592K, used 2468413K [0x00000003c0000000, 0x000000047e580000, 0x000000066ab00000)
  object space 3118592K, 79% used [0x00000003c0000000,0x0000000456a8f7f8,0x000000047e580000)
 Metaspace       used 2502K, capacity 4498K, committed 4864K, reserved 1056768K
  class space    used 271K, capacity 386K, committed 512K, reserved 1048576K
Event: 28.264 GC heap after
Heap after GC invocations=20 (full 8):
 PSYoungGen      total 1469952K, used 483936K [0x000000066ab00000, 0x00000006fba80000, 0x00000007c0000000)
  eden space 603648K, 0% used [0x000000066ab00000,0x000000066ab00000,0x000000068f880000)
  from space 866304K, 55% used [0x00000006c6c80000,0x00000006e4518000,0x00000006fba80000)
  to   space 885760K, 0% used [0x000000068f880000,0x000000068f880000,0x00000006c5980000)
 ParOldGen       total 3118592K, used 2739533K [0x00000003c0000000, 0x000000047e580000, 0x000000066ab00000)
  object space 3118592K, 87% used [0x00000003c0000000,0x00000004673537f8,0x000000047e580000)
 Metaspace       used 2502K, capacity 4498K, committed 4864K, reserved 1056768K
  class space    used 271K, capacity 386K, committed 512K, reserved 1048576K
}
Event: 28.264 GC heap before
{Heap before GC invocations=21 (full 9):
 PSYoungGen      total 1469952K, used 483936K [0x000000066ab00000, 0x00000006fba80000, 0x00000007c0000000)
  eden space 603648K, 0% used [0x000000066ab00000,0x000000066ab00000,0x000000068f880000)
  from space 866304K, 55% used [0x00000006c6c80000,0x00000006e4518000,0x00000006fba80000)
  to   space 885760K, 0% used [0x000000068f880000,0x000000068f880000,0x00000006c5980000)
 ParOldGen       total 3118592K, used 2739533K [0x00000003c0000000, 0x000000047e580000, 0x000000066ab00000)
  object space 3118592K, 87% used [0x00000003c0000000,0x00000004673537f8,0x000000047e580000)
 Metaspace       used 2502K, capacity 4498K, committed 4864K, reserved 1056768K
  class space    used 271K, capacity 386K, committed 512K, reserved 1048576K

Deoptimization events (0 events):
No events

Internal exceptions (2 events):
Event: 0.034 Thread 0x00007f8f14009800 Exception <a 'java/lang/NoSuchMethodError': Method sun.misc.Unsafe.defineClass(Ljava/lang/String;[BII)Ljava/lang/Class; name or signature does not match> (0x000000066ab07c78) thrown at [/HUDSON3/workspace/8-2-build-linux-amd64/jdk8u111/7883/hotspot/src/sh
Event: 0.034 Thread 0x00007f8f14009800 Exception <a 'java/lang/NoSuchMethodError': Method sun.misc.Unsafe.prefetchRead(Ljava/lang/Object;J)V name or signature does not match> (0x000000066ab07f60) thrown at [/HUDSON3/workspace/8-2-build-linux-amd64/jdk8u111/7883/hotspot/src/share/vm/prims/jni.c

Events (10 events):
Event: 6.130 Executing VM operation: ParallelGCFailedAllocation done
Event: 6.183 Executing VM operation: ParallelGCFailedAllocation
Event: 7.408 Executing VM operation: ParallelGCFailedAllocation done
Event: 7.486 Executing VM operation: ParallelGCFailedAllocation
Event: 12.562 Executing VM operation: ParallelGCFailedAllocation done
Event: 12.631 Executing VM operation: ParallelGCFailedAllocation
Event: 19.330 Executing VM operation: ParallelGCFailedAllocation done
Event: 19.413 Executing VM operation: ParallelGCFailedAllocation
Event: 27.057 Executing VM operation: ParallelGCFailedAllocation done
Event: 27.148 Executing VM operation: ParallelGCFailedAllocation


Dynamic libraries:
00400000-00401000 r-xp 00000000 08:05 2495880                            /usr/lib/jvm/java-8-oracle/jre/bin/java
00600000-00601000 rw-p 00000000 08:05 2495880                            /usr/lib/jvm/java-8-oracle/jre/bin/java
0180b000-0182c000 rw-p 00000000 00:00 0                                  [heap]
3c0000000-47e580000 rw-p 00000000 00:00 0 
4a9880000-66ab00000 ---p 00000000 00:00 0 
66ab00000-6fba80000 rw-p 00000000 00:00 0 
6fba80000-7c0000000 ---p 00000000 00:00 0 
7c0000000-7c0080000 rw-p 00000000 00:00 0 
7c0080000-800000000 ---p 00000000 00:00 0 
7f8e8c000000-7f8e8c021000 rw-p 00000000 00:00 0 
7f8e8c021000-7f8e90000000 ---p 00000000 00:00 0 
7f8e94000000-7f8e940d7000 rw-p 00000000 00:00 0 
7f8e940d7000-7f8e98000000 ---p 00000000 00:00 0 
7f8e98000000-7f8e98021000 rw-p 00000000 00:00 0 
7f8e98021000-7f8e9c000000 ---p 00000000 00:00 0 
7f8e9c000000-7f8e9c021000 rw-p 00000000 00:00 0 
7f8e9c021000-7f8ea0000000 ---p 00000000 00:00 0 
7f8ea0000000-7f8ea0028000 rw-p 00000000 00:00 0 
7f8ea0028000-7f8ea4000000 ---p 00000000 00:00 0 
7f8ea4000000-7f8ea4021000 rw-p 00000000 00:00 0 
7f8ea4021000-7f8ea8000000 ---p 00000000 00:00 0 
7f8ea8000000-7f8ea804f000 rw-p 00000000 00:00 0 
7f8ea804f000-7f8eac000000 ---p 00000000 00:00 0 
7f8eac000000-7f8eac021000 rw-p 00000000 00:00 0 
7f8eac021000-7f8eb0000000 ---p 00000000 00:00 0 
7f8eb0000000-7f8eb0021000 rw-p 00000000 00:00 0 
7f8eb0021000-7f8eb4000000 ---p 00000000 00:00 0 
7f8eb4000000-7f8ed4000000 rw-p 00000000 00:00 0 
7f8ed4000000-7f8ed4021000 rw-p 00000000 00:00 0 
7f8ed4021000-7f8ed8000000 ---p 00000000 00:00 0 
7f8ed8000000-7f8ed8021000 rw-p 00000000 00:00 0 
7f8ed8021000-7f8edc000000 ---p 00000000 00:00 0 
7f8edc000000-7f8edc021000 rw-p 00000000 00:00 0 
7f8edc021000-7f8ee0000000 ---p 00000000 00:00 0 
7f8ee0000000-7f8ee0021000 rw-p 00000000 00:00 0 
7f8ee0021000-7f8ee4000000 ---p 00000000 00:00 0 
7f8ee4000000-7f8ee4021000 rw-p 00000000 00:00 0 
7f8ee4021000-7f8ee8000000 ---p 00000000 00:00 0 
7f8ee8000000-7f8ee8021000 rw-p 00000000 00:00 0 
7f8ee8021000-7f8eec000000 ---p 00000000 00:00 0 
7f8eec000000-7f8eec021000 rw-p 00000000 00:00 0 
7f8eec021000-7f8ef0000000 ---p 00000000 00:00 0 
7f8ef3d79000-7f8ef4000000 rw-p 00000000 00:00 0 
7f8ef4000000-7f8ef4021000 rw-p 00000000 00:00 0 
7f8ef4021000-7f8ef8000000 ---p 00000000 00:00 0 
7f8ef80e4000-7f8ef80e5000 ---p 00000000 00:00 0 
7f8ef80e5000-7f8ef81e5000 rw-p 00000000 00:00 0 
7f8ef81e5000-7f8ef81e8000 ---p 00000000 00:00 0 
7f8ef81e8000-7f8ef82e6000 rw-p 00000000 00:00 0 
7f8ef82e6000-7f8ef82e9000 ---p 00000000 00:00 0 
7f8ef82e9000-7f8ef83e7000 rw-p 00000000 00:00 0 
7f8ef83e7000-7f8ef83ea000 ---p 00000000 00:00 0 
7f8ef83ea000-7f8ef84e8000 rw-p 00000000 00:00 0 
7f8ef84e8000-7f8ef84eb000 ---p 00000000 00:00 0 
7f8ef84eb000-7f8ef85e9000 rw-p 00000000 00:00 0 
7f8ef85e9000-7f8ef85ec000 ---p 00000000 00:00 0 
7f8ef85ec000-7f8ef86ea000 rw-p 00000000 00:00 0 
7f8ef86ea000-7f8ef86ed000 ---p 00000000 00:00 0 
7f8ef86ed000-7f8ef87eb000 rw-p 00000000 00:00 0 
7f8ef87eb000-7f8ef8ac3000 r--p 00000000 08:05 1181765                    /usr/lib/locale/locale-archive
7f8ef8ac3000-7f8ef8ac6000 ---p 00000000 00:00 0 
7f8ef8ac6000-7f8ef8bc4000 rw-p 00000000 00:00 0 
7f8ef8bc4000-7f8ef8bc7000 ---p 00000000 00:00 0 
7f8ef8bc7000-7f8ef8cc5000 rw-p 00000000 00:00 0 
7f8ef8cc5000-7f8ef8cc6000 ---p 00000000 00:00 0 
7f8ef8cc6000-7f8efc000000 rw-p 00000000 00:00 0 
7f8efc000000-7f8efc021000 rw-p 00000000 00:00 0 
7f8efc021000-7f8f00000000 ---p 00000000 00:00 0 
7f8f0000c000-7f8f00a16000 rw-p 00000000 00:00 0 
7f8f00a16000-7f8f00bee000 r--s 03d2a000 08:05 2495597                    /usr/lib/jvm/java-8-oracle/jre/lib/rt.jar
7f8f00bee000-7f8f010a4000 rw-p 00000000 00:00 0 
7f8f010a4000-7f8f01464000 ---p 00000000 00:00 0 
7f8f01464000-7f8f015a4000 rw-p 00000000 00:00 0 
7f8f015a4000-7f8f015a5000 ---p 00000000 00:00 0 
7f8f015a5000-7f8f016a5000 rw-p 00000000 00:00 0 
7f8f016a5000-7f8f016a6000 ---p 00000000 00:00 0 
7f8f016a6000-7f8f017a6000 rw-p 00000000 00:00 0 
7f8f017a6000-7f8f017a7000 ---p 00000000 00:00 0 
7f8f017a7000-7f8f018a7000 rw-p 00000000 00:00 0 
7f8f018a7000-7f8f018a8000 ---p 00000000 00:00 0 
7f8f018a8000-7f8f019a8000 rw-p 00000000 00:00 0 
7f8f019a8000-7f8f019a9000 ---p 00000000 00:00 0 
7f8f019a9000-7f8f0209c000 rw-p 00000000 00:00 0 
7f8f0209c000-7f8f02fff000 ---p 00000000 00:00 0 
7f8f02fff000-7f8f035f2000 rw-p 00000000 00:00 0 
7f8f035f2000-7f8f04554000 ---p 00000000 00:00 0 
7f8f04554000-7f8f049dd000 rw-p 00000000 00:00 0 
7f8f049dd000-7f8f04fff000 ---p 00000000 00:00 0 
7f8f04fff000-7f8f05000000 rw-p 00000000 00:00 0 
7f8f05000000-7f8f05270000 rwxp 00000000 00:00 0 
7f8f05270000-7f8f14000000 ---p 00000000 00:00 0 
7f8f14000000-7f8f140e2000 rw-p 00000000 00:00 0 
7f8f140e2000-7f8f18000000 ---p 00000000 00:00 0 
7f8f18005000-7f8f18006000 ---p 00000000 00:00 0 
7f8f18006000-7f8f18106000 rw-p 00000000 00:00 0 
7f8f18106000-7f8f18107000 ---p 00000000 00:00 0 
7f8f18107000-7f8f18207000 rw-p 00000000 00:00 0 
7f8f18207000-7f8f18208000 ---p 00000000 00:00 0 
7f8f18208000-7f8f18312000 rw-p 00000000 00:00 0 
7f8f18312000-7f8f186c8000 ---p 00000000 00:00 0 
7f8f186c8000-7f8f186e2000 r-xp 00000000 08:05 2495628                    /usr/lib/jvm/java-8-oracle/jre/lib/amd64/libzip.so
7f8f186e2000-7f8f188e2000 ---p 0001a000 08:05 2495628                    /usr/lib/jvm/java-8-oracle/jre/lib/amd64/libzip.so
7f8f188e2000-7f8f188e3000 rw-p 0001a000 08:05 2495628                    /usr/lib/jvm/java-8-oracle/jre/lib/amd64/libzip.so
7f8f188e3000-7f8f188ee000 r-xp 00000000 08:05 394545                     /lib/x86_64-linux-gnu/libnss_files-2.23.so
7f8f188ee000-7f8f18aed000 ---p 0000b000 08:05 394545                     /lib/x86_64-linux-gnu/libnss_files-2.23.so
7f8f18aed000-7f8f18aee000 r--p 0000a000 08:05 394545                     /lib/x86_64-linux-gnu/libnss_files-2.23.so
7f8f18aee000-7f8f18aef000 rw-p 0000b000 08:05 394545                     /lib/x86_64-linux-gnu/libnss_files-2.23.so
7f8f18aef000-7f8f18af5000 rw-p 00000000 00:00 0 
7f8f18af5000-7f8f18b00000 r-xp 00000000 08:05 394493                     /lib/x86_64-linux-gnu/libnss_nis-2.23.so
7f8f18b00000-7f8f18cff000 ---p 0000b000 08:05 394493                     /lib/x86_64-linux-gnu/libnss_nis-2.23.so
7f8f18cff000-7f8f18d00000 r--p 0000a000 08:05 394493                     /lib/x86_64-linux-gnu/libnss_nis-2.23.so
7f8f18d00000-7f8f18d01000 rw-p 0000b000 08:05 394493                     /lib/x86_64-linux-gnu/libnss_nis-2.23.so
7f8f18d01000-7f8f18d17000 r-xp 00000000 08:05 394535                     /lib/x86_64-linux-gnu/libnsl-2.23.so
7f8f18d17000-7f8f18f16000 ---p 00016000 08:05 394535                     /lib/x86_64-linux-gnu/libnsl-2.23.so
7f8f18f16000-7f8f18f17000 r--p 00015000 08:05 394535                     /lib/x86_64-linux-gnu/libnsl-2.23.so
7f8f18f17000-7f8f18f18000 rw-p 00016000 08:05 394535                     /lib/x86_64-linux-gnu/libnsl-2.23.so
7f8f18f18000-7f8f18f1a000 rw-p 00000000 00:00 0 
7f8f18f1a000-7f8f18f22000 r-xp 00000000 08:05 394539                     /lib/x86_64-linux-gnu/libnss_compat-2.23.so
7f8f18f22000-7f8f19121000 ---p 00008000 08:05 394539                     /lib/x86_64-linux-gnu/libnss_compat-2.23.so
7f8f19121000-7f8f19122000 r--p 00007000 08:05 394539                     /lib/x86_64-linux-gnu/libnss_compat-2.23.so
7f8f19122000-7f8f19123000 rw-p 00008000 08:05 394539                     /lib/x86_64-linux-gnu/libnss_compat-2.23.so
7f8f19123000-7f8f1914e000 r-xp 00000000 08:05 2495655                    /usr/lib/jvm/java-8-oracle/jre/lib/amd64/libjava.so
7f8f1914e000-7f8f1934d000 ---p 0002b000 08:05 2495655                    /usr/lib/jvm/java-8-oracle/jre/lib/amd64/libjava.so
7f8f1934d000-7f8f1934f000 rw-p 0002a000 08:05 2495655                    /usr/lib/jvm/java-8-oracle/jre/lib/amd64/libjava.so
7f8f1934f000-7f8f1935c000 r-xp 00000000 08:05 2495606                    /usr/lib/jvm/java-8-oracle/jre/lib/amd64/libverify.so
7f8f1935c000-7f8f1955b000 ---p 0000d000 08:05 2495606                    /usr/lib/jvm/java-8-oracle/jre/lib/amd64/libverify.so
7f8f1955b000-7f8f1955d000 rw-p 0000c000 08:05 2495606                    /usr/lib/jvm/java-8-oracle/jre/lib/amd64/libverify.so
7f8f1955d000-7f8f19564000 r-xp 00000000 08:05 394489                     /lib/x86_64-linux-gnu/librt-2.23.so
7f8f19564000-7f8f19763000 ---p 00007000 08:05 394489                     /lib/x86_64-linux-gnu/librt-2.23.so
7f8f19763000-7f8f19764000 r--p 00006000 08:05 394489                     /lib/x86_64-linux-gnu/librt-2.23.so
7f8f19764000-7f8f19765000 rw-p 00007000 08:05 394489                     /lib/x86_64-linux-gnu/librt-2.23.so
7f8f19765000-7f8f1986d000 r-xp 00000000 08:05 394529                     /lib/x86_64-linux-gnu/libm-2.23.so
7f8f1986d000-7f8f19a6c000 ---p 00108000 08:05 394529                     /lib/x86_64-linux-gnu/libm-2.23.so
7f8f19a6c000-7f8f19a6d000 r--p 00107000 08:05 394529                     /lib/x86_64-linux-gnu/libm-2.23.so
7f8f19a6d000-7f8f19a6e000 rw-p 00108000 08:05 394529                     /lib/x86_64-linux-gnu/libm-2.23.so
7f8f19a6e000-7f8f1a73b000 r-xp 00000000 08:05 2495659                    /usr/lib/jvm/java-8-oracle/jre/lib/amd64/server/libjvm.so
7f8f1a73b000-7f8f1a93a000 ---p 00ccd000 08:05 2495659                    /usr/lib/jvm/java-8-oracle/jre/lib/amd64/server/libjvm.so
7f8f1a93a000-7f8f1aa13000 rw-p 00ccc000 08:05 2495659                    /usr/lib/jvm/java-8-oracle/jre/lib/amd64/server/libjvm.so
7f8f1aa13000-7f8f1aa5e000 rw-p 00000000 00:00 0 
7f8f1aa5e000-7f8f1ac1d000 r-xp 00000000 08:05 394509                     /lib/x86_64-linux-gnu/libc-2.23.so
7f8f1ac1d000-7f8f1ae1d000 ---p 001bf000 08:05 394509                     /lib/x86_64-linux-gnu/libc-2.23.so
7f8f1ae1d000-7f8f1ae21000 r--p 001bf000 08:05 394509                     /lib/x86_64-linux-gnu/libc-2.23.so
7f8f1ae21000-7f8f1ae23000 rw-p 001c3000 08:05 394509                     /lib/x86_64-linux-gnu/libc-2.23.so
7f8f1ae23000-7f8f1ae27000 rw-p 00000000 00:00 0 
7f8f1ae27000-7f8f1ae2a000 r-xp 00000000 08:05 394505                     /lib/x86_64-linux-gnu/libdl-2.23.so
7f8f1ae2a000-7f8f1b029000 ---p 00003000 08:05 394505                     /lib/x86_64-linux-gnu/libdl-2.23.so
7f8f1b029000-7f8f1b02a000 r--p 00002000 08:05 394505                     /lib/x86_64-linux-gnu/libdl-2.23.so
7f8f1b02a000-7f8f1b02b000 rw-p 00003000 08:05 394505                     /lib/x86_64-linux-gnu/libdl-2.23.so
7f8f1b02b000-7f8f1b040000 r-xp 00000000 08:05 2495644                    /usr/lib/jvm/java-8-oracle/jre/lib/amd64/jli/libjli.so
7f8f1b040000-7f8f1b240000 ---p 00015000 08:05 2495644                    /usr/lib/jvm/java-8-oracle/jre/lib/amd64/jli/libjli.so
7f8f1b240000-7f8f1b241000 rw-p 00015000 08:05 2495644                    /usr/lib/jvm/java-8-oracle/jre/lib/amd64/jli/libjli.so
7f8f1b241000-7f8f1b259000 r-xp 00000000 08:05 394531                     /lib/x86_64-linux-gnu/libpthread-2.23.so
7f8f1b259000-7f8f1b458000 ---p 00018000 08:05 394531                     /lib/x86_64-linux-gnu/libpthread-2.23.so
7f8f1b458000-7f8f1b459000 r--p 00017000 08:05 394531                     /lib/x86_64-linux-gnu/libpthread-2.23.so
7f8f1b459000-7f8f1b45a000 rw-p 00018000 08:05 394531                     /lib/x86_64-linux-gnu/libpthread-2.23.so
7f8f1b45a000-7f8f1b45e000 rw-p 00000000 00:00 0 
7f8f1b45e000-7f8f1b484000 r-xp 00000000 08:05 393381                     /lib/x86_64-linux-gnu/ld-2.23.so
7f8f1b489000-7f8f1b55b000 rw-p 00000000 00:00 0 
7f8f1b55b000-7f8f1b55e000 ---p 00000000 00:00 0 
7f8f1b55e000-7f8f1b660000 rw-p 00000000 00:00 0 
7f8f1b677000-7f8f1b67f000 rw-s 00000000 08:05 524318                     /tmp/hsperfdata_max/31201
7f8f1b67f000-7f8f1b680000 rw-p 00000000 00:00 0 
7f8f1b680000-7f8f1b681000 ---p 00000000 00:00 0 
7f8f1b681000-7f8f1b683000 rw-p 00000000 00:00 0 
7f8f1b683000-7f8f1b684000 r--p 00025000 08:05 393381                     /lib/x86_64-linux-gnu/ld-2.23.so
7f8f1b684000-7f8f1b685000 rw-p 00026000 08:05 393381                     /lib/x86_64-linux-gnu/ld-2.23.so
7f8f1b685000-7f8f1b686000 rw-p 00000000 00:00 0 
7ffcced9f000-7ffccedc0000 rw-p 00000000 00:00 0                          [stack]
7ffccedd3000-7ffccedd5000 r--p 00000000 00:00 0                          [vvar]
7ffccedd5000-7ffccedd7000 r-xp 00000000 00:00 0                          [vdso]
ffffffffff600000-ffffffffff601000 r-xp 00000000 00:00 0                  [vsyscall]

VM Arguments:
jvm_args: -Xmx16G 
java_command: JavaMaze 12000
java_class_path (initial): .
Launcher Type: SUN_STANDARD

Environment Variables:
JAVA_HOME=/usr/lib/jvm/java-8-oracle
PATH=/usr/local/sbin:/usr/local/bin:/usr/sbin:/usr/bin:/sbin:/bin:/usr/games:/usr/local/games:/snap/bin:/usr/lib/jvm/java-8-oracle/bin:/usr/lib/jvm/java-8-oracle/db/bin:/usr/lib/jvm/java-8-oracle/jre/bin
SHELL=/bin/bash
DISPLAY=:0

Signal Handlers:
SIGSEGV: [libjvm.so+0xac64b0], sa_mask[0]=11111111011111111101111111111110, sa_flags=SA_RESTART|SA_SIGINFO
SIGBUS: [libjvm.so+0xac64b0], sa_mask[0]=11111111011111111101111111111110, sa_flags=SA_RESTART|SA_SIGINFO
SIGFPE: [libjvm.so+0x91f950], sa_mask[0]=11111111011111111101111111111110, sa_flags=SA_RESTART|SA_SIGINFO
SIGPIPE: [libjvm.so+0x91f950], sa_mask[0]=11111111011111111101111111111110, sa_flags=SA_RESTART|SA_SIGINFO
SIGXFSZ: [libjvm.so+0x91f950], sa_mask[0]=11111111011111111101111111111110, sa_flags=SA_RESTART|SA_SIGINFO
SIGILL: [libjvm.so+0x91f950], sa_mask[0]=11111111011111111101111111111110, sa_flags=SA_RESTART|SA_SIGINFO
SIGUSR1: SIG_DFL, sa_mask[0]=00000000000000000000000000000000, sa_flags=none
SIGUSR2: [libjvm.so+0x920f80], sa_mask[0]=00000000000000000000000000000000, sa_flags=SA_RESTART|SA_SIGINFO
SIGHUP: [libjvm.so+0x922380], sa_mask[0]=11111111011111111101111111111110, sa_flags=SA_RESTART|SA_SIGINFO
SIGINT: [libjvm.so+0x922380], sa_mask[0]=11111111011111111101111111111110, sa_flags=SA_RESTART|SA_SIGINFO
SIGTERM: [libjvm.so+0x922380], sa_mask[0]=11111111011111111101111111111110, sa_flags=SA_RESTART|SA_SIGINFO
SIGQUIT: [libjvm.so+0x922380], sa_mask[0]=11111111011111111101111111111110, sa_flags=SA_RESTART|SA_SIGINFO


---------------  S Y S T E M  ---------------

OS:DISTRIB_ID=Ubuntu
DISTRIB_RELEASE=16.04
DISTRIB_CODENAME=xenial
DISTRIB_DESCRIPTION="Ubuntu 16.04.1 LTS"

uname:Linux 4.4.0-53-generic #74-Ubuntu SMP Fri Dec 2 15:59:10 UTC 2016 x86_64
libc:glibc 2.23 NPTL 2.23 
rlimit: STACK 8192k, CORE 0k, NPROC 63412, NOFILE 65536, AS infinity
load average:5.25 4.27 4.23

/proc/meminfo:
MemTotal:       16274064 kB
MemFree:          198148 kB
MemAvailable:      88020 kB
Buffers:            2208 kB
Cached:           115984 kB
SwapCached:       194656 kB
Active:         13439516 kB
Inactive:        1275212 kB
Active(anon):   13409328 kB
Inactive(anon):  1229104 kB
Active(file):      30188 kB
Inactive(file):    46108 kB
Unevictable:         416 kB
Mlocked:             416 kB
SwapTotal:       7532540 kB
SwapFree:             20 kB
Dirty:                40 kB
Writeback:             0 kB
AnonPages:      14404996 kB
Mapped:           162116 kB
Shmem:             40748 kB
Slab:             102012 kB
SReclaimable:      41960 kB
SUnreclaim:        60052 kB
KernelStack:       11024 kB
PageTables:        80312 kB
NFS_Unstable:          0 kB
Bounce:                0 kB
WritebackTmp:          0 kB
CommitLimit:    15669572 kB
Committed_AS:   31683684 kB
VmallocTotal:   34359738367 kB
VmallocUsed:           0 kB
VmallocChunk:          0 kB
HardwareCorrupted:     0 kB
AnonHugePages:   5599232 kB
CmaTotal:              0 kB
CmaFree:               0 kB
HugePages_Total:       0
HugePages_Free:        0
HugePages_Rsvd:        0
HugePages_Surp:        0
Hugepagesize:       2048 kB
DirectMap4k:     1367680 kB
DirectMap2M:    15251456 kB


CPU:total 8 (4 cores per cpu, 2 threads per core) family 6 model 42 stepping 7, cmov, cx8, fxsr, mmx, sse, sse2, sse3, ssse3, sse4.1, sse4.2, popcnt, avx, aes, clmul, ht, tsc, tscinvbit

/proc/cpuinfo:
processor	: 0
vendor_id	: GenuineIntel
cpu family	: 6
model		: 42
model name	: Intel(R) Core(TM) i7-2670QM CPU @ 2.20GHz
stepping	: 7
microcode	: 0x28
cpu MHz		: 1282.273
cache size	: 6144 KB
physical id	: 0
siblings	: 8
core id		: 0
cpu cores	: 4
apicid		: 0
initial apicid	: 0
fpu		: yes
fpu_exception	: yes
cpuid level	: 13
wp		: yes
flags		: fpu vme de pse tsc msr pae mce cx8 apic sep mtrr pge mca cmov pat pse36 clflush dts acpi mmx fxsr sse sse2 ss ht tm pbe syscall nx rdtscp lm constant_tsc arch_perfmon pebs bts nopl xtopology nonstop_tsc aperfmperf eagerfpu pni pclmulqdq dtes64 monitor ds_cpl vmx est tm2 ssse3 cx16 xtpr pdcm pcid sse4_1 sse4_2 x2apic popcnt tsc_deadline_timer aes xsave avx lahf_lm epb tpr_shadow vnmi flexpriority ept vpid xsaveopt dtherm ida arat pln pts
bugs		:
bogomips	: 4385.64
clflush size	: 64
cache_alignment	: 64
address sizes	: 36 bits physical, 48 bits virtual
power management:

processor	: 1
vendor_id	: GenuineIntel
cpu family	: 6
model		: 42
model name	: Intel(R) Core(TM) i7-2670QM CPU @ 2.20GHz
stepping	: 7
microcode	: 0x28
cpu MHz		: 1962.554
cache size	: 6144 KB
physical id	: 0
siblings	: 8
core id		: 0
cpu cores	: 4
apicid		: 1
initial apicid	: 1
fpu		: yes
fpu_exception	: yes
cpuid level	: 13
wp		: yes
flags		: fpu vme de pse tsc msr pae mce cx8 apic sep mtrr pge mca cmov pat pse36 clflush dts acpi mmx fxsr sse sse2 ss ht tm pbe syscall nx rdtscp lm constant_tsc arch_perfmon pebs bts nopl xtopology nonstop_tsc aperfmperf eagerfpu pni pclmulqdq dtes64 monitor ds_cpl vmx est tm2 ssse3 cx16 xtpr pdcm pcid sse4_1 sse4_2 x2apic popcnt tsc_deadline_timer aes xsave avx lahf_lm epb tpr_shadow vnmi flexpriority ept vpid xsaveopt dtherm ida arat pln pts
bugs		:
bogomips	: 4385.64
clflush size	: 64
cache_alignment	: 64
address sizes	: 36 bits physical, 48 bits virtual
power management:

processor	: 2
vendor_id	: GenuineIntel
cpu family	: 6
model		: 42
model name	: Intel(R) Core(TM) i7-2670QM CPU @ 2.20GHz
stepping	: 7
microcode	: 0x28
cpu MHz		: 1411.867
cache size	: 6144 KB
physical id	: 0
siblings	: 8
core id		: 1
cpu cores	: 4
apicid		: 2
initial apicid	: 2
fpu		: yes
fpu_exception	: yes
cpuid level	: 13
wp		: yes
flags		: fpu vme de pse tsc msr pae mce cx8 apic sep mtrr pge mca cmov pat pse36 clflush dts acpi mmx fxsr sse sse2 ss ht tm pbe syscall nx rdtscp lm constant_tsc arch_perfmon pebs bts nopl xtopology nonstop_tsc aperfmperf eagerfpu pni pclmulqdq dtes64 monitor ds_cpl vmx est tm2 ssse3 cx16 xtpr pdcm pcid sse4_1 sse4_2 x2apic popcnt tsc_deadline_timer aes xsave avx lahf_lm epb tpr_shadow vnmi flexpriority ept vpid xsaveopt dtherm ida arat pln pts
bugs		:
bogomips	: 4385.64
clflush size	: 64
cache_alignment	: 64
address sizes	: 36 bits physical, 48 bits virtual
power management:

processor	: 3
vendor_id	: GenuineIntel
cpu family	: 6
model		: 42
model name	: Intel(R) Core(TM) i7-2670QM CPU @ 2.20GHz
stepping	: 7
microcode	: 0x28
cpu MHz		: 2699.984
cache size	: 6144 KB
physical id	: 0
siblings	: 8
core id		: 1
cpu cores	: 4
apicid		: 3
initial apicid	: 3
fpu		: yes
fpu_exception	: yes
cpuid level	: 13
wp		: yes
flags		: fpu vme de pse tsc msr pae mce cx8 apic sep mtrr pge mca cmov pat pse36 clflush dts acpi mmx fxsr sse sse2 ss ht tm pbe syscall nx rdtscp lm constant_tsc arch_perfmon pebs bts nopl xtopology nonstop_tsc aperfmperf eagerfpu pni pclmulqdq dtes64 monitor ds_cpl vmx est tm2 ssse3 cx16 xtpr pdcm pcid sse4_1 sse4_2 x2apic popcnt tsc_deadline_timer aes xsave avx lahf_lm epb tpr_shadow vnmi flexpriority ept vpid xsaveopt dtherm ida arat pln pts
bugs		:
bogomips	: 4385.64
clflush size	: 64
cache_alignment	: 64
address sizes	: 36 bits physical, 48 bits virtual
power management:

processor	: 4
vendor_id	: GenuineIntel
cpu family	: 6
model		: 42
model name	: Intel(R) Core(TM) i7-2670QM CPU @ 2.20GHz
stepping	: 7
microcode	: 0x28
cpu MHz		: 1334.007
cache size	: 6144 KB
physical id	: 0
siblings	: 8
core id		: 2
cpu cores	: 4
apicid		: 4
initial apicid	: 4
fpu		: yes
fpu_exception	: yes
cpuid level	: 13
wp		: yes
flags		: fpu vme de pse tsc msr pae mce cx8 apic sep mtrr pge mca cmov pat pse36 clflush dts acpi mmx fxsr sse sse2 ss ht tm pbe syscall nx rdtscp lm constant_tsc arch_perfmon pebs bts nopl xtopology nonstop_tsc aperfmperf eagerfpu pni pclmulqdq dtes64 monitor ds_cpl vmx est tm2 ssse3 cx16 xtpr pdcm pcid sse4_1 sse4_2 x2apic popcnt tsc_deadline_timer aes xsave avx lahf_lm epb tpr_shadow vnmi flexpriority ept vpid xsaveopt dtherm ida arat pln pts
bugs		:
bogomips	: 4385.64
clflush size	: 64
cache_alignment	: 64
address sizes	: 36 bits physical, 48 bits virtual
power management:

processor	: 5
vendor_id	: GenuineIntel
cpu family	: 6
model		: 42
model name	: Intel(R) Core(TM) i7-2670QM CPU @ 2.20GHz
stepping	: 7
microcode	: 0x28
cpu MHz		: 2699.984
cache size	: 6144 KB
physical id	: 0
siblings	: 8
core id		: 2
cpu cores	: 4
apicid		: 5
initial apicid	: 5
fpu		: yes
fpu_exception	: yes
cpuid level	: 13
wp		: yes
flags		: fpu vme de pse tsc msr pae mce cx8 apic sep mtrr pge mca cmov pat pse36 clflush dts acpi mmx fxsr sse sse2 ss ht tm pbe syscall nx rdtscp lm constant_tsc arch_perfmon pebs bts nopl xtopology nonstop_tsc aperfmperf eagerfpu pni pclmulqdq dtes64 monitor ds_cpl vmx est tm2 ssse3 cx16 xtpr pdcm pcid sse4_1 sse4_2 x2apic popcnt tsc_deadline_timer aes xsave avx lahf_lm epb tpr_shadow vnmi flexpriority ept vpid xsaveopt dtherm ida arat pln pts
bugs		:
bogomips	: 4385.64
clflush size	: 64
cache_alignment	: 64
address sizes	: 36 bits physical, 48 bits virtual
power management:

processor	: 6
vendor_id	: GenuineIntel
cpu family	: 6
model		: 42
model name	: Intel(R) Core(TM) i7-2670QM CPU @ 2.20GHz
stepping	: 7
microcode	: 0x28
cpu MHz		: 2699.984
cache size	: 6144 KB
physical id	: 0
siblings	: 8
core id		: 3
cpu cores	: 4
apicid		: 6
initial apicid	: 6
fpu		: yes
fpu_exception	: yes
cpuid level	: 13
wp		: yes
flags		: fpu vme de pse tsc msr pae mce cx8 apic sep mtrr pge mca cmov pat pse36 clflush dts acpi mmx fxsr sse sse2 ss ht tm pbe syscall nx rdtscp lm constant_tsc arch_perfmon pebs bts nopl xtopology nonstop_tsc aperfmperf eagerfpu pni pclmulqdq dtes64 monitor ds_cpl vmx est tm2 ssse3 cx16 xtpr pdcm pcid sse4_1 sse4_2 x2apic popcnt tsc_deadline_timer aes xsave avx lahf_lm epb tpr_shadow vnmi flexpriority ept vpid xsaveopt dtherm ida arat pln pts
bugs		:
bogomips	: 4385.64
clflush size	: 64
cache_alignment	: 64
address sizes	: 36 bits physical, 48 bits virtual
power management:

processor	: 7
vendor_id	: GenuineIntel
cpu family	: 6
model		: 42
model name	: Intel(R) Core(TM) i7-2670QM CPU @ 2.20GHz
stepping	: 7
microcode	: 0x28
cpu MHz		: 1438.679
cache size	: 6144 KB
physical id	: 0
siblings	: 8
core id		: 3
cpu cores	: 4
apicid		: 7
initial apicid	: 7
fpu		: yes
fpu_exception	: yes
cpuid level	: 13
wp		: yes
flags		: fpu vme de pse tsc msr pae mce cx8 apic sep mtrr pge mca cmov pat pse36 clflush dts acpi mmx fxsr sse sse2 ss ht tm pbe syscall nx rdtscp lm constant_tsc arch_perfmon pebs bts nopl xtopology nonstop_tsc aperfmperf eagerfpu pni pclmulqdq dtes64 monitor ds_cpl vmx est tm2 ssse3 cx16 xtpr pdcm pcid sse4_1 sse4_2 x2apic popcnt tsc_deadline_timer aes xsave avx lahf_lm epb tpr_shadow vnmi flexpriority ept vpid xsaveopt dtherm ida arat pln pts
bugs		:
bogomips	: 4385.64
clflush size	: 64
cache_alignment	: 64
address sizes	: 36 bits physical, 48 bits virtual
power management:



Memory: 4k page, physical 16274064k(198148k free), swap 7532540k(20k free)

vm_info: Java HotSpot(TM) 64-Bit Server VM (25.111-b14) for linux-amd64 JRE (1.8.0_111-b14), built on Sep 22 2016 16:14:03 by "java_re" with gcc 4.3.0 20080428 (Red Hat 4.3.0-8)

time: Sat Dec 17 23:42:22 2016
elapsed time: 37 seconds (0d 0h 0m 37s)

