#
# A fatal error has been detected by the Java Runtime Environment:
#
#  EXCEPTION_ACCESS_VIOLATION (0xc0000005) at pc=0x0000000066da0664, pid=12352, tid=12892
#
# JRE version: Java(TM) SE Runtime Environment (8.0_25-b18) (build 1.8.0_25-b18)
# Java VM: Java HotSpot(TM) 64-Bit Server VM (25.25-b02 mixed mode windows-amd64 compressed oops)
# Problematic frame:
# C  [awt.dll+0xd0664]
#
# Failed to write core dump. Minidumps are not enabled by default on client versions of Windows
#
# If you would like to submit a bug report, please visit:
#   http://bugreport.sun.com/bugreport/crash.jsp
# The crash happened outside the Java Virtual Machine in native code.
# See problematic frame for where to report the bug.
#

---------------  T H R E A D  ---------------

Current thread (0x00000000206ce800):  JavaThread "AWT-EventQueue-0" [_thread_in_native, id=12892, stack(0x00000000276a0000,0x00000000277a0000)]

siginfo: ExceptionCode=0xc0000005, reading address 0x0000000000000008

Registers:
RAX=0x000000000000000d, RBX=0x00000000206ce9e8, RCX=0x0000000000000000, RDX=0xffffffff9101390b
RSP=0x000000002779ca98, RBP=0x00000000206ce9e8, RSI=0x000000001e3c3180, RDI=0x00000000206cfcf0
R8 =0x000000002779ca58, R9 =0x0000000000000005, R10=0x00007fffbad98bf0, R11=0xffffffffffffffff
R12=0xffffffff9101390b, R13=0x0000000000000000, R14=0x000000002779d230, R15=0x00000000206ce800
RIP=0x0000000066da0664, EFLAGS=0x0000000000010206

Top of Stack: (sp=0x000000002779ca98)
0x000000002779ca98:   0000000066d07609 00000000206ce9e8
0x000000002779caa8:   00000000206ce9e8 000000001e3c3180
0x000000002779cab8:   0000000000000005 0000000000000000
0x000000002779cac8:   000000001e3c3180 000000002779d220
0x000000002779cad8:   0000000066d3c1ad 00000000206ce9e8
0x000000002779cae8:   0000000000000000 000000002779cc01
0x000000002779caf8:   00000000206ce800 0000000020b1b3f0
0x000000002779cb08:   0000000066d03e72 000000002779d220
0x000000002779cb18:   000000002779cc10 00000000206ce9e8
0x000000002779cb28:   0000000066f3ecac 000000002779cce0
0x000000002779cb38:   000000002779cbe0 0000000000000000
0x000000002779cb48:   000000001c136690 00000000206ce800
0x000000002779cb58:   00007fffb9c84250 000000001c136690
0x000000002779cb68:   00000000206ce800 000000002779ce78
0x000000002779cb78:   00000000206ce800 00000000206ce800
0x000000002779cb88:   000000002779d218 00000000206ce9e8 

Instructions: (pc=0x0000000066da0664)
0x0000000066da0644:   41 5e 41 5d 41 5c 5f c3 48 8b 41 08 48 05 00 04
0x0000000066da0654:   00 00 c3 cc 48 8b 41 08 48 8b 80 18 0c 00 00 c3
0x0000000066da0664:   48 8b 49 08 48 85 c9 74 05 e9 0a a7 fe ff 33 c0
0x0000000066da0674:   c3 cc cc cc 48 83 ec 28 48 8b 49 08 48 85 c9 74 


Register to memory mapping:

RAX=0x000000000000000d is an unknown value
RBX=0x00000000206ce9e8 is an unknown value
RCX=0x0000000000000000 is an unknown value
RDX=0xffffffff9101390b is an unknown value
RSP=0x000000002779ca98 is pointing into the stack for thread: 0x00000000206ce800
RBP=0x00000000206ce9e8 is an unknown value
RSI=0x000000001e3c3180 is an unknown value
RDI=0x00000000206cfcf0 is an unknown value
R8 =0x000000002779ca58 is pointing into the stack for thread: 0x00000000206ce800
R9 =0x0000000000000005 is an unknown value
R10=0x00007fffbad98bf0 is an unknown value
R11=0xffffffffffffffff is an unknown value
R12=0xffffffff9101390b is an unknown value
R13=0x0000000000000000 is an unknown value
R14=0x000000002779d230 is pointing into the stack for thread: 0x00000000206ce800
R15=0x00000000206ce800 is a thread


Stack: [0x00000000276a0000,0x00000000277a0000],  sp=0x000000002779ca98,  free space=1010k
Native frames: (J=compiled Java code, j=interpreted, Vv=VM code, C=native code)
C  [awt.dll+0xd0664]

Java frames: (J=compiled Java code, j=interpreted, Vv=VM code)
j  sun.java2d.windows.GDIBlitLoops.nativeBlit(Lsun/java2d/SurfaceData;Lsun/java2d/SurfaceData;Lsun/java2d/pipe/Region;IIIIIIIIIZ)V+0
j  sun.java2d.windows.GDIBlitLoops.Blit(Lsun/java2d/SurfaceData;Lsun/java2d/SurfaceData;Ljava/awt/Composite;Lsun/java2d/pipe/Region;IIIIII)V+33
J 980 C1 sun.java2d.pipe.DrawImage.blitSurfaceData(Lsun/java2d/SunGraphics2D;Lsun/java2d/pipe/Region;Lsun/java2d/SurfaceData;Lsun/java2d/SurfaceData;Lsun/java2d/loops/SurfaceType;Lsun/java2d/loops/SurfaceType;IIIIIILjava/awt/Color;)V (145 bytes) @ 0x00000000032284f4 [0x00000000032276c0+0xe34]
J 977 C1 sun.java2d.pipe.DrawImage.renderImageCopy(Lsun/java2d/SunGraphics2D;Ljava/awt/Image;Ljava/awt/Color;IIIIII)Z (147 bytes) @ 0x000000000322b51c [0x000000000322af20+0x5fc]
J 981 C1 sun.java2d.pipe.DrawImage.copyImage(Lsun/java2d/SunGraphics2D;Ljava/awt/Image;IILjava/awt/Color;)Z (105 bytes) @ 0x000000000322706c [0x00000000032269e0+0x68c]
J 914 C1 sun.java2d.pipe.DrawImage.copyImage(Lsun/java2d/SunGraphics2D;Ljava/awt/Image;IILjava/awt/Color;Ljava/awt/image/ImageObserver;)Z (60 bytes) @ 0x00000000031f6fb4 [0x00000000031f6860+0x754]
j  sun.java2d.SunGraphics2D.drawImage(Ljava/awt/Image;IILjava/awt/Color;Ljava/awt/image/ImageObserver;)Z+66
j  sun.java2d.SunGraphics2D.drawImage(Ljava/awt/Image;IILjava/awt/image/ImageObserver;)Z+7
J 1320 C2 javax.swing.RepaintManager$PaintManager.paintDoubleBuffered(Ljavax/swing/JComponent;Ljava/awt/Image;Ljava/awt/Graphics;IIII)V (294 bytes) @ 0x000000000330e8e0 [0x000000000330dee0+0xa00]
J 1323 C2 javax.swing.JComponent._paintImmediately(IIII)V (891 bytes) @ 0x0000000003334258 [0x00000000033336e0+0xb78]
J 1301 C2 javax.swing.RepaintManager$4.run()Ljava/lang/Object; (5 bytes) @ 0x000000000316e984 [0x000000000316e680+0x304]
v  ~StubRoutines::call_stub
J 657  java.security.AccessController.doPrivileged(Ljava/security/PrivilegedAction;Ljava/security/AccessControlContext;)Ljava/lang/Object; (0 bytes) @ 0x00000000031373a6 [0x0000000003137340+0x66]
J 1299 C2 java.awt.EventQueue$3.run()Ljava/lang/Object; (5 bytes) @ 0x00000000032f360c [0x00000000032f2920+0xcec]
v  ~StubRoutines::call_stub
J 657  java.security.AccessController.doPrivileged(Ljava/security/PrivilegedAction;Ljava/security/AccessControlContext;)Ljava/lang/Object; (0 bytes) @ 0x00000000031373a6 [0x0000000003137340+0x66]
J 1188 C2 java.awt.EventDispatchThread.pumpOneEventForFilters(I)V (295 bytes) @ 0x00000000032dc9e8 [0x00000000032dbc00+0xde8]
J 1244% C2 java.awt.EventDispatchThread.pumpEventsForFilter(ILjava/awt/Conditional;Ljava/awt/EventFilter;)V (47 bytes) @ 0x000000000313ee88 [0x000000000313ed40+0x148]
j  java.awt.EventDispatchThread.pumpEventsForHierarchy(ILjava/awt/Conditional;Ljava/awt/Component;)V+11
j  java.awt.EventDispatchThread.pumpEvents(ILjava/awt/Conditional;)V+4
j  java.awt.EventDispatchThread.pumpEvents(Ljava/awt/Conditional;)V+3
j  java.awt.EventDispatchThread.run()V+9
v  ~StubRoutines::call_stub

---------------  P R O C E S S  ---------------

Java Threads: ( => current thread )
  0x0000000020726800 JavaThread "Thread-9" [_thread_blocked, id=8084, stack(0x0000000021420000,0x0000000021520000)]
  0x0000000020728000 JavaThread "D3D Screen Updater" daemon [_thread_blocked, id=3924, stack(0x00000000278a0000,0x00000000279a0000)]
=>0x00000000206ce800 JavaThread "AWT-EventQueue-0" [_thread_in_native, id=12892, stack(0x00000000276a0000,0x00000000277a0000)]
  0x000000001e57e000 JavaThread "AWT-Windows" daemon [_thread_in_native, id=10820, stack(0x0000000021030000,0x0000000021130000)]
  0x000000001e57d800 JavaThread "AWT-Shutdown" [_thread_blocked, id=7244, stack(0x0000000020f30000,0x0000000021030000)]
  0x000000001e57c800 JavaThread "Java2D Disposer" daemon [_thread_blocked, id=3168, stack(0x0000000020e30000,0x0000000020f30000)]
  0x000000001e2ee800 JavaThread "Thread-6" [_thread_in_Java, id=3260, stack(0x0000000020440000,0x0000000020540000)]
  0x000000001e2ed000 JavaThread "Thread-4" [_thread_in_Java, id=9860, stack(0x0000000020140000,0x0000000020240000)]
  0x000000001e2ea000 JavaThread "Thread-3" [_thread_in_Java, id=12756, stack(0x0000000020040000,0x0000000020140000)]
  0x000000001e2de800 JavaThread "Thread-0" [_thread_in_Java, id=7436, stack(0x000000001fd40000,0x000000001fe40000)]
  0x000000001e27c000 JavaThread "Service Thread" daemon [_thread_blocked, id=12792, stack(0x000000001fb40000,0x000000001fc40000)]
  0x000000001e1fc800 JavaThread "C1 CompilerThread3" daemon [_thread_blocked, id=5296, stack(0x000000001fa40000,0x000000001fb40000)]
  0x000000001e1fa000 JavaThread "C2 CompilerThread2" daemon [_thread_blocked, id=7872, stack(0x000000001f940000,0x000000001fa40000)]
  0x000000001e1f1000 JavaThread "C2 CompilerThread1" daemon [_thread_blocked, id=11044, stack(0x000000001f840000,0x000000001f940000)]
  0x000000001e1ef000 JavaThread "C2 CompilerThread0" daemon [_thread_blocked, id=8692, stack(0x000000001f740000,0x000000001f840000)]
  0x000000001e1e8800 JavaThread "Attach Listener" daemon [_thread_blocked, id=11376, stack(0x000000001f640000,0x000000001f740000)]
  0x000000001cb1e800 JavaThread "Signal Dispatcher" daemon [_thread_blocked, id=12800, stack(0x000000001f540000,0x000000001f640000)]
  0x0000000002ec8000 JavaThread "Finalizer" daemon [_thread_blocked, id=12316, stack(0x000000001f440000,0x000000001f540000)]
  0x000000001cb0c000 JavaThread "Reference Handler" daemon [_thread_blocked, id=9172, stack(0x000000001f340000,0x000000001f440000)]
  0x0000000002dd0800 JavaThread "main" [_thread_in_Java, id=12460, stack(0x0000000002bf0000,0x0000000002cf0000)]

Other Threads:
  0x000000001e1c2800 VMThread [stack: 0x000000001f240000,0x000000001f340000] [id=8480]
  0x000000001e28f800 WatcherThread [stack: 0x000000001fc40000,0x000000001fd40000] [id=12788]

VM state:not at safepoint (normal execution)

VM Mutex/Monitor currently owned by a thread: None

Heap:
 PSYoungGen      total 31744K, used 20182K [0x000000076b300000, 0x00000007bec80000, 0x00000007c0000000)
  eden space 31232K, 64% used [0x000000076b300000,0x000000076c685bf0,0x000000076d180000)
  from space 512K, 37% used [0x00000007bec00000,0x00000007bec30000,0x00000007bec80000)
  to   space 512K, 0% used [0x00000007beb80000,0x00000007beb80000,0x00000007bec00000)
 ParOldGen       total 175104K, used 109303K [0x00000006c1800000, 0x00000006cc300000, 0x000000076b300000)
  object space 175104K, 62% used [0x00000006c1800000,0x00000006c82bdcd8,0x00000006cc300000)
 Metaspace       used 9559K, capacity 9732K, committed 9984K, reserved 1058816K
  class space    used 1112K, capacity 1161K, committed 1280K, reserved 1048576K

Card table byte_map: [0x0000000012290000,0x0000000012a90000] byte_map_base: 0x000000000ec84000

Marking Bits: (ParMarkBitMap*) 0x000000006766d490
 Begin Bits: [0x00000000139e0000, 0x0000000017980000)
 End Bits:   [0x0000000017980000, 0x000000001b920000)

Polling page: 0x0000000002b40000

CodeCache: size=245760Kb used=4393Kb max_used=4425Kb free=241366Kb
 bounds [0x0000000002ed0000, 0x0000000003350000, 0x0000000011ed0000]
 total_blobs=1550 nmethods=1063 adapters=401
 compilation: enabled

Compilation events (10 events):
Event: 11228.274 Thread 0x000000001e1fa000 1336       4       java.util.concurrent.locks.AbstractQueuedSynchronizer::acquire (27 bytes)
Event: 11228.281 Thread 0x000000001e1fa000 nmethod 1336 0x00000000030b5050 code [0x00000000030b51e0, 0x00000000030b5760]
Event: 49883.216 Thread 0x000000001e1f1000 1337       4       sun.java2d.pipe.PixelToParallelogramConverter::fill (76 bytes)
Event: 49883.216 Thread 0x000000001e1ef000 1338       4       sun.java2d.pipe.PixelToParallelogramConverter::fillRectangle (236 bytes)
Event: 49883.216 Thread 0x000000001e1fa000 1339       4       sun.java2d.pipe.PixelToParallelogramConverter::normalize (15 bytes)
Event: 49883.216 Thread 0x000000001e1fc800 1340       1       sun.java2d.SunGraphics2D::getSurfaceData (5 bytes)
Event: 49883.216 Thread 0x000000001e1fc800 nmethod 1340 0x0000000003162e90 code [0x0000000003162fe0, 0x00000000031630f0]
Event: 49883.217 Thread 0x000000001e1fa000 nmethod 1339 0x0000000003163490 code [0x0000000003163600, 0x00000000031636f8]
Event: 49883.243 Thread 0x000000001e1ef000 nmethod 1338 0x0000000003200c50 code [0x0000000003200ec0, 0x00000000032020d0]
Event: 49883.246 Thread 0x000000001e1f1000 nmethod 1337 0x00000000033411d0 code [0x0000000003341460, 0x00000000033426f0]

GC Heap History (10 events):
Event: 49874.070 GC heap before
{Heap before GC invocations=157360 (full 0):
 PSYoungGen      total 31744K, used 31392K [0x000000076b300000, 0x00000007bec80000, 0x00000007c0000000)
  eden space 31232K, 100% used [0x000000076b300000,0x000000076d180000,0x000000076d180000)
  from space 512K, 31% used [0x00000007beb80000,0x00000007beba8000,0x00000007bec00000)
  to   space 512K, 0% used [0x00000007bec00000,0x00000007bec00000,0x00000007bec80000)
 ParOldGen       total 175104K, used 109303K [0x00000006c1800000, 0x00000006cc300000, 0x000000076b300000)
  object space 175104K, 62% used [0x00000006c1800000,0x00000006c82bdcd8,0x00000006cc300000)
 Metaspace       used 9557K, capacity 9732K, committed 9984K, reserved 1058816K
  class space    used 1112K, capacity 1161K, committed 1280K, reserved 1048576K
Event: 49874.070 GC heap after
Heap after GC invocations=157360 (full 0):
 PSYoungGen      total 31744K, used 128K [0x000000076b300000, 0x00000007bec80000, 0x00000007c0000000)
  eden space 31232K, 0% used [0x000000076b300000,0x000000076b300000,0x000000076d180000)
  from space 512K, 25% used [0x00000007bec00000,0x00000007bec20000,0x00000007bec80000)
  to   space 512K, 0% used [0x00000007beb80000,0x00000007beb80000,0x00000007bec00000)
 ParOldGen       total 175104K, used 109303K [0x00000006c1800000, 0x00000006cc300000, 0x000000076b300000)
  object space 175104K, 62% used [0x00000006c1800000,0x00000006c82bdcd8,0x00000006cc300000)
 Metaspace       used 9557K, capacity 9732K, committed 9984K, reserved 1058816K
  class space    used 1112K, capacity 1161K, committed 1280K, reserved 1048576K
}
Event: 49875.793 GC heap before
{Heap before GC invocations=157361 (full 0):
 PSYoungGen      total 31744K, used 31360K [0x000000076b300000, 0x00000007bec80000, 0x00000007c0000000)
  eden space 31232K, 100% used [0x000000076b300000,0x000000076d180000,0x000000076d180000)
  from space 512K, 25% used [0x00000007bec00000,0x00000007bec20000,0x00000007bec80000)
  to   space 512K, 0% used [0x00000007beb80000,0x00000007beb80000,0x00000007bec00000)
 ParOldGen       total 175104K, used 109303K [0x00000006c1800000, 0x00000006cc300000, 0x000000076b300000)
  object space 175104K, 62% used [0x00000006c1800000,0x00000006c82bdcd8,0x00000006cc300000)
 Metaspace       used 9557K, capacity 9732K, committed 9984K, reserved 1058816K
  class space    used 1112K, capacity 1161K, committed 1280K, reserved 1048576K
Event: 49875.794 GC heap after
Heap after GC invocations=157361 (full 0):
 PSYoungGen      total 31744K, used 128K [0x000000076b300000, 0x00000007bec80000, 0x00000007c0000000)
  eden space 31232K, 0% used [0x000000076b300000,0x000000076b300000,0x000000076d180000)
  from space 512K, 25% used [0x00000007beb80000,0x00000007beba0000,0x00000007bec00000)
  to   space 512K, 0% used [0x00000007bec00000,0x00000007bec00000,0x00000007bec80000)
 ParOldGen       total 175104K, used 109303K [0x00000006c1800000, 0x00000006cc300000, 0x000000076b300000)
  object space 175104K, 62% used [0x00000006c1800000,0x00000006c82bdcd8,0x00000006cc300000)
 Metaspace       used 9557K, capacity 9732K, committed 9984K, reserved 1058816K
  class space    used 1112K, capacity 1161K, committed 1280K, reserved 1048576K
}
Event: 49877.506 GC heap before
{Heap before GC invocations=157362 (full 0):
 PSYoungGen      total 31744K, used 31360K [0x000000076b300000, 0x00000007bec80000, 0x00000007c0000000)
  eden space 31232K, 100% used [0x000000076b300000,0x000000076d180000,0x000000076d180000)
  from space 512K, 25% used [0x00000007beb80000,0x00000007beba0000,0x00000007bec00000)
  to   space 512K, 0% used [0x00000007bec00000,0x00000007bec00000,0x00000007bec80000)
 ParOldGen       total 175104K, used 109303K [0x00000006c1800000, 0x00000006cc300000, 0x000000076b300000)
  object space 175104K, 62% used [0x00000006c1800000,0x00000006c82bdcd8,0x00000006cc300000)
 Metaspace       used 9557K, capacity 9732K, committed 9984K, reserved 1058816K
  class space    used 1112K, capacity 1161K, committed 1280K, reserved 1048576K
Event: 49877.507 GC heap after
Heap after GC invocations=157362 (full 0):
 PSYoungGen      total 31744K, used 160K [0x000000076b300000, 0x00000007bec80000, 0x00000007c0000000)
  eden space 31232K, 0% used [0x000000076b300000,0x000000076b300000,0x000000076d180000)
  from space 512K, 31% used [0x00000007bec00000,0x00000007bec28000,0x00000007bec80000)
  to   space 512K, 0% used [0x00000007beb80000,0x00000007beb80000,0x00000007bec00000)
 ParOldGen       total 175104K, used 109303K [0x00000006c1800000, 0x00000006cc300000, 0x000000076b300000)
  object space 175104K, 62% used [0x00000006c1800000,0x00000006c82bdcd8,0x00000006cc300000)
 Metaspace       used 9557K, capacity 9732K, committed 9984K, reserved 1058816K
  class space    used 1112K, capacity 1161K, committed 1280K, reserved 1048576K
}
Event: 49879.228 GC heap before
{Heap before GC invocations=157363 (full 0):
 PSYoungGen      total 31744K, used 31392K [0x000000076b300000, 0x00000007bec80000, 0x00000007c0000000)
  eden space 31232K, 100% used [0x000000076b300000,0x000000076d180000,0x000000076d180000)
  from space 512K, 31% used [0x00000007bec00000,0x00000007bec28000,0x00000007bec80000)
  to   space 512K, 0% used [0x00000007beb80000,0x00000007beb80000,0x00000007bec00000)
 ParOldGen       total 175104K, used 109303K [0x00000006c1800000, 0x00000006cc300000, 0x000000076b300000)
  object space 175104K, 62% used [0x00000006c1800000,0x00000006c82bdcd8,0x00000006cc300000)
 Metaspace       used 9557K, capacity 9732K, committed 9984K, reserved 1058816K
  class space    used 1112K, capacity 1161K, committed 1280K, reserved 1048576K
Event: 49879.228 GC heap after
Heap after GC invocations=157363 (full 0):
 PSYoungGen      total 31744K, used 192K [0x000000076b300000, 0x00000007bec80000, 0x00000007c0000000)
  eden space 31232K, 0% used [0x000000076b300000,0x000000076b300000,0x000000076d180000)
  from space 512K, 37% used [0x00000007beb80000,0x00000007bebb0000,0x00000007bec00000)
  to   space 512K, 0% used [0x00000007bec00000,0x00000007bec00000,0x00000007bec80000)
 ParOldGen       total 175104K, used 109303K [0x00000006c1800000, 0x00000006cc300000, 0x000000076b300000)
  object space 175104K, 62% used [0x00000006c1800000,0x00000006c82bdcd8,0x00000006cc300000)
 Metaspace       used 9557K, capacity 9732K, committed 9984K, reserved 1058816K
  class space    used 1112K, capacity 1161K, committed 1280K, reserved 1048576K
}
Event: 49880.940 GC heap before
{Heap before GC invocations=157364 (full 0):
 PSYoungGen      total 31744K, used 31424K [0x000000076b300000, 0x00000007bec80000, 0x00000007c0000000)
  eden space 31232K, 100% used [0x000000076b300000,0x000000076d180000,0x000000076d180000)
  from space 512K, 37% used [0x00000007beb80000,0x00000007bebb0000,0x00000007bec00000)
  to   space 512K, 0% used [0x00000007bec00000,0x00000007bec00000,0x00000007bec80000)
 ParOldGen       total 175104K, used 109303K [0x00000006c1800000, 0x00000006cc300000, 0x000000076b300000)
  object space 175104K, 62% used [0x00000006c1800000,0x00000006c82bdcd8,0x00000006cc300000)
 Metaspace       used 9557K, capacity 9732K, committed 9984K, reserved 1058816K
  class space    used 1112K, capacity 1161K, committed 1280K, reserved 1048576K
Event: 49880.940 GC heap after
Heap after GC invocations=157364 (full 0):
 PSYoungGen      total 31744K, used 192K [0x000000076b300000, 0x00000007bec80000, 0x00000007c0000000)
  eden space 31232K, 0% used [0x000000076b300000,0x000000076b300000,0x000000076d180000)
  from space 512K, 37% used [0x00000007bec00000,0x00000007bec30000,0x00000007bec80000)
  to   space 512K, 0% used [0x00000007beb80000,0x00000007beb80000,0x00000007bec00000)
 ParOldGen       total 175104K, used 109303K [0x00000006c1800000, 0x00000006cc300000, 0x000000076b300000)
  object space 175104K, 62% used [0x00000006c1800000,0x00000006c82bdcd8,0x00000006cc300000)
 Metaspace       used 9557K, capacity 9732K, committed 9984K, reserved 1058816K
  class space    used 1112K, capacity 1161K, committed 1280K, reserved 1048576K
}

Deoptimization events (10 events):
Event: 49883.215 Thread 0x00000000206ce800 Uncommon trap: reason=class_check action=maybe_recompile pc=0x00000000030f9be8 method=sun.java2d.pipe.PixelToParallelogramConverter.fillRectangle(Lsun/java2d/SunGraphics2D;DDDD)V @ 230
Event: 49883.215 Thread 0x00000000206ce800 Uncommon trap: reason=class_check action=maybe_recompile pc=0x00000000030f9be8 method=sun.java2d.pipe.PixelToParallelogramConverter.fillRectangle(Lsun/java2d/SunGraphics2D;DDDD)V @ 230
Event: 49883.215 Thread 0x00000000206ce800 Uncommon trap: reason=class_check action=maybe_recompile pc=0x00000000030f9be8 method=sun.java2d.pipe.PixelToParallelogramConverter.fillRectangle(Lsun/java2d/SunGraphics2D;DDDD)V @ 230
Event: 49883.215 Thread 0x00000000206ce800 Uncommon trap: reason=class_check action=maybe_recompile pc=0x00000000030f9be8 method=sun.java2d.pipe.PixelToParallelogramConverter.fillRectangle(Lsun/java2d/SunGraphics2D;DDDD)V @ 230
Event: 49883.215 Thread 0x00000000206ce800 Uncommon trap: reason=class_check action=maybe_recompile pc=0x00000000030f775c method=sun.java2d.pipe.PixelToParallelogramConverter.fillRectangle(Lsun/java2d/SunGraphics2D;DDDD)V @ 230
Event: 49883.217 Thread 0x00000000206ce800 Uncommon trap: reason=class_check action=maybe_recompile pc=0x000000000329ca18 method=sun.java2d.SunGraphics2D.drawString(Ljava/lang/String;II)V @ 68
Event: 49883.217 Thread 0x00000000206ce800 Uncommon trap: reason=class_check action=maybe_recompile pc=0x000000000329ca18 method=sun.java2d.SunGraphics2D.drawString(Ljava/lang/String;II)V @ 68
Event: 49883.217 Thread 0x00000000206ce800 Uncommon trap: reason=class_check action=maybe_recompile pc=0x000000000329ca18 method=sun.java2d.SunGraphics2D.drawString(Ljava/lang/String;II)V @ 68
Event: 49883.217 Thread 0x00000000206ce800 Uncommon trap: reason=class_check action=maybe_recompile pc=0x000000000329ca18 method=sun.java2d.SunGraphics2D.drawString(Ljava/lang/String;II)V @ 68
Event: 49883.217 Thread 0x00000000206ce800 Uncommon trap: reason=bimorphic action=maybe_recompile pc=0x00000000033204e0 method=sun.java2d.SunGraphics2D.drawImage(Ljava/awt/Image;IILjava/awt/Color;Ljava/awt/image/ImageObserver;)Z @ 66

Internal exceptions (10 events):
Event: 0.114 Thread 0x0000000002dd0800 Exception <a 'java/lang/NoSuchFieldError': method resolution failed> (0x000000076b6e3080) thrown at [D:\re\workspace\8-2-build-windows-amd64-cygwin\jdk8u25\1677\hotspot\src\share\vm\prims\methodHandles.cpp, line 1159]
Event: 0.115 Thread 0x0000000002dd0800 Exception <a 'java/lang/NoSuchFieldError': method resolution failed> (0x000000076b6e6500) thrown at [D:\re\workspace\8-2-build-windows-amd64-cygwin\jdk8u25\1677\hotspot\src\share\vm\prims\methodHandles.cpp, line 1159]
Event: 0.151 Thread 0x0000000002dd0800 Exception <a 'java/io/FileNotFoundException'> (0x000000076b77a100) thrown at [D:\re\workspace\8-2-build-windows-amd64-cygwin\jdk8u25\1677\hotspot\src\share\vm\prims\jni.cpp, line 716]
Event: 0.308 Thread 0x0000000002dd0800 Exception <a 'java/security/PrivilegedActionException'> (0x000000076bac6578) thrown at [D:\re\workspace\8-2-build-windows-amd64-cygwin\jdk8u25\1677\hotspot\src\share\vm\prims\jvm.cpp, line 1312]
Event: 0.317 Thread 0x0000000002dd0800 Exception <a 'java/security/PrivilegedActionException'> (0x000000076bad1b28) thrown at [D:\re\workspace\8-2-build-windows-amd64-cygwin\jdk8u25\1677\hotspot\src\share\vm\prims\jvm.cpp, line 1312]
Event: 7385.902 Thread 0x000000001e2df000 Exception <a 'java/lang/ArrayIndexOutOfBoundsException': -1> (0x0000000774228cb0) thrown at [D:\re\workspace\8-2-build-windows-amd64-cygwin\jdk8u25\1677\hotspot\src\share\vm\interpreter\interpreterRuntime.cpp, line 366]
Event: 7385.902 Thread 0x000000001e2ed800 Exception <a 'java/lang/ArrayIndexOutOfBoundsException': -1> (0x00000007744061a0) thrown at [D:\re\workspace\8-2-build-windows-amd64-cygwin\jdk8u25\1677\hotspot\src\share\vm\interpreter\interpreterRuntime.cpp, line 366]
Event: 7385.902 Thread 0x000000001e2e5800 Exception <a 'java/lang/ArrayIndexOutOfBoundsException': -1> (0x00000007740bb790) thrown at [D:\re\workspace\8-2-build-windows-amd64-cygwin\jdk8u25\1677\hotspot\src\share\vm\interpreter\interpreterRuntime.cpp, line 366]
Event: 9199.091 Thread 0x00000000206ce800 Implicit null exception at 0x0000000002fe870f to 0x0000000002fe88c5
Event: 9199.186 Thread 0x00000000206ce800 Implicit null exception at 0x00000000032af9ad to 0x00000000032b0e7d

Events (10 events):
Event: 49883.217 Thread 0x000000001e1fa000 flushing nmethod 0x0000000003287d10
Event: 49883.217 Thread 0x000000001e1fa000 flushing nmethod 0x0000000003289450
Event: 49883.217 Thread 0x00000000206ce800 DEOPT UNPACKING pc=0x0000000002f1556a sp=0x000000002779d600 mode 2
Event: 49883.217 Thread 0x00000000206ce800 Uncommon trap: trap_request=0xffffffde fr.pc=0x000000000329ca18
Event: 49883.217 Thread 0x00000000206ce800 DEOPT PACKING pc=0x000000000329ca18 sp=0x000000002779d600
Event: 49883.217 Thread 0x00000000206ce800 DEOPT UNPACKING pc=0x0000000002f1556a sp=0x000000002779d600 mode 2
Event: 49883.217 Thread 0x000000001e1fa000 flushing nmethod 0x0000000003293c50
Event: 49883.217 Thread 0x00000000206ce800 Uncommon trap: trap_request=0xffffffc6 fr.pc=0x00000000033204e0
Event: 49883.217 Thread 0x00000000206ce800 DEOPT PACKING pc=0x00000000033204e0 sp=0x000000002779d6b0
Event: 49883.217 Thread 0x00000000206ce800 DEOPT UNPACKING pc=0x0000000002f1556a sp=0x000000002779d650 mode 2


Dynamic libraries:
0x00007ff7bc070000 - 0x00007ff7bc0a4000 	C:\ProgramData\Oracle\Java\javapath\java.exe
0x00007fffbca60000 - 0x00007fffbcc0c000 	C:\Windows\SYSTEM32\ntdll.dll
0x00007fffbaa10000 - 0x00007fffbab4e000 	C:\Windows\system32\KERNEL32.DLL
0x00007fffb9c80000 - 0x00007fffb9d95000 	C:\Windows\system32\KERNELBASE.dll
0x00007fffb8670000 - 0x00007fffb86fe000 	C:\Windows\system32\apphelp.dll
0x00007fffacce0000 - 0x00007fffacd33000 	C:\Windows\AppPatch\AppPatch64\AcGenral.DLL
0x00007fffba840000 - 0x00007fffba8ea000 	C:\Windows\system32\msvcrt.dll
0x00007fffb9a50000 - 0x00007fffb9a7e000 	C:\Windows\SYSTEM32\SspiCli.dll
0x00007fffba500000 - 0x00007fffba554000 	C:\Windows\system32\SHLWAPI.dll
0x00007fffbb1c0000 - 0x00007fffbb337000 	C:\Windows\system32\USER32.dll
0x00007fffba630000 - 0x00007fffba7c4000 	C:\Windows\system32\ole32.dll
0x00007fffbb540000 - 0x00007fffbca58000 	C:\Windows\system32\SHELL32.dll
0x00007fffb91d0000 - 0x00007fffb91f1000 	C:\Windows\SYSTEM32\USERENV.dll
0x00007fffba960000 - 0x00007fffbaa0a000 	C:\Windows\system32\ADVAPI32.dll
0x00007fffac280000 - 0x00007fffac29e000 	C:\Windows\SYSTEM32\MPR.dll
0x00007fffbb340000 - 0x00007fffbb481000 	C:\Windows\system32\RPCRT4.dll
0x00007fffba8f0000 - 0x00007fffba949000 	C:\Windows\SYSTEM32\sechost.dll
0x00007fffbab50000 - 0x00007fffbad61000 	C:\Windows\SYSTEM32\combase.dll
0x00007fffbad70000 - 0x00007fffbaec1000 	C:\Windows\system32\GDI32.dll
0x00007fffb9bb0000 - 0x00007fffb9bc5000 	C:\Windows\SYSTEM32\profapi.dll
0x00007fffb8700000 - 0x00007fffb87b2000 	C:\Windows\SYSTEM32\SHCORE.dll
0x00007fffbb490000 - 0x00007fffbb4c6000 	C:\Windows\system32\IMM32.DLL
0x00007fffbafa0000 - 0x00007fffbb0f3000 	C:\Windows\system32\MSCTF.dll
0x00007fffb7510000 - 0x00007fffb778b000 	C:\Windows\WinSxS\amd64_microsoft.windows.common-controls_6595b64144ccf1df_6.0.9600.17415_none_6240486fecbd8abb\COMCTL32.dll
0x00000000676f0000 - 0x00000000677c2000 	C:\Program Files\Java\jre1.8.0_25\bin\msvcr100.dll
0x0000000066e90000 - 0x00000000676ea000 	C:\Program Files\Java\jre1.8.0_25\bin\server\jvm.dll
0x00007fffb7dd0000 - 0x00007fffb7dd9000 	C:\Windows\SYSTEM32\WSOCK32.dll
0x00007fffb73a0000 - 0x00007fffb73c2000 	C:\Windows\SYSTEM32\WINMM.dll
0x00007fffba560000 - 0x00007fffba567000 	C:\Windows\system32\PSAPI.DLL
0x00007fffba0e0000 - 0x00007fffba13a000 	C:\Windows\system32\WS2_32.dll
0x00007fffb7350000 - 0x00007fffb737a000 	C:\Windows\SYSTEM32\WINMMBASE.dll
0x00007fffba4d0000 - 0x00007fffba4d9000 	C:\Windows\system32\NSI.dll
0x00007fffba090000 - 0x00007fffba0df000 	C:\Windows\SYSTEM32\cfgmgr32.dll
0x00007fffb89a0000 - 0x00007fffb89c8000 	C:\Windows\SYSTEM32\DEVOBJ.dll
0x00000000678a0000 - 0x00000000678af000 	C:\Program Files\Java\jre1.8.0_25\bin\verify.dll
0x00000000677f0000 - 0x0000000067818000 	C:\Program Files\Java\jre1.8.0_25\bin\java.dll
0x0000000066e70000 - 0x0000000066e86000 	C:\Program Files\Java\jre1.8.0_25\bin\zip.dll
0x0000000066cd0000 - 0x0000000066e68000 	C:\Program Files\Java\jre1.8.0_25\bin\awt.dll
0x00007fffbaed0000 - 0x00007fffbaf91000 	C:\Windows\system32\OLEAUT32.dll
0x00007fffb8820000 - 0x00007fffb8949000 	C:\Windows\system32\uxtheme.dll
0x00007fffb7f00000 - 0x00007fffb7f21000 	C:\Windows\system32\dwmapi.dll
0x00007fffb8a10000 - 0x00007fffb8a1b000 	C:\Windows\SYSTEM32\kernel.appcore.dll
0x00007fffb9af0000 - 0x00007fffb9afb000 	C:\Windows\SYSTEM32\CRYPTBASE.dll
0x00007fffb9a80000 - 0x00007fffb9ae3000 	C:\Windows\SYSTEM32\bcryptPrimitives.dll
0x00007fffb73d0000 - 0x00007fffb73da000 	C:\Windows\SYSTEM32\VERSION.dll
0x0000000180000000 - 0x0000000180179000 	C:\Windows\system32\nvspcap64.dll
0x00007fffb5820000 - 0x00007fffb598b000 	C:\Program Files (x86)\NVIDIA Corporation\3D Vision\nvSCPAPI64.dll
0x00007fffba140000 - 0x00007fffba31a000 	C:\Windows\system32\SETUPAPI.dll
0x00007fffb5e50000 - 0x00007fffb619c000 	C:\Windows\system32\nvapi64.dll
0x00007fffb9f80000 - 0x00007fffb9fd1000 	C:\Windows\system32\WINTRUST.dll
0x00007fffb9da0000 - 0x00007fffb9f7f000 	C:\Windows\system32\CRYPT32.dll
0x00007fffb9c60000 - 0x00007fffb9c71000 	C:\Windows\system32\MSASN1.dll
0x00007fffb7b30000 - 0x00007fffb7bb7000 	C:\Windows\system32\dxgi.dll
0x0000000066c80000 - 0x0000000066cc7000 	C:\Program Files\Java\jre1.8.0_25\bin\fontmanager.dll
0x0000000066c60000 - 0x0000000066c7a000 	C:\Program Files\Java\jre1.8.0_25\bin\net.dll
0x00007fffb9490000 - 0x00007fffb94e9000 	C:\Windows\system32\mswsock.dll
0x0000000066c40000 - 0x0000000066c51000 	C:\Program Files\Java\jre1.8.0_25\bin\nio.dll
0x0000000066bf0000 - 0x0000000066c31000 	C:\Program Files\Java\jre1.8.0_25\bin\t2k.dll
0x00007fffb04e0000 - 0x00007fffb0701000 	C:\Windows\system32\d3d9.dll
0x00007fff9e350000 - 0x00007fff9f3bc000 	C:\Windows\SYSTEM32\nvd3dumx.dll
0x00007fffb9200000 - 0x00007fffb9246000 	C:\Windows\system32\powrprof.dll
0x00007fffaa540000 - 0x00007fffaa6ca000 	C:\Windows\SYSTEM32\dbghelp.dll

VM Arguments:
java_command: Controller
java_class_path (initial): .
Launcher Type: SUN_STANDARD

Environment Variables:
PATH=C:\Program Files\Broadcom\Broadcom 802.11 Network Adapter;;C:\Program Files (x86)\NVIDIA Corporation\PhysX\Common;C:\ProgramData\Oracle\Java\javapath;C:\Program Files\Java\jdk1.8.0_25\bin;C:\Python33\scripts;C:\Program Files (x86)\Skype\Phone\
USERNAME=Max
OS=Windows_NT
PROCESSOR_IDENTIFIER=Intel64 Family 6 Model 63 Stepping 2, GenuineIntel



---------------  S Y S T E M  ---------------

OS: Windows 8.1 , 64 bit Build 9600 

CPU:total 12 (6 cores per cpu, 2 threads per core) family 6 model 63 stepping 2, cmov, cx8, fxsr, mmx, sse, sse2, sse3, ssse3, sse4.1, sse4.2, popcnt, avx, avx2, aes, clmul, erms, lzcnt, ht, tsc, tscinvbit, bmi1, bmi2

Memory: 4k page, physical 16676688k(6370636k free), swap 18773840k(5941528k free)

vm_info: Java HotSpot(TM) 64-Bit Server VM (25.25-b02) for windows-amd64 JRE (1.8.0_25-b18), built on Oct  7 2014 14:25:37 by "java_re" with MS VC++ 10.0 (VS2010)

time: Fri Mar 13 09:47:47 2015
elapsed time: 49883 seconds (0d 13h 51m 23s)

