#
# A fatal error has been detected by the Java Runtime Environment:
#
#  EXCEPTION_ACCESS_VIOLATION (0xc0000005) at pc=0x0000000066da0664, pid=9788, tid=9752
#
# JRE version: Java(TM) SE Runtime Environment (8.0_25-b18) (build 1.8.0_25-b18)
# Java VM: Java HotSpot(TM) 64-Bit Server VM (25.25-b02 mixed mode windows-amd64 compressed oops)
# Problematic frame:
# C  [awt.dll+0xd0664]
#
# Failed to write core dump. Minidumps are not enabled by default on client versions of Windows
#
# If you would like to submit a bug report, please visit:
#   http://bugreport.sun.com/bugreport/crash.jsp
# The crash happened outside the Java Virtual Machine in native code.
# See problematic frame for where to report the bug.
#

---------------  T H R E A D  ---------------

Current thread (0x000000001d960000):  JavaThread "AWT-EventQueue-0" [_thread_in_native, id=9752, stack(0x00000000263d0000,0x00000000264d0000)]

siginfo: ExceptionCode=0xc0000005, reading address 0x0000000000000008

Registers:
RAX=0x000000000000000d, RBX=0x000000001d9601e8, RCX=0x0000000000000000, RDX=0xffffffffbb0130fb
RSP=0x00000000264cc798, RBP=0x000000001d9601e8, RSI=0x0000000023d4d460, RDI=0x000000001d763620
R8 =0x00000000264cc758, R9 =0x0000000000000005, R10=0x0000000000000000, R11=0x0000000000000202
R12=0xffffffffbb0130fb, R13=0x0000000000000000, R14=0x00000000264ccf30, R15=0x000000001d960000
RIP=0x0000000066da0664, EFLAGS=0x0000000000010206

Top of Stack: (sp=0x00000000264cc798)
0x00000000264cc798:   0000000066d07609 000000001d9601e8
0x00000000264cc7a8:   000000001d9601e8 0000000023d4d460
0x00000000264cc7b8:   000000001d763620 0000000000000000
0x00000000264cc7c8:   0000000023d4d460 00000000264ccf20
0x00000000264cc7d8:   0000000066d3c1ad 000000001d9601e8
0x00000000264cc7e8:   0000000000000000 00000000264cc901
0x00000000264cc7f8:   00000006c1871de8 0000000023eb9a70
0x00000000264cc808:   0000000066d03e72 00000000264ccf20
0x00000000264cc818:   00000000264cc910 000000001d9601e8
0x00000000264cc828:   0000000066ef49c8 00000000264cca70
0x00000000264cc838:   00000000024ec9d4 00000000022c7a2d
0x00000000264cc848:   0000000000000000 00000000264ccff0
0x00000000264cc858:   0000000066ef5deb 00000000264ccf70
0x00000000264cc868:   00000000022c77b0 00000000022c5410
0x00000000264cc878:   00000000670b94f9 00000000264ccfc8
0x00000000264cc888:   00000000264ccf18 000000001d9601e8 

Instructions: (pc=0x0000000066da0664)
0x0000000066da0644:   41 5e 41 5d 41 5c 5f c3 48 8b 41 08 48 05 00 04
0x0000000066da0654:   00 00 c3 cc 48 8b 41 08 48 8b 80 18 0c 00 00 c3
0x0000000066da0664:   48 8b 49 08 48 85 c9 74 05 e9 0a a7 fe ff 33 c0
0x0000000066da0674:   c3 cc cc cc 48 83 ec 28 48 8b 49 08 48 85 c9 74 


Register to memory mapping:

RAX=0x000000000000000d is an unknown value
RBX=0x000000001d9601e8 is an unknown value
RCX=0x0000000000000000 is an unknown value
RDX=0xffffffffbb0130fb is an unknown value
RSP=0x00000000264cc798 is pointing into the stack for thread: 0x000000001d960000
RBP=0x000000001d9601e8 is an unknown value
RSI=0x0000000023d4d460 is an unknown value
RDI=0x000000001d763620 is an unknown value
R8 =0x00000000264cc758 is pointing into the stack for thread: 0x000000001d960000
R9 =0x0000000000000005 is an unknown value
R10=0x0000000000000000 is an unknown value
R11=0x0000000000000202 is an unknown value
R12=0xffffffffbb0130fb is an unknown value
R13=0x0000000000000000 is an unknown value
R14=0x00000000264ccf30 is pointing into the stack for thread: 0x000000001d960000
R15=0x000000001d960000 is a thread


Stack: [0x00000000263d0000,0x00000000264d0000],  sp=0x00000000264cc798,  free space=1009k
Native frames: (J=compiled Java code, j=interpreted, Vv=VM code, C=native code)
C  [awt.dll+0xd0664]

Java frames: (J=compiled Java code, j=interpreted, Vv=VM code)
j  sun.java2d.windows.GDIBlitLoops.nativeBlit(Lsun/java2d/SurfaceData;Lsun/java2d/SurfaceData;Lsun/java2d/pipe/Region;IIIIIIIIIZ)V+0
j  sun.java2d.windows.GDIBlitLoops.Blit(Lsun/java2d/SurfaceData;Lsun/java2d/SurfaceData;Ljava/awt/Composite;Lsun/java2d/pipe/Region;IIIIII)V+33
J 1504 C2 sun.java2d.pipe.DrawImage.renderImageCopy(Lsun/java2d/SunGraphics2D;Ljava/awt/Image;Ljava/awt/Color;IIIIII)Z (147 bytes) @ 0x00000000027313c4 [0x0000000002730a20+0x9a4]
J 1506 C2 sun.java2d.pipe.DrawImage.copyImage(Lsun/java2d/SunGraphics2D;Ljava/awt/Image;IILjava/awt/Color;Ljava/awt/image/ImageObserver;)Z (60 bytes) @ 0x00000000025ee8d8 [0x00000000025ee800+0xd8]
J 1684 C2 sun.java2d.SunGraphics2D.drawImage(Ljava/awt/Image;IILjava/awt/image/ImageObserver;)Z (11 bytes) @ 0x000000000267425c [0x0000000002673e80+0x3dc]
J 1387 C2 javax.swing.RepaintManager$PaintManager.paintDoubleBuffered(Ljavax/swing/JComponent;Ljava/awt/Image;Ljava/awt/Graphics;IIII)V (294 bytes) @ 0x000000000274eb6c [0x000000000274e860+0x30c]
J 1390 C2 javax.swing.JComponent._paintImmediately(IIII)V (891 bytes) @ 0x0000000002769cec [0x0000000002769160+0xb8c]
J 1375 C2 javax.swing.RepaintManager$4.run()Ljava/lang/Object; (5 bytes) @ 0x00000000024f3fcc [0x00000000024f3c40+0x38c]
v  ~StubRoutines::call_stub
J 620  java.security.AccessController.doPrivileged(Ljava/security/PrivilegedAction;Ljava/security/AccessControlContext;)Ljava/lang/Object; (0 bytes) @ 0x00000000024ff4e6 [0x00000000024ff480+0x66]
J 1564 C2 javax.swing.RepaintManager.paintDirtyRegions()V (50 bytes) @ 0x000000000269e0f4 [0x000000000269d7a0+0x954]
J 1568 C2 java.awt.EventQueue$3.run()Ljava/lang/Object; (5 bytes) @ 0x0000000002747adc [0x0000000002747640+0x49c]
v  ~StubRoutines::call_stub
J 620  java.security.AccessController.doPrivileged(Ljava/security/PrivilegedAction;Ljava/security/AccessControlContext;)Ljava/lang/Object; (0 bytes) @ 0x00000000024ff4e6 [0x00000000024ff480+0x66]
J 1264 C2 java.awt.EventDispatchThread.pumpOneEventForFilters(I)V (295 bytes) @ 0x000000000270b01c [0x0000000002709f20+0x10fc]
J 1327% C2 java.awt.EventDispatchThread.pumpEventsForFilter(ILjava/awt/Conditional;Ljava/awt/EventFilter;)V (47 bytes) @ 0x00000000026a4448 [0x00000000026a4300+0x148]
j  java.awt.EventDispatchThread.pumpEventsForHierarchy(ILjava/awt/Conditional;Ljava/awt/Component;)V+11
j  java.awt.EventDispatchThread.pumpEvents(ILjava/awt/Conditional;)V+4
j  java.awt.EventDispatchThread.pumpEvents(Ljava/awt/Conditional;)V+3
j  java.awt.EventDispatchThread.run()V+9
v  ~StubRoutines::call_stub

---------------  P R O C E S S  ---------------

Java Threads: ( => current thread )
  0x000000002836d800 JavaThread "TimerQueue" daemon [_thread_blocked, id=7296, stack(0x0000000028c30000,0x0000000028d30000)]
  0x0000000023e07000 JavaThread "Thread-2" [_thread_blocked, id=9568, stack(0x00000000270d0000,0x00000000271d0000)]
  0x0000000023da4800 JavaThread "D3D Screen Updater" daemon [_thread_blocked, id=4180, stack(0x00000000265d0000,0x00000000266d0000)]
=>0x000000001d960000 JavaThread "AWT-EventQueue-0" [_thread_in_native, id=9752, stack(0x00000000263d0000,0x00000000264d0000)]
  0x000000001d946800 JavaThread "AWT-Windows" daemon [_thread_in_native, id=9684, stack(0x000000001f420000,0x000000001f520000)]
  0x000000001d945800 JavaThread "AWT-Shutdown" [_thread_blocked, id=9924, stack(0x000000001f320000,0x000000001f420000)]
  0x000000001d945000 JavaThread "Java2D Disposer" daemon [_thread_blocked, id=8356, stack(0x000000001f220000,0x000000001f320000)]
  0x000000001d660800 JavaThread "Service Thread" daemon [_thread_blocked, id=4612, stack(0x000000001ef30000,0x000000001f030000)]
  0x000000001d5eb800 JavaThread "C1 CompilerThread3" daemon [_thread_blocked, id=2908, stack(0x000000001ee30000,0x000000001ef30000)]
  0x000000001d5e9000 JavaThread "C2 CompilerThread2" daemon [_thread_blocked, id=9676, stack(0x000000001ed30000,0x000000001ee30000)]
  0x000000001d5df800 JavaThread "C2 CompilerThread1" daemon [_thread_blocked, id=8908, stack(0x000000001ec30000,0x000000001ed30000)]
  0x000000001d5dc800 JavaThread "C2 CompilerThread0" daemon [_thread_blocked, id=9440, stack(0x000000001eb30000,0x000000001ec30000)]
  0x000000001d5d6000 JavaThread "Attach Listener" daemon [_thread_blocked, id=9972, stack(0x000000001ea30000,0x000000001eb30000)]
  0x000000001d5d5800 JavaThread "Signal Dispatcher" daemon [_thread_blocked, id=7272, stack(0x000000001e930000,0x000000001ea30000)]
  0x000000001befc000 JavaThread "Finalizer" daemon [_thread_blocked, id=8484, stack(0x000000001e830000,0x000000001e930000)]
  0x000000001befa800 JavaThread "Reference Handler" daemon [_thread_blocked, id=4296, stack(0x000000001e730000,0x000000001e830000)]
  0x0000000002150800 JavaThread "main" [_thread_in_Java, id=1868, stack(0x0000000001fe0000,0x00000000020e0000)]

Other Threads:
  0x000000001bef4800 VMThread [stack: 0x000000001e630000,0x000000001e730000] [id=3444]
  0x000000001d674800 WatcherThread [stack: 0x000000001f030000,0x000000001f130000] [id=3432]

VM state:not at safepoint (normal execution)

VM Mutex/Monitor currently owned by a thread: None

Heap:
 PSYoungGen      total 181760K, used 29177K [0x000000076b300000, 0x00000007c0000000, 0x00000007c0000000)
  eden space 181248K, 15% used [0x000000076b300000,0x000000076cf3e480,0x0000000776400000)
  from space 512K, 50% used [0x00000007bff00000,0x00000007bff40000,0x00000007bff80000)
  to   space 512K, 0% used [0x00000007bff80000,0x00000007bff80000,0x00000007c0000000)
 ParOldGen       total 97280K, used 67751K [0x00000006c1800000, 0x00000006c7700000, 0x000000076b300000)
  object space 97280K, 69% used [0x00000006c1800000,0x00000006c5a29c50,0x00000006c7700000)
 Metaspace       used 9888K, capacity 10078K, committed 10240K, reserved 1058816K
  class space    used 1118K, capacity 1189K, committed 1280K, reserved 1048576K

Card table byte_map: [0x0000000011680000,0x0000000011e80000] byte_map_base: 0x000000000e074000

Marking Bits: (ParMarkBitMap*) 0x000000006766d490
 Begin Bits: [0x0000000012dd0000, 0x0000000016d70000)
 End Bits:   [0x0000000016d70000, 0x000000001ad10000)

Polling page: 0x0000000000840000

CodeCache: size=245760Kb used=5017Kb max_used=5031Kb free=240742Kb
 bounds [0x00000000022c0000, 0x00000000027c0000, 0x00000000112c0000]
 total_blobs=1846 nmethods=1357 adapters=402
 compilation: enabled

Compilation events (10 events):
Event: 364511.203 Thread 0x000000001d5eb800 1722       3       javax.swing.plaf.metal.MetalSliderUI::getThumbSize (72 bytes)
Event: 364511.204 Thread 0x000000001d5eb800 nmethod 1722 0x00000000027ad1d0 code [0x00000000027ad400, 0x00000000027adf78]
Event: 364521.266 Thread 0x000000001d5eb800 1723   !   3       sun.java2d.d3d.D3DVolatileSurfaceManager::initAcceleratedSurface (160 bytes)
Event: 364521.266 Thread 0x000000001d5eb800 nmethod 1723 0x00000000027ac150 code [0x00000000027ac340, 0x00000000027acdc8]
Event: 364521.267 Thread 0x000000001d5eb800 1724       3       sun.java2d.d3d.D3DPaints::isValid (37 bytes)
Event: 364521.267 Thread 0x000000001d5eb800 nmethod 1724 0x00000000027ae7d0 code [0x00000000027ae980, 0x00000000027af078]
Event: 364521.375 Thread 0x000000001d5dc800 1725       4       sun.java2d.loops.GraphicsPrimitiveMgr::locate (104 bytes)
Event: 364521.380 Thread 0x000000001d5eb800 1726       3       javax.swing.plaf.metal.MetalTheme::getWhite (4 bytes)
Event: 364521.380 Thread 0x000000001d5eb800 nmethod 1726 0x00000000027abe10 code [0x00000000027abf60, 0x00000000027ac0d0]
Event: 364521.381 Thread 0x000000001d5dc800 nmethod 1725 0x00000000027b2390 code [0x00000000027b2520, 0x00000000027b28c8]

GC Heap History (10 events):
Event: 405194.852 GC heap before
{Heap before GC invocations=8858166 (full 1553):
 PSYoungGen      total 152576K, used 152224K [0x000000076b300000, 0x00000007c0000000, 0x00000007c0000000)
  eden space 152064K, 100% used [0x000000076b300000,0x0000000774780000,0x0000000774780000)
  from space 512K, 31% used [0x00000007bff80000,0x00000007bffa8000,0x00000007c0000000)
  to   space 512K, 0% used [0x00000007bff00000,0x00000007bff00000,0x00000007bff80000)
 ParOldGen       total 97280K, used 63882K [0x00000006c1800000, 0x00000006c7700000, 0x000000076b300000)
  object space 97280K, 65% used [0x00000006c1800000,0x00000006c56629a0,0x00000006c7700000)
 Metaspace       used 9888K, capacity 10078K, committed 10240K, reserved 1058816K
  class space    used 1118K, capacity 1189K, committed 1280K, reserved 1048576K
Event: 405194.853 GC heap after
Heap after GC invocations=8858166 (full 1553):
 PSYoungGen      total 146944K, used 128K [0x000000076b300000, 0x00000007c0000000, 0x00000007c0000000)
  eden space 146432K, 0% used [0x000000076b300000,0x000000076b300000,0x0000000774200000)
  from space 512K, 25% used [0x00000007bff00000,0x00000007bff20000,0x00000007bff80000)
  to   space 512K, 0% used [0x00000007bff80000,0x00000007bff80000,0x00000007c0000000)
 ParOldGen       total 97280K, used 63898K [0x00000006c1800000, 0x00000006c7700000, 0x000000076b300000)
  object space 97280K, 65% used [0x00000006c1800000,0x00000006c56669a0,0x00000006c7700000)
 Metaspace       used 9888K, capacity 10078K, committed 10240K, reserved 1058816K
  class space    used 1118K, capacity 1189K, committed 1280K, reserved 1048576K
}
Event: 405194.904 GC heap before
{Heap before GC invocations=8858167 (full 1553):
 PSYoungGen      total 146944K, used 146560K [0x000000076b300000, 0x00000007c0000000, 0x00000007c0000000)
  eden space 146432K, 100% used [0x000000076b300000,0x0000000774200000,0x0000000774200000)
  from space 512K, 25% used [0x00000007bff00000,0x00000007bff20000,0x00000007bff80000)
  to   space 512K, 0% used [0x00000007bff80000,0x00000007bff80000,0x00000007c0000000)
 ParOldGen       total 97280K, used 63898K [0x00000006c1800000, 0x00000006c7700000, 0x000000076b300000)
  object space 97280K, 65% used [0x00000006c1800000,0x00000006c56669a0,0x00000006c7700000)
 Metaspace       used 9888K, capacity 10078K, committed 10240K, reserved 1058816K
  class space    used 1118K, capacity 1189K, committed 1280K, reserved 1048576K
Event: 405194.904 GC heap after
Heap after GC invocations=8858167 (full 1553):
 PSYoungGen      total 141312K, used 160K [0x000000076b300000, 0x00000007c0000000, 0x00000007c0000000)
  eden space 140800K, 0% used [0x000000076b300000,0x000000076b300000,0x0000000773c80000)
  from space 512K, 31% used [0x00000007bff80000,0x00000007bffa8000,0x00000007c0000000)
  to   space 512K, 0% used [0x00000007bff00000,0x00000007bff00000,0x00000007bff80000)
 ParOldGen       total 97280K, used 63898K [0x00000006c1800000, 0x00000006c7700000, 0x000000076b300000)
  object space 97280K, 65% used [0x00000006c1800000,0x00000006c56669a0,0x00000006c7700000)
 Metaspace       used 9888K, capacity 10078K, committed 10240K, reserved 1058816K
  class space    used 1118K, capacity 1189K, committed 1280K, reserved 1048576K
}
Event: 405194.966 GC heap before
{Heap before GC invocations=8858168 (full 1553):
 PSYoungGen      total 141312K, used 140960K [0x000000076b300000, 0x00000007c0000000, 0x00000007c0000000)
  eden space 140800K, 100% used [0x000000076b300000,0x0000000773c80000,0x0000000773c80000)
  from space 512K, 31% used [0x00000007bff80000,0x00000007bffa8000,0x00000007c0000000)
  to   space 512K, 0% used [0x00000007bff00000,0x00000007bff00000,0x00000007bff80000)
 ParOldGen       total 97280K, used 63898K [0x00000006c1800000, 0x00000006c7700000, 0x000000076b300000)
  object space 97280K, 65% used [0x00000006c1800000,0x00000006c56669a0,0x00000006c7700000)
 Metaspace       used 9888K, capacity 10078K, committed 10240K, reserved 1058816K
  class space    used 1118K, capacity 1189K, committed 1280K, reserved 1048576K
Event: 405194.967 GC heap after
Heap after GC invocations=8858168 (full 1553):
 PSYoungGen      total 136192K, used 128K [0x000000076b300000, 0x00000007c0000000, 0x00000007c0000000)
  eden space 135680K, 0% used [0x000000076b300000,0x000000076b300000,0x0000000773780000)
  from space 512K, 25% used [0x00000007bff00000,0x00000007bff20000,0x00000007bff80000)
  to   space 512K, 0% used [0x00000007bff80000,0x00000007bff80000,0x00000007c0000000)
 ParOldGen       total 97280K, used 63898K [0x00000006c1800000, 0x00000006c7700000, 0x000000076b300000)
  object space 97280K, 65% used [0x00000006c1800000,0x00000006c56669a0,0x00000006c7700000)
 Metaspace       used 9888K, capacity 10078K, committed 10240K, reserved 1058816K
  class space    used 1118K, capacity 1189K, committed 1280K, reserved 1048576K
}
Event: 405195.045 GC heap before
{Heap before GC invocations=8858169 (full 1553):
 PSYoungGen      total 136192K, used 135808K [0x000000076b300000, 0x00000007c0000000, 0x00000007c0000000)
  eden space 135680K, 100% used [0x000000076b300000,0x0000000773780000,0x0000000773780000)
  from space 512K, 25% used [0x00000007bff00000,0x00000007bff20000,0x00000007bff80000)
  to   space 512K, 0% used [0x00000007bff80000,0x00000007bff80000,0x00000007c0000000)
 ParOldGen       total 97280K, used 63898K [0x00000006c1800000, 0x00000006c7700000, 0x000000076b300000)
  object space 97280K, 65% used [0x00000006c1800000,0x00000006c56669a0,0x00000006c7700000)
 Metaspace       used 9888K, capacity 10078K, committed 10240K, reserved 1058816K
  class space    used 1118K, capacity 1189K, committed 1280K, reserved 1048576K
Event: 405195.046 GC heap after
Heap after GC invocations=8858169 (full 1553):
 PSYoungGen      total 131072K, used 32K [0x000000076b300000, 0x00000007c0000000, 0x00000007c0000000)
  eden space 130560K, 0% used [0x000000076b300000,0x000000076b300000,0x0000000773280000)
  from space 512K, 6% used [0x00000007bff80000,0x00000007bff88000,0x00000007c0000000)
  to   space 512K, 0% used [0x00000007bff00000,0x00000007bff00000,0x00000007bff80000)
 ParOldGen       total 97280K, used 63922K [0x00000006c1800000, 0x00000006c7700000, 0x000000076b300000)
  object space 97280K, 65% used [0x00000006c1800000,0x00000006c566c9a0,0x00000006c7700000)
 Metaspace       used 9888K, capacity 10078K, committed 10240K, reserved 1058816K
  class space    used 1118K, capacity 1189K, committed 1280K, reserved 1048576K
}
Event: 405195.102 GC heap before
{Heap before GC invocations=8858170 (full 1553):
 PSYoungGen      total 131072K, used 130592K [0x000000076b300000, 0x00000007c0000000, 0x00000007c0000000)
  eden space 130560K, 100% used [0x000000076b300000,0x0000000773280000,0x0000000773280000)
  from space 512K, 6% used [0x00000007bff80000,0x00000007bff88000,0x00000007c0000000)
  to   space 512K, 0% used [0x00000007bff00000,0x00000007bff00000,0x00000007bff80000)
 ParOldGen       total 97280K, used 63922K [0x00000006c1800000, 0x00000006c7700000, 0x000000076b300000)
  object space 97280K, 65% used [0x00000006c1800000,0x00000006c566c9a0,0x00000006c7700000)
 Metaspace       used 9888K, capacity 10078K, committed 10240K, reserved 1058816K
  class space    used 1118K, capacity 1189K, committed 1280K, reserved 1048576K
Event: 405195.102 GC heap after
Heap after GC invocations=8858170 (full 1553):
 PSYoungGen      total 157184K, used 96K [0x000000076b300000, 0x00000007c0000000, 0x00000007c0000000)
  eden space 156672K, 0% used [0x000000076b300000,0x000000076b300000,0x0000000774c00000)
  from space 512K, 18% used [0x00000007bff00000,0x00000007bff18000,0x00000007bff80000)
  to   space 512K, 0% used [0x00000007bff80000,0x00000007bff80000,0x00000007c0000000)
 ParOldGen       total 97280K, used 63922K [0x00000006c1800000, 0x00000006c7700000, 0x000000076b300000)
  object space 97280K, 65% used [0x00000006c1800000,0x00000006c566c9a0,0x00000006c7700000)
 Metaspace       used 9888K, capacity 10078K, committed 10240K, reserved 1058816K
  class space    used 1118K, capacity 1189K, committed 1280K, reserved 1048576K
}

Deoptimization events (10 events):
Event: 280213.411 Thread 0x0000000023da4800 Uncommon trap: reason=unreached action=reinterpret pc=0x0000000002437ad0 method=sun.java2d.StateTrackableDelegate.getStateTracker()Lsun/java2d/StateTracker; @ 6
Event: 323125.670 Thread 0x000000001d960000 Uncommon trap: reason=class_check action=maybe_recompile pc=0x00000000026bc7f4 method=sun.java2d.pipe.ValidatePipe.copyImage(Lsun/java2d/SunGraphics2D;Ljava/awt/Image;IILjava/awt/Color;Ljava/awt/image/ImageObserver;)Z @ 21
Event: 323125.671 Thread 0x000000001d960000 Uncommon trap: reason=class_check action=maybe_recompile pc=0x0000000002556f20 method=sun.java2d.pipe.ValidatePipe.fill(Lsun/java2d/SunGraphics2D;Ljava/awt/Shape;)V @ 14
Event: 323125.671 Thread 0x000000001d960000 Uncommon trap: reason=bimorphic action=maybe_recompile pc=0x00000000026bca14 method=sun.java2d.SunGraphics2D.drawImage(Ljava/awt/Image;IILjava/awt/Color;Ljava/awt/image/ImageObserver;)Z @ 66
Event: 323125.675 Thread 0x000000001d960000 Uncommon trap: reason=class_check action=maybe_recompile pc=0x0000000002556f20 method=sun.java2d.pipe.ValidatePipe.fill(Lsun/java2d/SunGraphics2D;Ljava/awt/Shape;)V @ 14
Event: 323125.676 Thread 0x000000001d960000 Uncommon trap: reason=class_check action=maybe_recompile pc=0x00000000026bc7f4 method=sun.java2d.pipe.ValidatePipe.copyImage(Lsun/java2d/SunGraphics2D;Ljava/awt/Image;IILjava/awt/Color;Ljava/awt/image/ImageObserver;)Z @ 21
Event: 323125.685 Thread 0x000000001d960000 Uncommon trap: reason=class_check action=maybe_recompile pc=0x0000000002556f20 method=sun.java2d.pipe.ValidatePipe.fill(Lsun/java2d/SunGraphics2D;Ljava/awt/Shape;)V @ 14
Event: 323125.686 Thread 0x000000001d960000 Uncommon trap: reason=class_check action=maybe_recompile pc=0x00000000026bc7f4 method=sun.java2d.pipe.ValidatePipe.copyImage(Lsun/java2d/SunGraphics2D;Ljava/awt/Image;IILjava/awt/Color;Ljava/awt/image/ImageObserver;)Z @ 21
Event: 323125.696 Thread 0x000000001d960000 Uncommon trap: reason=class_check action=maybe_recompile pc=0x0000000002556f20 method=sun.java2d.pipe.ValidatePipe.fill(Lsun/java2d/SunGraphics2D;Ljava/awt/Shape;)V @ 14
Event: 323125.774 Thread 0x000000001d960000 Uncommon trap: reason=unreached action=reinterpret pc=0x0000000002446ae8 method=sun.java2d.loops.RenderCache.get(Lsun/java2d/loops/SurfaceType;Lsun/java2d/loops/CompositeType;Lsun/java2d/loops/SurfaceType;)Ljava/lang/Object; @ 29

Internal exceptions (10 events):
Event: 0.122 Thread 0x0000000002150800 Exception <a 'java/io/FileNotFoundException'> (0x000000076b7638c8) thrown at [D:\re\workspace\8-2-build-windows-amd64-cygwin\jdk8u25\1677\hotspot\src\share\vm\prims\jni.cpp, line 716]
Event: 0.240 Thread 0x0000000002150800 Exception <a 'java/security/PrivilegedActionException'> (0x000000076baafd18) thrown at [D:\re\workspace\8-2-build-windows-amd64-cygwin\jdk8u25\1677\hotspot\src\share\vm\prims\jvm.cpp, line 1312]
Event: 0.248 Thread 0x0000000002150800 Exception <a 'java/security/PrivilegedActionException'> (0x000000076babb2c8) thrown at [D:\re\workspace\8-2-build-windows-amd64-cygwin\jdk8u25\1677\hotspot\src\share\vm\prims\jvm.cpp, line 1312]
Event: 2.679 Thread 0x000000001d960000 Implicit null exception at 0x00000000024bb14c to 0x00000000024bb1e5
Event: 5.100 Thread 0x000000001d960000 Implicit null exception at 0x000000000250b08e to 0x000000000250b0dd
Event: 5.100 Thread 0x000000001d960000 Implicit null exception at 0x00000000024b93d3 to 0x00000000024b9431
Event: 5312.482 Thread 0x000000001d960000 Implicit null exception at 0x00000000024b56ad to 0x00000000024b6b7d
Event: 69295.907 Thread 0x000000001d960000 Implicit null exception at 0x000000000255d4a6 to 0x000000000255d8ad
Event: 180672.291 Thread 0x000000001d946800 Exception <a 'java/lang/InternalError': Could not update the devices array.> (0x0000000770166950) thrown at [D:\re\workspace\8-2-build-windows-amd64-cygwin\jdk8u25\1677\hotspot\src\share\vm\prims\jni.cpp, line 742]
Event: 323125.774 Thread 0x000000001d960000 Implicit null exception at 0x0000000002446730 to 0x0000000002446ad1

Events (10 events):
Event: 405194.852 Executing VM operation: ParallelGCFailedAllocation
Event: 405194.853 Executing VM operation: ParallelGCFailedAllocation done
Event: 405194.904 Executing VM operation: ParallelGCFailedAllocation
Event: 405194.904 Executing VM operation: ParallelGCFailedAllocation done
Event: 405194.966 Executing VM operation: ParallelGCFailedAllocation
Event: 405194.967 Executing VM operation: ParallelGCFailedAllocation done
Event: 405195.045 Executing VM operation: ParallelGCFailedAllocation
Event: 405195.046 Executing VM operation: ParallelGCFailedAllocation done
Event: 405195.101 Executing VM operation: ParallelGCFailedAllocation
Event: 405195.102 Executing VM operation: ParallelGCFailedAllocation done


Dynamic libraries:
0x00007ff7bc070000 - 0x00007ff7bc0a4000 	C:\ProgramData\Oracle\Java\javapath\java.exe
0x00007fffbca60000 - 0x00007fffbcc0c000 	C:\Windows\SYSTEM32\ntdll.dll
0x00007fffbaa10000 - 0x00007fffbab4e000 	C:\Windows\system32\KERNEL32.DLL
0x00007fffb9c80000 - 0x00007fffb9d95000 	C:\Windows\system32\KERNELBASE.dll
0x00007fffb8670000 - 0x00007fffb86fe000 	C:\Windows\system32\apphelp.dll
0x00007fffacce0000 - 0x00007fffacd33000 	C:\Windows\AppPatch\AppPatch64\AcGenral.DLL
0x00007fffba840000 - 0x00007fffba8ea000 	C:\Windows\system32\msvcrt.dll
0x00007fffb9a50000 - 0x00007fffb9a7e000 	C:\Windows\SYSTEM32\SspiCli.dll
0x00007fffba500000 - 0x00007fffba554000 	C:\Windows\system32\SHLWAPI.dll
0x00007fffbb1c0000 - 0x00007fffbb337000 	C:\Windows\system32\USER32.dll
0x00007fffba630000 - 0x00007fffba7c4000 	C:\Windows\system32\ole32.dll
0x00007fffbb540000 - 0x00007fffbca58000 	C:\Windows\system32\SHELL32.dll
0x00007fffb91d0000 - 0x00007fffb91f1000 	C:\Windows\SYSTEM32\USERENV.dll
0x00007fffba960000 - 0x00007fffbaa0a000 	C:\Windows\system32\ADVAPI32.dll
0x00007fffac280000 - 0x00007fffac29e000 	C:\Windows\SYSTEM32\MPR.dll
0x00007fffbb340000 - 0x00007fffbb481000 	C:\Windows\system32\RPCRT4.dll
0x00007fffba8f0000 - 0x00007fffba949000 	C:\Windows\SYSTEM32\sechost.dll
0x00007fffbab50000 - 0x00007fffbad61000 	C:\Windows\SYSTEM32\combase.dll
0x00007fffbad70000 - 0x00007fffbaec1000 	C:\Windows\system32\GDI32.dll
0x00007fffb9bb0000 - 0x00007fffb9bc5000 	C:\Windows\SYSTEM32\profapi.dll
0x00007fffb8700000 - 0x00007fffb87b2000 	C:\Windows\SYSTEM32\SHCORE.dll
0x00007fffbb490000 - 0x00007fffbb4c6000 	C:\Windows\system32\IMM32.DLL
0x00007fffbafa0000 - 0x00007fffbb0f3000 	C:\Windows\system32\MSCTF.dll
0x00007fffb7510000 - 0x00007fffb778b000 	C:\Windows\WinSxS\amd64_microsoft.windows.common-controls_6595b64144ccf1df_6.0.9600.17415_none_6240486fecbd8abb\COMCTL32.dll
0x00000000676f0000 - 0x00000000677c2000 	C:\Program Files\Java\jre1.8.0_25\bin\msvcr100.dll
0x0000000066e90000 - 0x00000000676ea000 	C:\Program Files\Java\jre1.8.0_25\bin\server\jvm.dll
0x00007fffb7dd0000 - 0x00007fffb7dd9000 	C:\Windows\SYSTEM32\WSOCK32.dll
0x00007fffb73a0000 - 0x00007fffb73c2000 	C:\Windows\SYSTEM32\WINMM.dll
0x00007fffba560000 - 0x00007fffba567000 	C:\Windows\system32\PSAPI.DLL
0x00007fffba0e0000 - 0x00007fffba13a000 	C:\Windows\system32\WS2_32.dll
0x00007fffb7350000 - 0x00007fffb737a000 	C:\Windows\SYSTEM32\WINMMBASE.dll
0x00007fffba4d0000 - 0x00007fffba4d9000 	C:\Windows\system32\NSI.dll
0x00007fffba090000 - 0x00007fffba0df000 	C:\Windows\SYSTEM32\cfgmgr32.dll
0x00007fffb89a0000 - 0x00007fffb89c8000 	C:\Windows\SYSTEM32\DEVOBJ.dll
0x00000000678a0000 - 0x00000000678af000 	C:\Program Files\Java\jre1.8.0_25\bin\verify.dll
0x00000000677f0000 - 0x0000000067818000 	C:\Program Files\Java\jre1.8.0_25\bin\java.dll
0x0000000066e70000 - 0x0000000066e86000 	C:\Program Files\Java\jre1.8.0_25\bin\zip.dll
0x0000000066cd0000 - 0x0000000066e68000 	C:\Program Files\Java\jre1.8.0_25\bin\awt.dll
0x00007fffbaed0000 - 0x00007fffbaf91000 	C:\Windows\system32\OLEAUT32.dll
0x00007fffb8820000 - 0x00007fffb8949000 	C:\Windows\system32\uxtheme.dll
0x00007fffb7f00000 - 0x00007fffb7f21000 	C:\Windows\system32\dwmapi.dll
0x00007fffb8a10000 - 0x00007fffb8a1b000 	C:\Windows\SYSTEM32\kernel.appcore.dll
0x00007fffb9af0000 - 0x00007fffb9afb000 	C:\Windows\SYSTEM32\CRYPTBASE.dll
0x00007fffb9a80000 - 0x00007fffb9ae3000 	C:\Windows\SYSTEM32\bcryptPrimitives.dll
0x00007fffb73d0000 - 0x00007fffb73da000 	C:\Windows\SYSTEM32\VERSION.dll
0x0000000180000000 - 0x0000000180179000 	C:\Windows\system32\nvspcap64.dll
0x00007fffb5820000 - 0x00007fffb598b000 	C:\Program Files (x86)\NVIDIA Corporation\3D Vision\nvSCPAPI64.dll
0x00007fffba140000 - 0x00007fffba31a000 	C:\Windows\system32\SETUPAPI.dll
0x00007fffb5e50000 - 0x00007fffb619c000 	C:\Windows\system32\nvapi64.dll
0x00007fffb9f80000 - 0x00007fffb9fd1000 	C:\Windows\system32\WINTRUST.dll
0x00007fffb9da0000 - 0x00007fffb9f7f000 	C:\Windows\system32\CRYPT32.dll
0x00007fffb9c60000 - 0x00007fffb9c71000 	C:\Windows\system32\MSASN1.dll
0x00007fffb7b30000 - 0x00007fffb7bb7000 	C:\Windows\system32\dxgi.dll
0x0000000066c80000 - 0x0000000066cc7000 	C:\Program Files\Java\jre1.8.0_25\bin\fontmanager.dll
0x0000000066c60000 - 0x0000000066c7a000 	C:\Program Files\Java\jre1.8.0_25\bin\net.dll
0x00007fffb9490000 - 0x00007fffb94e9000 	C:\Windows\system32\mswsock.dll
0x0000000066c40000 - 0x0000000066c51000 	C:\Program Files\Java\jre1.8.0_25\bin\nio.dll
0x0000000066bf0000 - 0x0000000066c31000 	C:\Program Files\Java\jre1.8.0_25\bin\t2k.dll
0x00007fffb04e0000 - 0x00007fffb0701000 	C:\Windows\system32\d3d9.dll
0x00007fff9e350000 - 0x00007fff9f3bc000 	C:\Windows\SYSTEM32\nvd3dumx.dll
0x00007fffb9200000 - 0x00007fffb9246000 	C:\Windows\system32\powrprof.dll
0x00007fffaa540000 - 0x00007fffaa6ca000 	C:\Windows\SYSTEM32\dbghelp.dll

VM Arguments:
java_command: Controller
java_class_path (initial): .
Launcher Type: SUN_STANDARD

Environment Variables:
PATH=C:\Program Files\Broadcom\Broadcom 802.11 Network Adapter;;C:\Program Files (x86)\NVIDIA Corporation\PhysX\Common;C:\ProgramData\Oracle\Java\javapath;C:\Program Files\Java\jdk1.8.0_25\bin;C:\Python33\scripts
USERNAME=Max
OS=Windows_NT
PROCESSOR_IDENTIFIER=Intel64 Family 6 Model 63 Stepping 2, GenuineIntel



---------------  S Y S T E M  ---------------

OS: Windows 8.1 , 64 bit Build 9600 

CPU:total 12 (6 cores per cpu, 2 threads per core) family 6 model 63 stepping 2, cmov, cx8, fxsr, mmx, sse, sse2, sse3, ssse3, sse4.1, sse4.2, popcnt, avx, avx2, aes, clmul, erms, lzcnt, ht, tsc, tscinvbit, bmi1, bmi2

Memory: 4k page, physical 16676688k(6370792k free), swap 18773840k(5962668k free)

vm_info: Java HotSpot(TM) 64-Bit Server VM (25.25-b02) for windows-amd64 JRE (1.8.0_25-b18), built on Oct  7 2014 14:25:37 by "java_re" with MS VC++ 10.0 (VS2010)

time: Fri Mar 13 09:47:47 2015
elapsed time: 405195 seconds (4d 16h 33m 15s)

