#
# A fatal error has been detected by the Java Runtime Environment:
#
#  EXCEPTION_ACCESS_VIOLATION (0xc0000005) at pc=0x000000007322c750, pid=9476, tid=8000
#
# JRE version: 6.0_17-b04
# Java VM: Java HotSpot(TM) 64-Bit Server VM (14.3-b01 mixed mode windows-amd64 )
# Problematic frame:
# C  0x000000007322c750
#
# If you would like to submit a bug report, please visit:
#   http://java.sun.com/webapps/bugreport/crash.jsp
# The crash happened outside the Java Virtual Machine in native code.
# See problematic frame for where to report the bug.
#

---------------  T H R E A D  ---------------

Current thread (0x0000000051dde800):  JavaThread "AWT-EventQueue-0" [_thread_in_native, id=8000, stack(0x000000001d190000,0x000000001d210000)]

siginfo: ExceptionCode=0xc0000005, reading address 0x0000000000000008

Registers:
EAX=0x000000000000000d, EBX=0x0000000051dde9b8, ECX=0x0000000000000000, EDX=0x000000000601111d
ESP=0x000000001d20e568, EBP=0x000000000fd66370, ESI=0x0000000051dde9b8, EDI=0x000000007bfce8d0
EIP=0x000000007322c750, EFLAGS=0x0000000000010206

Top of Stack: (sp=0x000000001d20e568)
0x000000001d20e568:   00000000731d589c 0000000000000000
0x000000001d20e578:   0000000051dde9b8 000000000fd66370
0x000000001d20e588:   0000000051dde9b8 00000000462c1998
0x000000001d20e598:   0000000051dde9b8 000000001d20f060
0x000000001d20e5a8:   00000000731b3810 0000000051dde9b8
0x000000001d20e5b8:   000000001d20ec60 000000001d20ec38
0x000000001d20e5c8:   000000000fd66370 0000001c000000c6
0x000000001d20e5d8:   00000000731d2151 0000062e00000000
0x000000001d20e5e8:   000000001d20ec40 0000000000000000
0x000000001d20e5f8:   000000001d20ec38 000000003c895830
0x000000001d20e608:   0000000031b031f8 0000000000000079
0x000000001d20e618:   0000000031795ac2 000000003d528878
0x000000001d20e628:   0000000046285808 0000000046285660
0x000000001d20e638:   000000003c7dba90 000000003d528878
0x000000001d20e648:   0000000000000007 0000000100000000
0x000000001d20e658:   0000000000000000 000000000000001c 

Instructions: (pc=0x000000007322c750)
0x000000007322c740:   48 8b 41 08 48 8b 80 18 0c 00 00 c3 cc cc cc cc
0x000000007322c750:   48 8b 49 08 48 85 c9 74 05 e9 72 f6 fd ff 33 c0 


Stack: [0x000000001d190000,0x000000001d210000],  sp=0x000000001d20e568,  free space=505k
Native frames: (J=compiled Java code, j=interpreted, Vv=VM code, C=native code)
C  0x000000007322c750

Java frames: (J=compiled Java code, j=interpreted, Vv=VM code)
J  sun.java2d.windows.GDIBlitLoops.nativeBlit(Lsun/java2d/SurfaceData;Lsun/java2d/SurfaceData;Lsun/java2d/pipe/Region;IIIIIIIIIZ)V
J  sun.java2d.windows.GDIBlitLoops.Blit(Lsun/java2d/SurfaceData;Lsun/java2d/SurfaceData;Ljava/awt/Composite;Lsun/java2d/pipe/Region;IIIIII)V
J  sun.java2d.pipe.DrawImage.copyImage(Lsun/java2d/SunGraphics2D;Ljava/awt/Image;IILjava/awt/Color;Ljava/awt/image/ImageObserver;)Z
J  javax.swing.RepaintManager$PaintManager.paintDoubleBuffered(Ljavax/swing/JComponent;Ljava/awt/Image;Ljava/awt/Graphics;IIII)V
j  javax.swing.RepaintManager$PaintManager.paint(Ljavax/swing/JComponent;Ljavax/swing/JComponent;Ljava/awt/Graphics;IIII)Z+116
j  javax.swing.RepaintManager.paint(Ljavax/swing/JComponent;Ljavax/swing/JComponent;Ljava/awt/Graphics;IIII)V+52
J  javax.swing.JComponent.paint(Ljava/awt/Graphics;)V
j  java.awt.GraphicsCallback$PaintCallback.run(Ljava/awt/Component;Ljava/awt/Graphics;)V+2
j  sun.awt.SunGraphicsCallback.runOneComponent(Ljava/awt/Component;Ljava/awt/Rectangle;Ljava/awt/Graphics;Ljava/awt/Shape;I)V+155
j  sun.awt.SunGraphicsCallback.runComponents([Ljava/awt/Component;Ljava/awt/Graphics;I)V+104
j  java.awt.Container.paint(Ljava/awt/Graphics;)V+73
J  javax.swing.RepaintManager.paintDirtyRegions(Ljava/util/Map;)V
j  javax.swing.RepaintManager.paintDirtyRegions()V+46
j  javax.swing.RepaintManager.seqPaintDirtyRegions()V+73
j  javax.swing.SystemEventQueueUtilities$ComponentWorkRequest.run()V+36
J  java.awt.EventDispatchThread.pumpOneEventForFilters(I)Z
J  java.awt.EventDispatchThread.pumpEventsForFilter(ILjava/awt/Conditional;Ljava/awt/EventFilter;)V
j  java.awt.EventDispatchThread.pumpEventsForHierarchy(ILjava/awt/Conditional;Ljava/awt/Component;)V+11
j  java.awt.EventDispatchThread.pumpEvents(ILjava/awt/Conditional;)V+4
j  java.awt.EventDispatchThread.pumpEvents(Ljava/awt/Conditional;)V+3
j  java.awt.EventDispatchThread.run()V+9
v  ~StubRoutines::call_stub

---------------  P R O C E S S  ---------------

Java Threads: ( => current thread )
  0x0000000052164000 JavaThread "Explorer NavigationContext request queue" [_thread_blocked, id=9860, stack(0x00000000090b0000,0x0000000009130000)]
  0x000000005216c000 JavaThread "Code Analyzer updating thread" [_thread_blocked, id=4900, stack(0x0000000009e10000,0x0000000009e90000)]
  0x0000000052168800 JavaThread "Code Analyzer updating thread" [_thread_blocked, id=5776, stack(0x000000000a140000,0x000000000a1c0000)]
  0x0000000050eaf000 JavaThread "Swing-Shell" daemon [_thread_blocked, id=7552, stack(0x000000000a0c0000,0x000000000a140000)]
  0x0000000052163800 JavaThread "Code Analyzer updating thread" [_thread_blocked, id=10116, stack(0x0000000009840000,0x00000000098c0000)]
  0x0000000052161800 JavaThread "Code Analyzer updating thread" [_thread_blocked, id=1380, stack(0x0000000008f40000,0x0000000008fc0000)]
  0x0000000052168000 JavaThread "Prefs Updater" daemon [_thread_blocked, id=9984, stack(0x000000002f780000,0x000000002f800000)]
  0x000000005216d000 JavaThread "MultiThreadedHttpConnectionManager cleanup" daemon [_thread_blocked, id=6524, stack(0x0000000030a90000,0x0000000030b10000)]
  0x0000000052167000 JavaThread "Code Analyzer updating thread" [_thread_blocked, id=10196, stack(0x0000000064a60000,0x0000000064ae0000)]
  0x0000000052165000 JavaThread "Active Reference Queue Daemon" daemon [_thread_blocked, id=6764, stack(0x00000000253b0000,0x0000000025430000)]
  0x0000000052165800 JavaThread "Timer-7" daemon [_thread_blocked, id=7956, stack(0x00000000649b0000,0x0000000064a30000)]
  0x0000000052166800 JavaThread "Timer-6" daemon [_thread_blocked, id=5704, stack(0x0000000064860000,0x00000000648e0000)]
  0x0000000052162800 JavaThread "AddressBar directory emptiness poller" [_thread_blocked, id=9480, stack(0x000000004cc40000,0x000000004ccc0000)]
  0x0000000052162000 JavaThread "Explorer Refresh Service 1460319534" [_thread_blocked, id=8728, stack(0x00000000542c0000,0x0000000054340000)]
  0x0000000052160800 JavaThread "Timer-1" daemon [_thread_blocked, id=888, stack(0x0000000060480000,0x0000000060500000)]
  0x0000000052160000 JavaThread "TimerQueue" daemon [_thread_blocked, id=876, stack(0x0000000029500000,0x0000000029580000)]
  0x000000005215f000 JavaThread "Thread-5" daemon [_thread_blocked, id=2692, stack(0x0000000048b90000,0x0000000048c10000)]
  0x000000005215e800 JavaThread "FelixPackageAdmin" daemon [_thread_blocked, id=10192, stack(0x0000000019050000,0x00000000190d0000)]
  0x00000000522d7800 JavaThread "FelixStartLevel" daemon [_thread_blocked, id=3712, stack(0x00000000295c0000,0x0000000029640000)]
  0x0000000051f57000 JavaThread "FelixDispatchQueue" daemon [_thread_blocked, id=3756, stack(0x0000000025440000,0x00000000254c0000)]
=>0x0000000051dde800 JavaThread "AWT-EventQueue-0" [_thread_in_native, id=8000, stack(0x000000001d190000,0x000000001d210000)]
  0x00000000521bb000 JavaThread "com.google.common.base.internal.Finalizer" daemon [_thread_blocked, id=4548, stack(0x0000000021310000,0x0000000021390000)]
  0x0000000051ea0000 JavaThread "AWT-Windows" daemon [_thread_in_native, id=10020, stack(0x0000000021270000,0x00000000212f0000)]
  0x0000000051e9f000 JavaThread "AWT-Shutdown" [_thread_blocked, id=8984, stack(0x000000000ff50000,0x000000000ffd0000)]
  0x000000000fcef800 JavaThread "Java2D Disposer" daemon [_thread_blocked, id=9788, stack(0x000000000fdf0000,0x000000000fe70000)]
  0x0000000051b80800 JavaThread "Timer-0" [_thread_blocked, id=5792, stack(0x0000000018fc0000,0x0000000019040000)]
  0x0000000051a58800 JavaThread "EventMgr Dispatcher" daemon [_thread_in_native, id=1680, stack(0x000000000a6d0000,0x000000000e6d0000)]
  0x000000000fd4a800 JavaThread "Low Memory Detector" daemon [_thread_blocked, id=160, stack(0x000000000fae0000,0x000000000fb60000)]
  0x000000000fd44000 JavaThread "CompilerThread1" daemon [_thread_blocked, id=9164, stack(0x0000000088360000,0x000000008c360000)]
  0x000000000fd3e000 JavaThread "CompilerThread0" daemon [_thread_blocked, id=2352, stack(0x00000000841f0000,0x00000000881f0000)]
  0x000000000fd3d000 JavaThread "Attach Listener" daemon [_thread_blocked, id=8872, stack(0x000000000fed0000,0x000000000ff50000)]
  0x000000000fcdf000 JavaThread "Finalizer" daemon [_thread_blocked, id=10048, stack(0x000000000ef70000,0x000000000eff0000)]
  0x000000000fcda800 JavaThread "Reference Handler" daemon [_thread_blocked, id=6864, stack(0x000000000fa40000,0x000000000fac0000)]
  0x0000000005cbf000 JavaThread "main" [_thread_in_native, id=8828, stack(0x0000000000140000,0x0000000004140000)]

Other Threads:
  0x000000000fcd5000 VMThread [stack: 0x0000000080000000,0x0000000084000000] [id=7788]
  0x000000000fd70000 WatcherThread [stack: 0x000000008c410000,0x0000000090410000] [id=9084]

VM state:not at safepoint (normal execution)

VM Mutex/Monitor currently owned by a thread: None

Heap
 PSYoungGen      total 34688K, used 8716K [0x0000000045a90000, 0x0000000048750000, 0x0000000048b90000)
  eden space 23040K, 36% used [0x0000000045a90000,0x00000000462db348,0x0000000047110000)
  from space 11648K, 1% used [0x0000000047110000,0x0000000047148000,0x0000000047c70000)
  to   space 11072K, 0% used [0x0000000047c80000,0x0000000047c80000,0x0000000048750000)
 PSOldGen        total 150528K, used 94339K [0x000000003c790000, 0x0000000045a90000, 0x0000000045a90000)
  object space 150528K, 62% used [0x000000003c790000,0x00000000423b0ff0,0x0000000045a90000)
 PSPermGen       total 128256K, used 75120K [0x0000000034790000, 0x000000003c4d0000, 0x000000003c790000)
  object space 128256K, 58% used [0x0000000034790000,0x00000000390ec028,0x000000003c4d0000)

Dynamic libraries:
0x000000013fee0000 - 0x000000013ff0d000 	C:\Program Files\MATLAB\R2012b\bin\win64\MATLAB.exe
0x0000000077790000 - 0x0000000077939000 	C:\Windows\SYSTEM32\ntdll.dll
0x0000000077570000 - 0x000000007768f000 	C:\Windows\system32\kernel32.dll
0x000007fefd920000 - 0x000007fefd98b000 	C:\Windows\system32\KERNELBASE.dll
0x0000000074460000 - 0x000000007451f000 	C:\Program Files\MATLAB\R2012b\bin\win64\libut.dll
0x00000000758a0000 - 0x000000007595c000 	C:\Program Files\MATLAB\R2012b\bin\win64\libmwi18n.dll
0x0000000180000000 - 0x000000018000b000 	C:\Program Files\MATLAB\R2012b\bin\win64\libmwresource_core.dll
0x0000000071560000 - 0x0000000071633000 	C:\Windows\WinSxS\amd64_microsoft.vc90.crt_1fc8b3b9a1e18e3b_9.0.30729.6161_none_08e61857a83bc251\MSVCP90.dll
0x00000000714b0000 - 0x0000000071553000 	C:\Windows\WinSxS\amd64_microsoft.vc90.crt_1fc8b3b9a1e18e3b_9.0.30729.6161_none_08e61857a83bc251\MSVCR90.dll
0x000000007a170000 - 0x000000007a19c000 	C:\Program Files\MATLAB\R2012b\bin\win64\boost_filesystem-vc90-mt-1_44.dll
0x000000007a560000 - 0x000000007a569000 	C:\Program Files\MATLAB\R2012b\bin\win64\boost_system-vc90-mt-1_44.dll
0x000007fefe190000 - 0x000007fefe26b000 	C:\Windows\system32\ADVAPI32.dll
0x000007fefdcc0000 - 0x000007fefdd5f000 	C:\Windows\system32\msvcrt.dll
0x000007feff920000 - 0x000007feff93f000 	C:\Windows\SYSTEM32\sechost.dll
0x000007fefe2a0000 - 0x000007fefe3cd000 	C:\Windows\system32\RPCRT4.dll
0x000000007a010000 - 0x000000007a035000 	C:\Program Files\MATLAB\R2012b\bin\win64\LIBEXPAT.dll
0x00000000722c0000 - 0x00000000724b1000 	C:\Program Files\MATLAB\R2012b\bin\win64\icuin44.dll
0x0000000072140000 - 0x00000000722b1000 	C:\Program Files\MATLAB\R2012b\bin\win64\icuuc44.dll
0x0000000010000000 - 0x0000000010e41000 	C:\Program Files\MATLAB\R2012b\bin\win64\icudt44.dll
0x0000000073f70000 - 0x000000007411d000 	C:\Program Files\MATLAB\R2012b\bin\win64\libmwfl.dll
0x0000000004380000 - 0x0000000004736000 	C:\Program Files\MATLAB\R2012b\bin\win64\libmwMATLAB_res.dll
0x000000007a3b0000 - 0x000000007a3c0000 	C:\Program Files\MATLAB\R2012b\bin\win64\boost_date_time-vc90-mt-1_44.dll
0x000000007a250000 - 0x000000007a263000 	C:\Program Files\MATLAB\R2012b\bin\win64\boost_signals-vc90-mt-1_44.dll
0x000000007a2d0000 - 0x000000007a2e2000 	C:\Program Files\MATLAB\R2012b\bin\win64\boost_thread-vc90-mt-1_44.dll
0x0000000004190000 - 0x000000000424d000 	C:\Program Files\MATLAB\R2012b\bin\win64\boost_log-vc90-mt-1_44.dll
0x0000000077960000 - 0x0000000077967000 	C:\Windows\system32\PSAPI.DLL
0x000007fefde40000 - 0x000007fefde8d000 	C:\Windows\system32\WS2_32.dll
0x000007fefe4a0000 - 0x000007fefe4a8000 	C:\Windows\system32\NSI.dll
0x0000000004740000 - 0x0000000004786000 	C:\Program Files\MATLAB\R2012b\bin\win64\tbb.dll
0x000007fefeb70000 - 0x000007fefeb89000 	C:\Windows\system32\imagehlp.dll
0x0000000072120000 - 0x0000000072133000 	C:\Program Files\MATLAB\R2012b\bin\win64\icuio44.dll
0x000007fef59a0000 - 0x000007fef5ac5000 	C:\Windows\system32\dbghelp.dll
0x0000000077690000 - 0x000000007778a000 	C:\Windows\system32\USER32.dll
0x000007fefe3d0000 - 0x000007fefe437000 	C:\Windows\system32\GDI32.dll
0x000007fefdc30000 - 0x000007fefdc3e000 	C:\Windows\system32\LPK.dll
0x000007fefdf30000 - 0x000007fefdff9000 	C:\Windows\system32\USP10.dll
0x0000000004790000 - 0x0000000004a6c000 	C:\Program Files\MATLAB\R2012b\bin\win64\libmwservices.dll
0x0000000075a20000 - 0x0000000075af3000 	C:\Program Files\MATLAB\R2012b\bin\win64\libmx.dll
0x0000000004a90000 - 0x0000000004ab9000 	C:\Program Files\MATLAB\R2012b\bin\win64\tbbmalloc.dll
0x000000007a210000 - 0x000000007a228000 	C:\Program Files\MATLAB\R2012b\bin\win64\zlib1.dll
0x0000000004ae0000 - 0x0000000004b2d000 	C:\Program Files\MATLAB\R2012b\bin\win64\libmwregexp.dll
0x0000000004b40000 - 0x0000000004b63000 	C:\Program Files\MATLAB\R2012b\bin\win64\libmwmfl_scalar.dll
0x0000000075f10000 - 0x0000000075f60000 	C:\Program Files\MATLAB\R2012b\bin\win64\mpath.dll
0x000000007b680000 - 0x000000007bc9a000 	C:\Program Files\MATLAB\R2012b\bin\win64\mlutil.dll
0x00000000754d0000 - 0x0000000075551000 	C:\Program Files\MATLAB\R2012b\bin\win64\xmlcore.dll
0x0000000004bb0000 - 0x0000000004e03000 	C:\Program Files\MATLAB\R2012b\bin\win64\xerces-c_2_7.dll
0x0000000004e20000 - 0x0000000004e40000 	C:\Program Files\MATLAB\R2012b\bin\win64\libmwMATLAB_settings_res.dll
0x0000000004e50000 - 0x0000000004e60000 	C:\Program Files\MATLAB\R2012b\bin\win64\boost_iostreams-vc90-mt-1_44.dll
0x0000000004e70000 - 0x0000000004eb7000 	C:\Program Files\MATLAB\R2012b\bin\win64\boost_serialization-vc90-mt-1_44.dll
0x000007fefeb90000 - 0x000007feff918000 	C:\Windows\system32\SHELL32.dll
0x000007fefe110000 - 0x000007fefe181000 	C:\Windows\system32\SHLWAPI.dll
0x000007fefa830000 - 0x000007fefa8d0000 	C:\Windows\WinSxS\amd64_microsoft.windows.common-controls_6595b64144ccf1df_5.82.7601.17514_none_a4d6a923711520a9\COMCTL32.dll
0x000007fefe8c0000 - 0x000007fefe957000 	C:\Windows\system32\COMDLG32.dll
0x000007fefc9b0000 - 0x000007fefc9c6000 	C:\Windows\system32\NETAPI32.dll
0x000007fefcba0000 - 0x000007fefcbac000 	C:\Windows\system32\netutils.dll
0x000007fefd080000 - 0x000007fefd0a3000 	C:\Windows\system32\srvcli.dll
0x000007fefc990000 - 0x000007fefc9a5000 	C:\Windows\system32\wkscli.dll
0x000007fefe960000 - 0x000007fefeb63000 	C:\Windows\system32\ole32.dll
0x000007fefdd60000 - 0x000007fefde37000 	C:\Windows\system32\OLEAUT32.dll
0x0000000074970000 - 0x0000000074a31000 	C:\Program Files\MATLAB\R2012b\bin\win64\mcr.dll
0x0000000075000000 - 0x00000000753e9000 	C:\Program Files\MATLAB\R2012b\bin\win64\iqm.dll
0x0000000074e80000 - 0x0000000074f38000 	C:\Program Files\MATLAB\R2012b\bin\win64\m_dispatcher.dll
0x0000000074880000 - 0x000000007496d000 	C:\Program Files\MATLAB\R2012b\bin\win64\boost_regex-vc90-mt-1_44.dll
0x000007feedb60000 - 0x000007feee3d1000 	C:\Program Files\MATLAB\R2012b\bin\win64\m_interpreter.dll
0x00000000720f0000 - 0x0000000072117000 	C:\Program Files\MATLAB\R2012b\bin\win64\libmex.dll
0x0000000072060000 - 0x00000000720e4000 	C:\Program Files\MATLAB\R2012b\bin\win64\profiler.dll
0x0000000004f40000 - 0x00000000051aa000 	C:\Program Files\MATLAB\R2012b\bin\win64\libmwmathutil.dll
0x0000000079f40000 - 0x0000000079f6e000 	C:\Program Files\MATLAB\R2012b\bin\win64\libmwmathrng.dll
0x00000000051d0000 - 0x00000000051e2000 	C:\Program Files\MATLAB\R2012b\bin\win64\libmwmfl_rng.dll
0x0000000074c10000 - 0x0000000074cee000 	C:\Program Files\MATLAB\R2012b\bin\win64\libmwmathcore.dll
0x0000000076160000 - 0x00000000761ca000 	C:\Program Files\MATLAB\R2012b\bin\win64\libmwspmatrix.dll
0x0000000075ea0000 - 0x0000000075f02000 	C:\Program Files\MATLAB\R2012b\bin\win64\libmwcholmod.dll
0x000000007a460000 - 0x000000007a46d000 	C:\Program Files\MATLAB\R2012b\bin\win64\libmwamd.dll
0x000000007a4b0000 - 0x000000007a4bc000 	C:\Program Files\MATLAB\R2012b\bin\win64\libmwcolamd.dll
0x000000007a290000 - 0x000000007a2a9000 	C:\Program Files\MATLAB\R2012b\bin\win64\libmwblas.dll
0x000000007a310000 - 0x000000007a321000 	C:\Program Files\MATLAB\R2012b\bin\win64\libmwbinder.dll
0x000000007a4d0000 - 0x000000007a4dc000 	C:\Program Files\MATLAB\R2012b\bin\win64\libmwompwrapper.dll
0x0000000005280000 - 0x0000000005305000 	C:\Program Files\MATLAB\R2012b\bin\win64\libmwlapack.dll
0x0000000072030000 - 0x0000000072051000 	C:\Program Files\MATLAB\R2012b\bin\win64\m_pcodeio.dll
0x0000000079b10000 - 0x0000000079b77000 	C:\Program Files\MATLAB\R2012b\bin\win64\m_ir.dll
0x0000000065720000 - 0x0000000065d90000 	C:\Program Files\MATLAB\R2012b\bin\win64\m_parser.dll
0x0000000072010000 - 0x000000007202a000 	C:\Program Files\MATLAB\R2012b\bin\win64\ir_xfmr.dll
0x000007feebe70000 - 0x000007feec106000 	C:\Program Files\MATLAB\R2012b\bin\win64\mcos.dll
0x0000000071ff0000 - 0x0000000072001000 	C:\Program Files\MATLAB\R2012b\bin\win64\mtok.dll
0x0000000071fb0000 - 0x0000000071fe1000 	C:\Program Files\MATLAB\R2012b\bin\win64\m_pcodegen.dll
0x0000000079fb0000 - 0x0000000079fe6000 	C:\Program Files\MATLAB\R2012b\bin\win64\libmwbridge.dll
0x0000000071ee0000 - 0x0000000071fa8000 	C:\Program Files\MATLAB\R2012b\bin\win64\udd.dll
0x0000000071d80000 - 0x0000000071ed2000 	C:\Program Files\MATLAB\R2012b\bin\win64\libmwgui.dll
0x0000000071d60000 - 0x0000000071d77000 	C:\Program Files\MATLAB\R2012b\bin\win64\graphics_util.dll
0x0000000053840000 - 0x000000005429f000 	C:\Program Files\MATLAB\R2012b\bin\win64\hg.dll
0x00000000053e0000 - 0x0000000005448000 	C:\Program Files\MATLAB\R2012b\bin\win64\libmat.dll
0x0000000072d30000 - 0x0000000072f44000 	C:\Program Files\MATLAB\R2012b\bin\win64\hdf5dll.dll
0x0000000075710000 - 0x00000000757de000 	C:\Program Files\MATLAB\R2012b\bin\win64\jmi.dll
0x0000000005480000 - 0x000000000548d000 	C:\Program Files\MATLAB\R2012b\bin\win64\nativejava_services.dll
0x0000000071d10000 - 0x0000000071d56000 	C:\Program Files\MATLAB\R2012b\bin\win64\libmwhardcopy.dll
0x0000000071ca0000 - 0x0000000071d03000 	C:\Program Files\MATLAB\R2012b\bin\win64\libuij.dll
0x00000000654b0000 - 0x0000000065714000 	C:\Program Files\MATLAB\R2012b\bin\win64\hgdatatypes.dll
0x000000006faa0000 - 0x000000006fbbf000 	C:\Program Files\MATLAB\R2012b\bin\win64\hgutils.dll
0x000000006f9e0000 - 0x000000006faa0000 	C:\Program Files\MATLAB\R2012b\bin\win64\udd_mi.dll
0x00000000054f0000 - 0x000000000552b000 	C:\Program Files\MATLAB\R2012b\bin\win64\libmwgbtutils.dll
0x0000000005540000 - 0x000000000555b000 	C:\Program Files\MATLAB\R2012b\bin\win64\libmwgbt.dll
0x0000000005570000 - 0x0000000005841000 	C:\Program Files\MATLAB\R2012b\bin\win64\uiw.dll
0x0000000071c90000 - 0x0000000071c9f000 	C:\Program Files\MATLAB\R2012b\bin\win64\uinone.dll
0x0000000005870000 - 0x0000000005899000 	C:\Program Files\MATLAB\R2012b\bin\win64\libmwnativefiledialogs.dll
0x00000000058b0000 - 0x00000000058b8000 	C:\Program Files\MATLAB\R2012b\bin\win64\libmwplatform_res.dll
0x000007fef6a20000 - 0x000007fef6a38000 	C:\Windows\system32\MPR.dll
0x0000000064fc0000 - 0x00000000654a4000 	C:\Windows\WinSxS\amd64_microsoft.vc90.mfc_1fc8b3b9a1e18e3b_9.0.30729.6161_none_044aad0bab1eb146\mfc90.dll
0x000007fefa820000 - 0x000007fefa827000 	C:\Windows\system32\MSIMG32.dll
0x000007fef9560000 - 0x000007fef95d1000 	C:\Windows\system32\WINSPOOL.DRV
0x0000000071c60000 - 0x0000000071c82000 	C:\Program Files\MATLAB\R2012b\bin\win64\mwoles05.DLL
0x000000006a8e0000 - 0x000000006a95d000 	C:\Program Files\MATLAB\R2012b\bin\win64\comcli.dll
0x0000000070f50000 - 0x0000000070f7f000 	C:\Windows\WinSxS\amd64_microsoft.vc90.atl_1fc8b3b9a1e18e3b_9.0.30729.6161_none_0a1fd3a3a768b895\ATL90.DLL
0x0000000071c50000 - 0x0000000071c5c000 	C:\Program Files\MATLAB\R2012b\bin\win64\mlautoregister.dll
0x000007fefe270000 - 0x000007fefe29e000 	C:\Windows\system32\IMM32.DLL
0x000007fefe000000 - 0x000007fefe109000 	C:\Windows\system32\MSCTF.dll
0x000007fefd530000 - 0x000007fefd570000 	C:\Windows\system32\nvinitx.dll
0x000000000f000000 - 0x000000000f006000 	C:\Program Files\NVIDIA Corporation\CoProcManager\_etoured.dll
0x000007fef7880000 - 0x000007fef78d6000 	C:\Program Files\NVIDIA Corporation\CoProcManager\nvd3d9wrapx.dll
0x000007fefe6e0000 - 0x000007fefe8b7000 	C:\Windows\system32\SETUPAPI.dll
0x000007fefd6c0000 - 0x000007fefd6f6000 	C:\Windows\system32\CFGMGR32.dll
0x000007fefd680000 - 0x000007fefd69a000 	C:\Windows\system32\DEVOBJ.dll
0x000007fef74e0000 - 0x000007fef751d000 	C:\Program Files\NVIDIA Corporation\CoProcManager\nvdxgiwrapx.dll
0x000007fefa790000 - 0x000007fefa7e6000 	C:\Windows\system32\UxTheme.dll
0x000007fefa770000 - 0x000007fefa788000 	C:\Windows\system32\dwmapi.dll
0x0000000071c40000 - 0x0000000071c4d000 	C:\Windows\WinSxS\amd64_microsoft.vc90.mfcloc_1fc8b3b9a1e18e3b_9.0.30729.6161_none_01c9581e60cbee58\MFC90ENU.DLL
0x000007fefd570000 - 0x000007fefd57f000 	C:\Windows\system32\profapi.dll
0x0000000005c10000 - 0x0000000005c1f000 	C:\Program Files\MATLAB\R2012b\bin\win64\xmlxrcsc.dll
0x000007fefd460000 - 0x000007fefd46f000 	C:\Windows\system32\CRYPTBASE.dll

VM Arguments:
jvm_args: -Xss512k -XX:PermSize=32m -Xms64m -XX:NewRatio=3 -XX:MaxPermSize=128m -Xmx196m -XX:MaxDirectMemorySize=2147400000 -Dsun.java2d.noddraw=true -Dsun.awt.nopixfmt=true -Xshare:off -Xrs -Dsun.awt.disableMixing=true -Djava.library.path=C:\Program Files\MATLAB\R2012b\bin\win64;C:\Program Files\MATLAB\R2012b\sys\jxbrowser\win64\lib vfprintf abort 
java_command: <unknown>
Launcher Type: generic

Environment Variables:
PATH=C:\Windows\system32;C:\Windows;C:\Windows\System32\Wbem;C:\Windows\System32\WindowsPowerShell\v1.0\;C:\Program Files\Intel\WiFi\bin\;C:\Program Files\Common Files\Intel\WirelessCommon\;C:\Program Files\MATLAB\R2012b\runtime\win64;C:\Program Files\MATLAB\R2012b\bin;C:\Program Files (x86)\Git\cmd;C:\Program Files\OpenVPN\bin;C:\Program Files (x86)\..\php;C:\Program Files\Intel\WiFi\bin\;C:\Program Files\Common Files\Intel\WirelessCommon\
USERNAME=Max
OS=Windows_NT
PROCESSOR_IDENTIFIER=Intel64 Family 6 Model 42 Stepping 7, GenuineIntel



---------------  S Y S T E M  ---------------

OS: Windows 7 Build 7601 Service Pack 1

CPU:total 8 (8 cores per cpu, 2 threads per core) family 6 model 42 stepping 7, cmov, cx8, fxsr, mmx, sse, sse2, sse3, ssse3, sse4.1, sse4.2, ht

Memory: 4k page, physical 16657648k(11293908k free), swap 33313436k(27855556k free)

vm_info: Java HotSpot(TM) 64-Bit Server VM (14.3-b01) for windows-amd64 JRE (1.6.0_17-b04), built on Oct 11 2009 00:46:08 by "java_re" with MS VC++ 8.0

time: Wed Sep 11 08:11:54 2013
elapsed time: 22455 seconds

